13:02:16.440 [main                     ] DEBUG Logger               - Configured Logger
13:02:16.460 [main                     ] DEBUG GameApplication      - Logging settings
Title: Test
Version: 1.0
Width: 1200
Height: 800
Fullscreen: false
Intro: false
Profiling: false
Single step:false
App Mode: DEVELOPER
Menu Key: ESCAPE
Stage Style: DECORATED
Scene Factory: class com.almasb.fxgl.app.scene.SceneFactory

13:02:16.763 [JavaFX Application Thread] DEBUG FXGLApplication      - Initializing FXGL
13:02:16.767 [JavaFX Application Thread] INFO  Engine               - FXGL-17.1 (24.03.2022 17.34) on WINDOWS (J:17.0.1 FX:18)
13:02:16.768 [JavaFX Application Thread] DEBUG Engine               - JRE Vendor Name: Oracle Corporation
13:02:16.768 [JavaFX Application Thread] DEBUG Engine               - Running on OS: Windows 10 version 10.0
13:02:16.768 [JavaFX Application Thread] DEBUG Engine               - Architecture: amd64
13:02:16.768 [JavaFX Application Thread] INFO  Engine               - Source code and latest versions at: https://github.com/AlmasB/FXGL
13:02:16.768 [JavaFX Application Thread] INFO  Engine               -       Ask questions and discuss at: https://github.com/AlmasB/FXGL/discussions
13:02:16.768 [JavaFX Application Thread] INFO  Engine               -              Join the FXGL chat at: https://gitter.im/AlmasB/FXGL
13:02:16.854 [JavaFX Application Thread] DEBUG PrimaryStageWindow   - Creating a JavaFX scene
13:02:16.891 [JavaFX Application Thread] DEBUG PrimaryStageWindow   - Target settings size: 1200.0 x 800.0
13:02:16.891 [JavaFX Application Thread] DEBUG PrimaryStageWindow   - Scaled scene size:    1200.0 x 800.0
13:02:16.891 [JavaFX Application Thread] DEBUG PrimaryStageWindow   - Scaled ratio: (1.0, 1.0)
13:02:16.892 [JavaFX Application Thread] DEBUG PrimaryStageWindow   - Set initial scene to FXGLStartupScene
13:02:16.898 [JavaFX Application Thread] DEBUG PrimaryStageWindow   - Opening main window
13:02:16.966 [JavaFX Application Thread] DEBUG PrimaryStageWindow   - Window border size: (14.4000244140625, 37.5999755859375)
13:02:16.967 [JavaFX Application Thread] DEBUG PrimaryStageWindow   - Scaled size: 1200.0 x 800.0
13:02:16.967 [JavaFX Application Thread] DEBUG PrimaryStageWindow   - Scaled ratio: (1.0, 1.0)
13:02:16.967 [JavaFX Application Thread] DEBUG PrimaryStageWindow   - Scene size: 1200.0 x 800.0
13:02:16.967 [JavaFX Application Thread] DEBUG PrimaryStageWindow   - Stage size: 1214.4000244140625 x 837.5999755859375
13:02:16.973 [FXGL Background Thread 1 ] DEBUG Engine               - Initializing environment variables
13:02:16.997 [FXGL Background Thread 1 ] DEBUG FXGLAssetLoaderServi - User app class for loading assets: class Game
13:02:16.998 [FXGL Background Thread 1 ] DEBUG GameApplicationServi - Applying CSS: fxgl_dark.css
13:02:16.999 [FXGL Background Thread 1 ] DEBUG FXGLAssetLoaderServi - Loading from file system: jar:file:/C:/Users/jcnva/.m2/repository/com/github/almasb/fxgl/17.1/fxgl-17.1.jar!/fxglassets/ui/css/fxgl_dark.css
13:02:17.028 [FXGL Background Thread 1 ] DEBUG GameApplicationServi - Initializing application scenes
13:02:17.058 [FXGL Background Thread 1 ] DEBUG GameWorld            - Game world initialized
13:02:17.099 [FXGL Background Thread 1 ] DEBUG PhysicsWorld         - Physics world initialized: appHeight=800, physics.ppm=50,0
13:02:17.099 [FXGL Background Thread 1 ] DEBUG PhysicsWorld         - Using strategy: BRUTE_FORCE
13:02:17.103 [FXGL Background Thread 1 ] DEBUG GameScene            - Game scene initialized: 1200x800
13:02:17.113 [FXGL Background Thread 1 ] DEBUG FXGL.DefaultMenu     - createMenuBodyGameMenu()
13:02:17.128 [FXGL Background Thread 1 ] DEBUG FXGL.DefaultMenu     - createOptionsMenu()
13:02:17.136 [FXGL Background Thread 1 ] DEBUG FXGLAssetLoaderServi - Loading from file system: jar:file:/C:/Users/jcnva/.m2/repository/com/github/almasb/fxgl/17.1/fxgl-17.1.jar!/fxglassets/textures/particles/smoke.png
13:02:17.209 [FXGL Background Thread 1 ] DEBUG FXGLAssetLoaderServi - Loading from file system: jar:file:/C:/Users/jcnva/.m2/repository/com/github/almasb/fxgl/17.1/fxgl-17.1.jar!/fxglassets/textures/particles/trace_horizontal.png
13:02:17.231 [FXGL Background Thread 1 ] DEBUG GameApplicationServi - Application scenes initialized
13:02:17.241 [FXGL Background Thread 1 ] DEBUG SystemBundleService  - Loading FXGL system data
13:02:17.244 [FXGL Background Thread 1 ] DEBUG FileSystemAccess     - Reading from: C:\Users\jcnva\IdeaProjects\MarioGameMavenProject\system\fxgl.bundle
13:02:17.249 [FXGL Background Thread 1 ] DEBUG SystemBundleService  - Bundle FXGL: {}
13:02:17.249 [FXGL Background Thread 1 ] DEBUG UpdaterService       - Checking for updates
13:02:17.252 [FXGL Background Thread 4 ] DEBUG FXGLApplication      - Loading fonts
13:02:17.253 [FXGL Background Thread 4 ] DEBUG FXGLAssetLoaderServi - Loading from file system: jar:file:/C:/Users/jcnva/.m2/repository/com/github/almasb/fxgl/17.1/fxgl-17.1.jar!/fxglassets/ui/fonts/VarelaRound-Regular.ttf
13:02:17.253 [FXGL Background Thread 1 ] DEBUG FXGLApplication      - Loading default localization
13:02:17.254 [FXGL Background Thread 1 ] DEBUG FXGLAssetLoaderServi - Loading from file system: jar:file:/C:/Users/jcnva/.m2/repository/com/github/almasb/fxgl/17.1/fxgl-17.1.jar!/fxglassets/languages/english.lang
13:02:17.271 [FXGL Background Thread 1 ] INFO  FXGLApplication      - FXGL initialization took: 0,298 sec
13:02:17.278 [JavaFX Application Thread] DEBUG Input                - Registered new binding: action0 - W
13:02:17.278 [JavaFX Application Thread] DEBUG Input                - Registered new binding: action1 - A
13:02:17.279 [JavaFX Application Thread] DEBUG Input                - Registered new binding: action2 - S
13:02:17.279 [JavaFX Application Thread] DEBUG Input                - Registered new binding: action3 - D
13:02:17.280 [JavaFX Application Thread] DEBUG FXGLAssetLoaderServi - Loading from file system: jar:file:/C:/Users/jcnva/.m2/repository/com/github/almasb/fxgl/17.1/fxgl-17.1.jar!/fxglassets/textures/fxgl_icon.png
13:02:17.294 [FXGL Background Thread 4 ] DEBUG FXGLAssetLoaderServi - Loading from file system: jar:file:/C:/Users/jcnva/.m2/repository/com/github/almasb/fxgl/17.1/fxgl-17.1.jar!/fxglassets/ui/fonts/Abel-Regular.ttf
13:02:17.298 [FXGL Background Thread 4 ] DEBUG FXGLAssetLoaderServi - Loading from file system: jar:file:/C:/Users/jcnva/.m2/repository/com/github/almasb/fxgl/17.1/fxgl-17.1.jar!/fxglassets/ui/fonts/TerminalLandMono-Regular.otf
13:02:17.298 [JavaFX Application Thread] DEBUG FXGLAssetLoaderServi - Loading from file system: jar:file:/C:/Users/jcnva/.m2/repository/com/github/almasb/fxgl/17.1/fxgl-17.1.jar!/fxglassets/textures/fxgl_default_cursor.png
13:02:17.302 [JavaFX Application Thread] DEBUG Input                - Registered new binding: Screenshot - CTRL+8
13:02:17.302 [JavaFX Application Thread] DEBUG Input                - Registered new binding: System info dump - CTRL+9
13:02:17.303 [JavaFX Application Thread] DEBUG Input                - Registered new binding: Restart - CTRL+R
13:02:17.304 [JavaFX Application Thread] DEBUG Input                - Registered new binding: Toggle Debug Camera - CTRL+7
13:02:17.306 [JavaFX Application Thread] DEBUG LoopRunner           - Starting loop
13:02:17.306 [JavaFX Application Thread] DEBUG LoopRunner           - Initializing JavaFX AnimationTimerLoop
13:02:17.308 [JavaFX Application Thread] DEBUG GameApplicationServi - Starting new game
13:02:17.309 [JavaFX Application Thread] DEBUG Input                - Clearing active input actions
13:02:17.321 [JavaFX Application Thread] DEBUG GameApplicationServi - Removing overlay from FXGLStartupScene and adding to FXGLLoadingScene
13:02:17.322 [JavaFX Application Thread] DEBUG PrimaryStageWindow   - FXGLStartupScene -> FXGLLoadingScene
13:02:17.322 [JavaFX Application Thread] DEBUG GameApplicationServi - Clearing previous game
13:02:17.322 [JavaFX Application Thread] DEBUG GameScene            - Clearing game scene
13:02:17.322 [JavaFX Application Thread] DEBUG GameWorld            - Clearing game world
13:02:17.322 [JavaFX Application Thread] DEBUG PhysicsWorld         - Clearing physics world
13:02:17.325 [JavaFX Application Thread] DEBUG FXGLApplication      - Registering font factories with UI factory
13:02:17.325 [FXGL Background Thread 4 ] DEBUG FXGLApplication      - Initializing game
13:02:17.332 [FXGL Background Thread 4 ] DEBUG FXGLAssetLoaderServi - Loading from file system: file:/C:/Users/jcnva/IdeaProjects/MarioGameMavenProject/target/classes/assets/textures/goomba.png
13:02:17.390 [FXGL Background Thread 4 ] INFO  FXGLApplication      - Game initialization took: 0,065 sec
13:02:17.391 [JavaFX Application Thread] DEBUG Input                - Clearing active input actions
13:02:17.396 [JavaFX Application Thread] DEBUG GameApplicationServi - Removing overlay from FXGLLoadingScene and adding to GameScene
13:02:17.397 [JavaFX Application Thread] DEBUG PrimaryStageWindow   - FXGLLoadingScene -> GameScene
13:02:20.253 [FXGL Background Thread 3 ] DEBUG Engine               - Logging environment variables
13:02:20.253 [FXGL Background Thread 3 ] DEBUG Engine               - achievements: []
13:02:20.253 [FXGL Background Thread 3 ] DEBUG Engine               - actualHeight: 800.0
13:02:20.253 [FXGL Background Thread 3 ] DEBUG Engine               - actualHeightProperty: ReadOnlyDoubleProperty [value: 800.0]
13:02:20.254 [FXGL Background Thread 3 ] DEBUG Engine               - actualWidth: 1200.0
13:02:20.254 [FXGL Background Thread 3 ] DEBUG Engine               - actualWidthProperty: ReadOnlyDoubleProperty [value: 1200.0]
13:02:20.254 [FXGL Background Thread 3 ] DEBUG Engine               - appIcon: fxgl_icon.png
13:02:20.254 [FXGL Background Thread 3 ] DEBUG Engine               - applicationMode: DEVELOPER
13:02:20.254 [FXGL Background Thread 3 ] DEBUG Engine               - cSSList: [fxgl_dark.css]
13:02:20.254 [FXGL Background Thread 3 ] DEBUG Engine               - collisionDetectionStrategy: BRUTE_FORCE
13:02:20.254 [FXGL Background Thread 3 ] DEBUG Engine               - configClass: Optional.empty
13:02:20.254 [FXGL Background Thread 3 ] DEBUG Engine               - credits: []
13:02:20.255 [FXGL Background Thread 3 ] DEBUG Engine               - defaultCursor: CursorInfo(imageName=fxgl_default_cursor.png, hotspotX=7.0, hotspotY=6.0)
13:02:20.255 [FXGL Background Thread 3 ] DEBUG Engine               - devBBoxColorProperty: ObjectProperty [value: 0xff0000ff]
13:02:20.255 [FXGL Background Thread 3 ] DEBUG Engine               - devEnableDebugCameraProperty: BooleanProperty [value: false]
13:02:20.255 [FXGL Background Thread 3 ] DEBUG Engine               - devSensorColorProperty: ObjectProperty [value: 0xffff00ff]
13:02:20.255 [FXGL Background Thread 3 ] DEBUG Engine               - devShowBBoxProperty: BooleanProperty [value: false]
13:02:20.255 [FXGL Background Thread 3 ] DEBUG Engine               - devShowPositionProperty: BooleanProperty [value: false]
13:02:20.255 [FXGL Background Thread 3 ] DEBUG Engine               - enabledMenuItems: []
13:02:20.256 [FXGL Background Thread 3 ] DEBUG Engine               - engineServices: [class com.almasb.fxgl.app.services.FXGLAssetLoaderService, class com.almasb.fxgl.app.FXGLApplication$GameApplicationService, class com.almasb.fxgl.app.services.FXGLDialogService, class com.almasb.fxgl.app.services.IOTaskExecutorService, class com.almasb.fxgl.io.FileSystemService, class com.almasb.fxgl.localization.LocalizationService, class com.almasb.fxgl.app.services.SystemBundleService, class com.almasb.fxgl.profile.SaveLoadService, class com.almasb.fxgl.ui.FXGLUIFactoryServiceProvider, class com.almasb.fxgl.ui.FXGLDialogFactoryServiceProvider, class com.almasb.fxgl.audio.AudioPlayer, class com.almasb.fxgl.notification.impl.NotificationServiceProvider, class com.almasb.fxgl.achievement.AchievementService, class com.almasb.fxgl.cutscene.CutsceneService, class com.almasb.fxgl.minigames.MiniGameService, class com.almasb.fxgl.net.NetService, class com.almasb.fxgl.app.services.UpdaterService, class com.almasb.fxgl.dev.DevService]
13:02:20.256 [FXGL Background Thread 3 ] DEBUG Engine               - fontGame: Abel-Regular.ttf
13:02:20.256 [FXGL Background Thread 3 ] DEBUG Engine               - fontMono: TerminalLandMono-Regular.otf
13:02:20.256 [FXGL Background Thread 3 ] DEBUG Engine               - fontText: Courier-Prime.ttf
13:02:20.256 [FXGL Background Thread 3 ] DEBUG Engine               - fontUI: VarelaRound-Regular.ttf
13:02:20.256 [FXGL Background Thread 3 ] DEBUG Engine               - fullScreen: BooleanProperty [value: false]
13:02:20.256 [FXGL Background Thread 3 ] DEBUG Engine               - gameDifficulty: MEDIUM
13:02:20.256 [FXGL Background Thread 3 ] DEBUG Engine               - gameDifficultyProperty: ObjectProperty [value: MEDIUM]
13:02:20.256 [FXGL Background Thread 3 ] DEBUG Engine               - globalMusicVolume: 0.5
13:02:20.256 [FXGL Background Thread 3 ] DEBUG Engine               - globalMusicVolumeProperty: DoubleProperty [value: 0.5]
13:02:20.256 [FXGL Background Thread 3 ] DEBUG Engine               - globalSoundVolume: 0.5
13:02:20.256 [FXGL Background Thread 3 ] DEBUG Engine               - globalSoundVolumeProperty: DoubleProperty [value: 0.5]
13:02:20.257 [FXGL Background Thread 3 ] DEBUG Engine               - height: 800
13:02:20.257 [FXGL Background Thread 3 ] DEBUG Engine               - is3D: false
13:02:20.257 [FXGL Background Thread 3 ] DEBUG Engine               - isAndroid: false
13:02:20.257 [FXGL Background Thread 3 ] DEBUG Engine               - isBrowser: false
13:02:20.257 [FXGL Background Thread 3 ] DEBUG Engine               - isClickFeedbackEnabled: false
13:02:20.257 [FXGL Background Thread 3 ] DEBUG Engine               - isCloseConfirmation: false
13:02:20.257 [FXGL Background Thread 3 ] DEBUG Engine               - isDesktop: true
13:02:20.257 [FXGL Background Thread 3 ] DEBUG Engine               - isDeveloperMenuEnabled: false
13:02:20.257 [FXGL Background Thread 3 ] DEBUG Engine               - isEmbedded: false
13:02:20.257 [FXGL Background Thread 3 ] DEBUG Engine               - isEntityPreloadEnabled: true
13:02:20.257 [FXGL Background Thread 3 ] DEBUG Engine               - isExperimentalTiledLargeMap: false
13:02:20.257 [FXGL Background Thread 3 ] DEBUG Engine               - isFileSystemWriteAllowed: true
13:02:20.257 [FXGL Background Thread 3 ] DEBUG Engine               - isFullScreenAllowed: false
13:02:20.257 [FXGL Background Thread 3 ] DEBUG Engine               - isFullScreenFromStart: false
13:02:20.257 [FXGL Background Thread 3 ] DEBUG Engine               - isGameMenuEnabled: true
13:02:20.258 [FXGL Background Thread 3 ] DEBUG Engine               - isIOS: false
13:02:20.258 [FXGL Background Thread 3 ] DEBUG Engine               - isIntroEnabled: false
13:02:20.258 [FXGL Background Thread 3 ] DEBUG Engine               - isLinux: false
13:02:20.258 [FXGL Background Thread 3 ] DEBUG Engine               - isMac: false
13:02:20.258 [FXGL Background Thread 3 ] DEBUG Engine               - isMainMenuEnabled: false
13:02:20.258 [FXGL Background Thread 3 ] DEBUG Engine               - isManualResizeEnabled: false
13:02:20.258 [FXGL Background Thread 3 ] DEBUG Engine               - isMobile: false
13:02:20.258 [FXGL Background Thread 3 ] DEBUG Engine               - isNative: false
13:02:20.258 [FXGL Background Thread 3 ] DEBUG Engine               - isPauseMusicWhenMinimized: true
13:02:20.258 [FXGL Background Thread 3 ] DEBUG Engine               - isPreserveResizeRatio: false
13:02:20.258 [FXGL Background Thread 3 ] DEBUG Engine               - isProfilingEnabled: false
13:02:20.258 [FXGL Background Thread 3 ] DEBUG Engine               - isScaleAffectedOnResize: true
13:02:20.258 [FXGL Background Thread 3 ] DEBUG Engine               - isSingleStep: false
13:02:20.258 [FXGL Background Thread 3 ] DEBUG Engine               - isUserProfileEnabled: false
13:02:20.259 [FXGL Background Thread 3 ] DEBUG Engine               - isWindows: true
13:02:20.259 [FXGL Background Thread 3 ] DEBUG Engine               - language: ObjectProperty [value: ENGLISH]
13:02:20.259 [FXGL Background Thread 3 ] DEBUG Engine               - menuKey: ESCAPE
13:02:20.259 [FXGL Background Thread 3 ] DEBUG Engine               - mouseSensitivity: 0.2
13:02:20.259 [FXGL Background Thread 3 ] DEBUG Engine               - notificationViewClass: class com.almasb.fxgl.notification.view.XboxNotificationView
13:02:20.259 [FXGL Background Thread 3 ] DEBUG Engine               - pixelsPerMeter: 50.0
13:02:20.259 [FXGL Background Thread 3 ] DEBUG Engine               - platform: WINDOWS
13:02:20.259 [FXGL Background Thread 3 ] DEBUG Engine               - prefHeightProperty: ReadOnlyDoubleProperty [value: 800.0]
13:02:20.259 [FXGL Background Thread 3 ] DEBUG Engine               - prefWidthProperty: ReadOnlyDoubleProperty [value: 1200.0]
13:02:20.259 [FXGL Background Thread 3 ] DEBUG Engine               - profileDir: profiles/
13:02:20.259 [FXGL Background Thread 3 ] DEBUG Engine               - profileName: StringProperty [value: DEFAULT]
13:02:20.259 [FXGL Background Thread 3 ] DEBUG Engine               - randomSeed: -1
13:02:20.260 [FXGL Background Thread 3 ] DEBUG Engine               - runtimeInfo: RuntimeInfo(platform=WINDOWS, version=17.1, build=24.03.2022 17.34)
13:02:20.260 [FXGL Background Thread 3 ] DEBUG Engine               - saveFileExt: sav
13:02:20.260 [FXGL Background Thread 3 ] DEBUG Engine               - scaledHeightProp$fxgl: DoubleProperty [bound, value: 800.0]
13:02:20.260 [FXGL Background Thread 3 ] DEBUG Engine               - scaledWidthProp$fxgl: DoubleProperty [bound, value: 1200.0]
13:02:20.260 [FXGL Background Thread 3 ] DEBUG Engine               - sceneFactory: com.almasb.fxgl.app.scene.SceneFactory@bd68f11
13:02:20.260 [FXGL Background Thread 3 ] DEBUG Engine               - secondsIn24h: 60
13:02:20.260 [FXGL Background Thread 3 ] DEBUG Engine               - soundMenuBack: menu/back.wav
13:02:20.260 [FXGL Background Thread 3 ] DEBUG Engine               - soundMenuPress: menu/press.wav
13:02:20.260 [FXGL Background Thread 3 ] DEBUG Engine               - soundMenuSelect: menu/select.wav
13:02:20.260 [FXGL Background Thread 3 ] DEBUG Engine               - soundNotification: core/notification.wav
13:02:20.260 [FXGL Background Thread 3 ] DEBUG Engine               - stageStyle: DECORATED
13:02:20.260 [FXGL Background Thread 3 ] DEBUG Engine               - supportedLanguages: [ENGLISH, FRENCH, GERMAN, HUNGARIAN, RUSSIAN]
13:02:20.260 [FXGL Background Thread 3 ] DEBUG Engine               - ticksPerSecond: -1
13:02:20.261 [FXGL Background Thread 3 ] DEBUG Engine               - title: Test
13:02:20.261 [FXGL Background Thread 3 ] DEBUG Engine               - urlGithub: https://github.com/AlmasB/FXGL
13:02:20.261 [FXGL Background Thread 3 ] DEBUG Engine               - urlLeaderboard: http://fxgl-top.herokuapp.com/
13:02:20.261 [FXGL Background Thread 3 ] DEBUG Engine               - urlPOM: https://raw.githubusercontent.com/AlmasB/FXGL/release/README.md
13:02:20.261 [FXGL Background Thread 3 ] DEBUG Engine               - userAppClass: class Game
13:02:20.261 [FXGL Background Thread 3 ] DEBUG Engine               - version: 1.0
13:02:20.261 [FXGL Background Thread 3 ] DEBUG Engine               - versionCheckDays: 7
13:02:20.261 [FXGL Background Thread 3 ] DEBUG Engine               - width: 1200
13:02:20.261 [FXGL Background Thread 3 ] DEBUG Engine               - Logging services
13:02:20.261 [FXGL Background Thread 3 ] DEBUG Engine               - class com.almasb.fxgl.app.services.FXGLAssetLoaderService
13:02:20.261 [FXGL Background Thread 3 ] DEBUG Engine               - class com.almasb.fxgl.app.FXGLApplication$GameApplicationService
13:02:20.261 [FXGL Background Thread 3 ] DEBUG Engine               - class com.almasb.fxgl.app.services.FXGLDialogService
13:02:20.261 [FXGL Background Thread 3 ] DEBUG Engine               - class com.almasb.fxgl.app.services.IOTaskExecutorService
13:02:20.261 [FXGL Background Thread 3 ] DEBUG Engine               - class com.almasb.fxgl.io.FileSystemService
13:02:20.261 [FXGL Background Thread 3 ] DEBUG Engine               - class com.almasb.fxgl.localization.LocalizationService
13:02:20.261 [FXGL Background Thread 3 ] DEBUG Engine               - class com.almasb.fxgl.app.services.SystemBundleService
13:02:20.261 [FXGL Background Thread 3 ] DEBUG Engine               - class com.almasb.fxgl.profile.SaveLoadService
13:02:20.261 [FXGL Background Thread 3 ] DEBUG Engine               - class com.almasb.fxgl.ui.FXGLUIFactoryServiceProvider
13:02:20.262 [FXGL Background Thread 3 ] DEBUG Engine               - class com.almasb.fxgl.ui.FXGLDialogFactoryServiceProvider
13:02:20.262 [FXGL Background Thread 3 ] DEBUG Engine               - class com.almasb.fxgl.audio.AudioPlayer
13:02:20.262 [FXGL Background Thread 3 ] DEBUG Engine               - class com.almasb.fxgl.notification.impl.NotificationServiceProvider
13:02:20.262 [FXGL Background Thread 3 ] DEBUG Engine               - class com.almasb.fxgl.achievement.AchievementService
13:02:20.262 [FXGL Background Thread 3 ] DEBUG Engine               - class com.almasb.fxgl.cutscene.CutsceneService
13:02:20.262 [FXGL Background Thread 3 ] DEBUG Engine               - class com.almasb.fxgl.minigames.MiniGameService
13:02:20.262 [FXGL Background Thread 3 ] DEBUG Engine               - class com.almasb.fxgl.net.NetService
13:02:20.262 [FXGL Background Thread 3 ] DEBUG Engine               - class com.almasb.fxgl.app.services.UpdaterService
13:02:20.262 [FXGL Background Thread 3 ] DEBUG Engine               - class com.almasb.fxgl.dev.DevService
13:02:21.529 [JavaFX Application Thread] DEBUG FXGLApplication      - Exiting FXGL
13:02:21.529 [JavaFX Application Thread] DEBUG LoopRunner           - Stopping loop
13:02:21.529 [JavaFX Application Thread] DEBUG SystemBundleService  - Saving FXGL system data
13:02:21.531 [JavaFX Application Thread] DEBUG FileSystemAccess     - Writing to: C:\Users\jcnva\IdeaProjects\MarioGameMavenProject\system\fxgl.bundle
13:02:21.533 [JavaFX Application Thread] DEBUG Async                - Shutting down background threads
13:02:21.533 [JavaFX Application Thread] DEBUG PrimaryStageWindow   - Closing main window
13:02:21.545 [JavaFX Application Thread] DEBUG Logger               - Closing Logger
