15:28:38.276 [main                     ] DEBUG Logger               - Configured Logger
15:28:38.322 [main                     ] DEBUG GameApplication      - Logging settings
Title: Test
Version: 1.0
Width: 1300
Height: 900
Fullscreen: false
Intro: false
Profiling: false
Single step:false
App Mode: DEVELOPER
Menu Key: ESCAPE
Stage Style: DECORATED
Scene Factory: class com.almasb.fxgl.app.scene.SceneFactory

15:28:38.742 [JavaFX Application Thread] DEBUG FXGLApplication      - Initializing FXGL
15:28:38.761 [JavaFX Application Thread] INFO  Engine               - FXGL-17.1 (24.03.2022 17.34) on WINDOWS (J:17.0.2 FX:18)
15:28:38.761 [JavaFX Application Thread] DEBUG Engine               - JRE Vendor Name: Oracle Corporation
15:28:38.762 [JavaFX Application Thread] DEBUG Engine               - Running on OS: Windows 11 version 10.0
15:28:38.762 [JavaFX Application Thread] DEBUG Engine               - Architecture: amd64
15:28:38.762 [JavaFX Application Thread] INFO  Engine               - Source code and latest versions at: https://github.com/AlmasB/FXGL
15:28:38.763 [JavaFX Application Thread] INFO  Engine               -       Ask questions and discuss at: https://github.com/AlmasB/FXGL/discussions
15:28:38.763 [JavaFX Application Thread] INFO  Engine               -              Join the FXGL chat at: https://gitter.im/AlmasB/FXGL
15:28:38.908 [JavaFX Application Thread] DEBUG PrimaryStageWindow   - Creating a JavaFX scene
15:28:38.908 [JavaFX Application Thread] DEBUG PrimaryStageWindow   - Target size > screen size
15:28:38.962 [JavaFX Application Thread] DEBUG PrimaryStageWindow   - Target settings size: 1300.0 x 900.0
15:28:38.962 [JavaFX Application Thread] DEBUG PrimaryStageWindow   - Scaled scene size:    1153.0 x 815.0
15:28:38.963 [JavaFX Application Thread] DEBUG PrimaryStageWindow   - Scaled ratio: (0.8869230769230769, 0.9055555555555556)
15:28:38.964 [JavaFX Application Thread] DEBUG PrimaryStageWindow   - Set initial scene to FXGLStartupScene
15:28:38.975 [JavaFX Application Thread] DEBUG PrimaryStageWindow   - Opening main window
15:28:39.092 [JavaFX Application Thread] DEBUG PrimaryStageWindow   - Window border size: (13.0, 35.4000244140625)
15:28:39.092 [JavaFX Application Thread] DEBUG PrimaryStageWindow   - Scaled size: 1153.0 x 815.0
15:28:39.093 [JavaFX Application Thread] DEBUG PrimaryStageWindow   - Scaled ratio: (0.8869230769230769, 0.9055555555555556)
15:28:39.093 [JavaFX Application Thread] DEBUG PrimaryStageWindow   - Scene size: 1153.0 x 815.0
15:28:39.094 [JavaFX Application Thread] DEBUG PrimaryStageWindow   - Stage size: 1166.0 x 850.4000244140625
15:28:39.109 [FXGL Background Thread 1 ] DEBUG Engine               - Initializing environment variables
15:28:39.194 [FXGL Background Thread 1 ] DEBUG FXGLAssetLoaderServi - User app class for loading assets: class Game
15:28:39.195 [FXGL Background Thread 1 ] DEBUG GameApplicationServi - Applying CSS: fxgl_dark.css
15:28:39.198 [FXGL Background Thread 1 ] DEBUG FXGLAssetLoaderServi - Loading from file system: jar:file:/C:/Users/mhtsm/.m2/repository/com/github/almasb/fxgl/17.1/fxgl-17.1.jar!/fxglassets/ui/css/fxgl_dark.css
15:28:39.286 [FXGL Background Thread 1 ] DEBUG GameApplicationServi - Initializing application scenes
15:28:39.348 [FXGL Background Thread 1 ] DEBUG GameWorld            - Game world initialized
15:28:39.432 [FXGL Background Thread 1 ] DEBUG PhysicsWorld         - Physics world initialized: appHeight=900, physics.ppm=50.0
15:28:39.432 [FXGL Background Thread 1 ] DEBUG PhysicsWorld         - Using strategy: BRUTE_FORCE
15:28:39.439 [FXGL Background Thread 1 ] DEBUG GameScene            - Game scene initialized: 1300x900
15:28:39.455 [FXGL Background Thread 1 ] DEBUG FXGL.DefaultMenu     - createMenuBodyGameMenu()
15:28:39.479 [FXGL Background Thread 1 ] DEBUG FXGL.DefaultMenu     - createOptionsMenu()
15:28:39.494 [FXGL Background Thread 1 ] DEBUG FXGLAssetLoaderServi - Loading from file system: jar:file:/C:/Users/mhtsm/.m2/repository/com/github/almasb/fxgl/17.1/fxgl-17.1.jar!/fxglassets/textures/particles/smoke.png
15:28:39.608 [FXGL Background Thread 1 ] DEBUG FXGLAssetLoaderServi - Loading from file system: jar:file:/C:/Users/mhtsm/.m2/repository/com/github/almasb/fxgl/17.1/fxgl-17.1.jar!/fxglassets/textures/particles/trace_horizontal.png
15:28:39.648 [FXGL Background Thread 1 ] DEBUG GameApplicationServi - Application scenes initialized
15:28:39.661 [FXGL Background Thread 1 ] DEBUG SystemBundleService  - Loading FXGL system data
15:28:39.667 [FXGL Background Thread 1 ] DEBUG FileSystemAccess     - Reading from: C:\Users\mhtsm\OneDrive\Documents\GitHub\SE_challangeweek\MarioGameMavenProject\system\fxgl.bundle
15:28:39.673 [FXGL Background Thread 1 ] DEBUG SystemBundleService  - Bundle FXGL: {}
15:28:39.674 [FXGL Background Thread 1 ] DEBUG UpdaterService       - Checking for updates
15:28:39.678 [FXGL Background Thread 4 ] DEBUG FXGLApplication      - Loading fonts
15:28:39.678 [FXGL Background Thread 4 ] DEBUG FXGLAssetLoaderServi - Loading from file system: jar:file:/C:/Users/mhtsm/.m2/repository/com/github/almasb/fxgl/17.1/fxgl-17.1.jar!/fxglassets/ui/fonts/VarelaRound-Regular.ttf
15:28:39.678 [FXGL Background Thread 1 ] DEBUG FXGLApplication      - Loading default localization
15:28:39.679 [FXGL Background Thread 1 ] DEBUG FXGLAssetLoaderServi - Loading from file system: jar:file:/C:/Users/mhtsm/.m2/repository/com/github/almasb/fxgl/17.1/fxgl-17.1.jar!/fxglassets/languages/english.lang
15:28:39.722 [FXGL Background Thread 1 ] INFO  FXGLApplication      - FXGL initialization took: 0.612 sec
15:28:39.743 [JavaFX Application Thread] DEBUG Input                - Registered new binding: action0 - W
15:28:39.744 [JavaFX Application Thread] DEBUG Input                - Registered new binding: action1 - A
15:28:39.745 [JavaFX Application Thread] DEBUG Input                - Registered new binding: action2 - S
15:28:39.745 [JavaFX Application Thread] DEBUG Input                - Registered new binding: action3 - D
15:28:39.746 [JavaFX Application Thread] DEBUG FXGLAssetLoaderServi - Loading from file system: jar:file:/C:/Users/mhtsm/.m2/repository/com/github/almasb/fxgl/17.1/fxgl-17.1.jar!/fxglassets/textures/fxgl_icon.png
15:28:39.761 [FXGL Background Thread 4 ] DEBUG FXGLAssetLoaderServi - Loading from file system: jar:file:/C:/Users/mhtsm/.m2/repository/com/github/almasb/fxgl/17.1/fxgl-17.1.jar!/fxglassets/ui/fonts/Abel-Regular.ttf
15:28:39.771 [FXGL Background Thread 4 ] DEBUG FXGLAssetLoaderServi - Loading from file system: jar:file:/C:/Users/mhtsm/.m2/repository/com/github/almasb/fxgl/17.1/fxgl-17.1.jar!/fxglassets/ui/fonts/TerminalLandMono-Regular.otf
15:28:39.777 [JavaFX Application Thread] DEBUG FXGLAssetLoaderServi - Loading from file system: jar:file:/C:/Users/mhtsm/.m2/repository/com/github/almasb/fxgl/17.1/fxgl-17.1.jar!/fxglassets/textures/fxgl_default_cursor.png
15:28:39.782 [JavaFX Application Thread] DEBUG Input                - Registered new binding: Screenshot - CTRL+8
15:28:39.783 [JavaFX Application Thread] DEBUG Input                - Registered new binding: System info dump - CTRL+9
15:28:39.784 [FXGL Background Thread 4 ] DEBUG FXGLAssetLoaderServi - Loading from file system: jar:file:/C:/Users/mhtsm/.m2/repository/com/github/almasb/fxgl/17.1/fxgl-17.1.jar!/fxglassets/ui/fonts/Courier-Prime.ttf
15:28:39.784 [JavaFX Application Thread] DEBUG Input                - Registered new binding: Restart - CTRL+R
15:28:39.785 [JavaFX Application Thread] DEBUG Input                - Registered new binding: Toggle Debug Camera - CTRL+7
15:28:39.789 [JavaFX Application Thread] DEBUG LoopRunner           - Starting loop
15:28:39.789 [JavaFX Application Thread] DEBUG LoopRunner           - Initializing JavaFX AnimationTimerLoop
15:28:39.791 [JavaFX Application Thread] DEBUG GameApplicationServi - Starting new game
15:28:39.792 [JavaFX Application Thread] DEBUG Input                - Clearing active input actions
15:28:39.810 [JavaFX Application Thread] DEBUG GameApplicationServi - Removing overlay from FXGLStartupScene and adding to FXGLLoadingScene
15:28:39.811 [JavaFX Application Thread] DEBUG PrimaryStageWindow   - FXGLStartupScene -> FXGLLoadingScene
15:28:39.811 [JavaFX Application Thread] DEBUG GameApplicationServi - Clearing previous game
15:28:39.812 [JavaFX Application Thread] DEBUG GameScene            - Clearing game scene
15:28:39.812 [JavaFX Application Thread] DEBUG GameWorld            - Clearing game world
15:28:39.812 [JavaFX Application Thread] DEBUG PhysicsWorld         - Clearing physics world
15:28:39.815 [FXGL Background Thread 4 ] DEBUG FXGLApplication      - Initializing game
15:28:39.823 [FXGL Background Thread 4 ] WARN  FXGLAssetLoaderServi - Asset "/assets/textures/assets/textures/mario_recht_static.png" was not found!
15:28:39.824 [FXGL Background Thread 4 ] WARN  FXGLAssetLoaderServi - Failed to load IMAGE
15:28:39.889 [JavaFX Application Thread] DEBUG FXGLApplication      - Registering font factories with UI factory
15:28:40.048 [FXGL Background Thread 4 ] INFO  FXGLApplication      - Game initialization took: 0.233 sec
15:28:40.098 [JavaFX Application Thread] DEBUG Input                - Clearing active input actions
15:28:40.112 [JavaFX Application Thread] DEBUG GameApplicationServi - Removing overlay from FXGLLoadingScene and adding to GameScene
15:28:40.112 [JavaFX Application Thread] DEBUG PrimaryStageWindow   - FXGLLoadingScene -> GameScene
15:28:42.305 [JavaFX Application Thread] DEBUG FXGLApplication      - Exiting FXGL
15:28:42.305 [JavaFX Application Thread] DEBUG LoopRunner           - Stopping loop
15:28:42.305 [JavaFX Application Thread] DEBUG SystemBundleService  - Saving FXGL system data
15:28:42.307 [JavaFX Application Thread] DEBUG FileSystemAccess     - Writing to: C:\Users\mhtsm\OneDrive\Documents\GitHub\SE_challangeweek\MarioGameMavenProject\system\fxgl.bundle
15:28:42.308 [JavaFX Application Thread] DEBUG Async                - Shutting down background threads
15:28:42.308 [JavaFX Application Thread] DEBUG PrimaryStageWindow   - Closing main window
15:28:42.323 [JavaFX Application Thread] DEBUG Logger               - Closing Logger
