13:02:57.969 [main                     ] DEBUG Logger               - Configured Logger
13:02:57.989 [main                     ] DEBUG GameApplication      - Logging settings
Title: Test
Version: 1.0
Width: 800
Height: 800
Fullscreen: false
Intro: false
Profiling: false
Single step:false
App Mode: DEVELOPER
Menu Key: ESCAPE
Stage Style: DECORATED
Scene Factory: class com.almasb.fxgl.app.scene.SceneFactory

13:02:58.304 [JavaFX Application Thread] DEBUG FXGLApplication      - Initializing FXGL
13:02:58.308 [JavaFX Application Thread] INFO  Engine               - FXGL-17.1 (24.03.2022 17.34) on WINDOWS (J:17.0.1 FX:18)
13:02:58.309 [JavaFX Application Thread] DEBUG Engine               - JRE Vendor Name: Oracle Corporation
13:02:58.309 [JavaFX Application Thread] DEBUG Engine               - Running on OS: Windows 10 version 10.0
13:02:58.309 [JavaFX Application Thread] DEBUG Engine               - Architecture: amd64
13:02:58.309 [JavaFX Application Thread] INFO  Engine               - Source code and latest versions at: https://github.com/AlmasB/FXGL
13:02:58.309 [JavaFX Application Thread] INFO  Engine               -       Ask questions and discuss at: https://github.com/AlmasB/FXGL/discussions
13:02:58.309 [JavaFX Application Thread] INFO  Engine               -              Join the FXGL chat at: https://gitter.im/AlmasB/FXGL
13:02:58.396 [JavaFX Application Thread] DEBUG PrimaryStageWindow   - Creating a JavaFX scene
13:02:58.432 [JavaFX Application Thread] DEBUG PrimaryStageWindow   - Target settings size: 800.0 x 800.0
13:02:58.432 [JavaFX Application Thread] DEBUG PrimaryStageWindow   - Scaled scene size:    800.0 x 800.0
13:02:58.432 [JavaFX Application Thread] DEBUG PrimaryStageWindow   - Scaled ratio: (1.0, 1.0)
13:02:58.433 [JavaFX Application Thread] DEBUG PrimaryStageWindow   - Set initial scene to FXGLStartupScene
13:02:58.439 [JavaFX Application Thread] DEBUG PrimaryStageWindow   - Opening main window
13:02:58.507 [JavaFX Application Thread] DEBUG PrimaryStageWindow   - Window border size: (14.4000244140625, 37.5999755859375)
13:02:58.507 [JavaFX Application Thread] DEBUG PrimaryStageWindow   - Scaled size: 800.0 x 800.0
13:02:58.507 [JavaFX Application Thread] DEBUG PrimaryStageWindow   - Scaled ratio: (1.0, 1.0)
13:02:58.507 [JavaFX Application Thread] DEBUG PrimaryStageWindow   - Scene size: 800.0 x 800.0
13:02:58.508 [JavaFX Application Thread] DEBUG PrimaryStageWindow   - Stage size: 814.4000244140625 x 837.5999755859375
13:02:58.513 [FXGL Background Thread 1 ] DEBUG Engine               - Initializing environment variables
13:02:58.538 [FXGL Background Thread 1 ] DEBUG FXGLAssetLoaderServi - User app class for loading assets: class Game
13:02:58.538 [FXGL Background Thread 1 ] DEBUG GameApplicationServi - Applying CSS: fxgl_dark.css
13:02:58.539 [FXGL Background Thread 1 ] DEBUG FXGLAssetLoaderServi - Loading from file system: jar:file:/C:/Users/jcnva/.m2/repository/com/github/almasb/fxgl/17.1/fxgl-17.1.jar!/fxglassets/ui/css/fxgl_dark.css
13:02:58.570 [FXGL Background Thread 1 ] DEBUG GameApplicationServi - Initializing application scenes
13:02:58.597 [FXGL Background Thread 1 ] DEBUG GameWorld            - Game world initialized
13:02:58.636 [FXGL Background Thread 1 ] DEBUG PhysicsWorld         - Physics world initialized: appHeight=800, physics.ppm=50,0
13:02:58.636 [FXGL Background Thread 1 ] DEBUG PhysicsWorld         - Using strategy: BRUTE_FORCE
13:02:58.640 [FXGL Background Thread 1 ] DEBUG GameScene            - Game scene initialized: 800x800
13:02:58.651 [FXGL Background Thread 1 ] DEBUG FXGL.DefaultMenu     - createMenuBodyGameMenu()
13:02:58.665 [FXGL Background Thread 1 ] DEBUG FXGL.DefaultMenu     - createOptionsMenu()
13:02:58.674 [FXGL Background Thread 1 ] DEBUG FXGLAssetLoaderServi - Loading from file system: jar:file:/C:/Users/jcnva/.m2/repository/com/github/almasb/fxgl/17.1/fxgl-17.1.jar!/fxglassets/textures/particles/smoke.png
13:02:58.750 [FXGL Background Thread 1 ] DEBUG FXGLAssetLoaderServi - Loading from file system: jar:file:/C:/Users/jcnva/.m2/repository/com/github/almasb/fxgl/17.1/fxgl-17.1.jar!/fxglassets/textures/particles/trace_horizontal.png
13:02:58.775 [FXGL Background Thread 1 ] DEBUG GameApplicationServi - Application scenes initialized
13:02:58.784 [FXGL Background Thread 1 ] DEBUG SystemBundleService  - Loading FXGL system data
13:02:58.787 [FXGL Background Thread 1 ] DEBUG FileSystemAccess     - Reading from: C:\Users\jcnva\IdeaProjects\MarioGameMavenProject\system\fxgl.bundle
13:02:58.792 [FXGL Background Thread 1 ] DEBUG SystemBundleService  - Bundle FXGL: {}
13:02:58.792 [FXGL Background Thread 1 ] DEBUG UpdaterService       - Checking for updates
13:02:58.796 [FXGL Background Thread 4 ] DEBUG FXGLApplication      - Loading fonts
13:02:58.796 [FXGL Background Thread 1 ] DEBUG FXGLApplication      - Loading default localization
13:02:58.796 [FXGL Background Thread 4 ] DEBUG FXGLAssetLoaderServi - Loading from file system: jar:file:/C:/Users/jcnva/.m2/repository/com/github/almasb/fxgl/17.1/fxgl-17.1.jar!/fxglassets/ui/fonts/VarelaRound-Regular.ttf
13:02:58.797 [FXGL Background Thread 1 ] DEBUG FXGLAssetLoaderServi - Loading from file system: jar:file:/C:/Users/jcnva/.m2/repository/com/github/almasb/fxgl/17.1/fxgl-17.1.jar!/fxglassets/languages/english.lang
13:02:58.819 [FXGL Background Thread 1 ] INFO  FXGLApplication      - FXGL initialization took: 0,306 sec
13:02:58.826 [JavaFX Application Thread] DEBUG Input                - Registered new binding: action0 - W
13:02:58.827 [JavaFX Application Thread] DEBUG Input                - Registered new binding: action1 - A
13:02:58.827 [JavaFX Application Thread] DEBUG Input                - Registered new binding: action2 - S
13:02:58.828 [JavaFX Application Thread] DEBUG Input                - Registered new binding: action3 - D
13:02:58.828 [JavaFX Application Thread] DEBUG FXGLAssetLoaderServi - Loading from file system: jar:file:/C:/Users/jcnva/.m2/repository/com/github/almasb/fxgl/17.1/fxgl-17.1.jar!/fxglassets/textures/fxgl_icon.png
13:02:58.840 [FXGL Background Thread 4 ] DEBUG FXGLAssetLoaderServi - Loading from file system: jar:file:/C:/Users/jcnva/.m2/repository/com/github/almasb/fxgl/17.1/fxgl-17.1.jar!/fxglassets/ui/fonts/Abel-Regular.ttf
13:02:58.844 [FXGL Background Thread 4 ] DEBUG FXGLAssetLoaderServi - Loading from file system: jar:file:/C:/Users/jcnva/.m2/repository/com/github/almasb/fxgl/17.1/fxgl-17.1.jar!/fxglassets/ui/fonts/TerminalLandMono-Regular.otf
13:02:58.847 [FXGL Background Thread 4 ] DEBUG FXGLAssetLoaderServi - Loading from file system: jar:file:/C:/Users/jcnva/.m2/repository/com/github/almasb/fxgl/17.1/fxgl-17.1.jar!/fxglassets/ui/fonts/Courier-Prime.ttf
13:02:58.856 [JavaFX Application Thread] DEBUG FXGLAssetLoaderServi - Loading from file system: jar:file:/C:/Users/jcnva/.m2/repository/com/github/almasb/fxgl/17.1/fxgl-17.1.jar!/fxglassets/textures/fxgl_default_cursor.png
13:02:58.861 [JavaFX Application Thread] DEBUG Input                - Registered new binding: Screenshot - CTRL+8
13:02:58.861 [JavaFX Application Thread] DEBUG Input                - Registered new binding: System info dump - CTRL+9
13:02:58.862 [JavaFX Application Thread] DEBUG Input                - Registered new binding: Restart - CTRL+R
13:02:58.864 [JavaFX Application Thread] DEBUG Input                - Registered new binding: Toggle Debug Camera - CTRL+7
13:02:58.868 [JavaFX Application Thread] DEBUG LoopRunner           - Starting loop
13:02:58.868 [JavaFX Application Thread] DEBUG LoopRunner           - Initializing JavaFX AnimationTimerLoop
13:02:58.871 [JavaFX Application Thread] DEBUG GameApplicationServi - Starting new game
13:02:58.872 [JavaFX Application Thread] DEBUG Input                - Clearing active input actions
13:02:58.883 [JavaFX Application Thread] DEBUG GameApplicationServi - Removing overlay from FXGLStartupScene and adding to FXGLLoadingScene
13:02:58.883 [JavaFX Application Thread] DEBUG PrimaryStageWindow   - FXGLStartupScene -> FXGLLoadingScene
13:02:58.883 [JavaFX Application Thread] DEBUG GameApplicationServi - Clearing previous game
13:02:58.884 [JavaFX Application Thread] DEBUG GameScene            - Clearing game scene
13:02:58.884 [JavaFX Application Thread] DEBUG GameWorld            - Clearing game world
13:02:58.884 [JavaFX Application Thread] DEBUG PhysicsWorld         - Clearing physics world
13:02:58.886 [FXGL Background Thread 4 ] DEBUG FXGLApplication      - Initializing game
13:02:58.886 [JavaFX Application Thread] DEBUG FXGLApplication      - Registering font factories with UI factory
13:02:58.892 [FXGL Background Thread 4 ] DEBUG FXGLAssetLoaderServi - Loading from file system: file:/C:/Users/jcnva/IdeaProjects/MarioGameMavenProject/target/classes/assets/textures/goomba.png
13:02:58.945 [FXGL Background Thread 4 ] INFO  FXGLApplication      - Game initialization took: 0,058 sec
13:02:58.945 [JavaFX Application Thread] DEBUG Input                - Clearing active input actions
13:02:58.951 [JavaFX Application Thread] DEBUG GameApplicationServi - Removing overlay from FXGLLoadingScene and adding to GameScene
13:02:58.951 [JavaFX Application Thread] DEBUG PrimaryStageWindow   - FXGLLoadingScene -> GameScene
13:03:00.362 [JavaFX Application Thread] DEBUG FXGLApplication      - Exiting FXGL
13:03:00.363 [JavaFX Application Thread] DEBUG LoopRunner           - Stopping loop
13:03:00.363 [JavaFX Application Thread] DEBUG SystemBundleService  - Saving FXGL system data
13:03:00.365 [JavaFX Application Thread] DEBUG FileSystemAccess     - Writing to: C:\Users\jcnva\IdeaProjects\MarioGameMavenProject\system\fxgl.bundle
13:03:00.366 [JavaFX Application Thread] DEBUG Async                - Shutting down background threads
13:03:00.366 [JavaFX Application Thread] DEBUG PrimaryStageWindow   - Closing main window
13:03:00.378 [JavaFX Application Thread] DEBUG Logger               - Closing Logger
