13:01:56.355 [main                     ] DEBUG Logger               - Configured Logger
13:01:56.377 [main                     ] DEBUG GameApplication      - Logging settings
Title: Test
Version: 1.0
Width: 800
Height: 800
Fullscreen: false
Intro: false
Profiling: false
Single step:false
App Mode: DEVELOPER
Menu Key: ESCAPE
Stage Style: DECORATED
Scene Factory: class com.almasb.fxgl.app.scene.SceneFactory

13:01:56.701 [JavaFX Application Thread] DEBUG FXGLApplication      - Initializing FXGL
13:01:56.705 [JavaFX Application Thread] INFO  Engine               - FXGL-17.1 (24.03.2022 17.34) on WINDOWS (J:17.0.1 FX:18)
13:01:56.706 [JavaFX Application Thread] DEBUG Engine               - JRE Vendor Name: Oracle Corporation
13:01:56.706 [JavaFX Application Thread] DEBUG Engine               - Running on OS: Windows 10 version 10.0
13:01:56.706 [JavaFX Application Thread] DEBUG Engine               - Architecture: amd64
13:01:56.706 [JavaFX Application Thread] INFO  Engine               - Source code and latest versions at: https://github.com/AlmasB/FXGL
13:01:56.706 [JavaFX Application Thread] INFO  Engine               -       Ask questions and discuss at: https://github.com/AlmasB/FXGL/discussions
13:01:56.706 [JavaFX Application Thread] INFO  Engine               -              Join the FXGL chat at: https://gitter.im/AlmasB/FXGL
13:01:56.792 [JavaFX Application Thread] DEBUG PrimaryStageWindow   - Creating a JavaFX scene
13:01:56.828 [JavaFX Application Thread] DEBUG PrimaryStageWindow   - Target settings size: 800.0 x 800.0
13:01:56.829 [JavaFX Application Thread] DEBUG PrimaryStageWindow   - Scaled scene size:    800.0 x 800.0
13:01:56.829 [JavaFX Application Thread] DEBUG PrimaryStageWindow   - Scaled ratio: (1.0, 1.0)
13:01:56.830 [JavaFX Application Thread] DEBUG PrimaryStageWindow   - Set initial scene to FXGLStartupScene
13:01:56.835 [JavaFX Application Thread] DEBUG PrimaryStageWindow   - Opening main window
13:01:56.903 [JavaFX Application Thread] DEBUG PrimaryStageWindow   - Window border size: (14.4000244140625, 37.5999755859375)
13:01:56.904 [JavaFX Application Thread] DEBUG PrimaryStageWindow   - Scaled size: 800.0 x 800.0
13:01:56.904 [JavaFX Application Thread] DEBUG PrimaryStageWindow   - Scaled ratio: (1.0, 1.0)
13:01:56.904 [JavaFX Application Thread] DEBUG PrimaryStageWindow   - Scene size: 800.0 x 800.0
13:01:56.904 [JavaFX Application Thread] DEBUG PrimaryStageWindow   - Stage size: 814.4000244140625 x 837.5999755859375
13:01:56.910 [FXGL Background Thread 1 ] DEBUG Engine               - Initializing environment variables
13:01:56.937 [FXGL Background Thread 1 ] DEBUG FXGLAssetLoaderServi - User app class for loading assets: class Game
13:01:56.937 [FXGL Background Thread 1 ] DEBUG GameApplicationServi - Applying CSS: fxgl_dark.css
13:01:56.937 [FXGL Background Thread 1 ] DEBUG FXGLAssetLoaderServi - Loading from file system: jar:file:/C:/Users/jcnva/.m2/repository/com/github/almasb/fxgl/17.1/fxgl-17.1.jar!/fxglassets/ui/css/fxgl_dark.css
13:01:56.966 [FXGL Background Thread 1 ] DEBUG GameApplicationServi - Initializing application scenes
13:01:56.995 [FXGL Background Thread 1 ] DEBUG GameWorld            - Game world initialized
13:01:57.035 [FXGL Background Thread 1 ] DEBUG PhysicsWorld         - Physics world initialized: appHeight=800, physics.ppm=50,0
13:01:57.035 [FXGL Background Thread 1 ] DEBUG PhysicsWorld         - Using strategy: BRUTE_FORCE
13:01:57.038 [FXGL Background Thread 1 ] DEBUG GameScene            - Game scene initialized: 800x800
13:01:57.049 [FXGL Background Thread 1 ] DEBUG FXGL.DefaultMenu     - createMenuBodyGameMenu()
13:01:57.064 [FXGL Background Thread 1 ] DEBUG FXGL.DefaultMenu     - createOptionsMenu()
13:01:57.073 [FXGL Background Thread 1 ] DEBUG FXGLAssetLoaderServi - Loading from file system: jar:file:/C:/Users/jcnva/.m2/repository/com/github/almasb/fxgl/17.1/fxgl-17.1.jar!/fxglassets/textures/particles/smoke.png
13:01:57.143 [FXGL Background Thread 1 ] DEBUG FXGLAssetLoaderServi - Loading from file system: jar:file:/C:/Users/jcnva/.m2/repository/com/github/almasb/fxgl/17.1/fxgl-17.1.jar!/fxglassets/textures/particles/trace_horizontal.png
13:01:57.165 [FXGL Background Thread 1 ] DEBUG GameApplicationServi - Application scenes initialized
13:01:57.175 [FXGL Background Thread 1 ] DEBUG SystemBundleService  - Loading FXGL system data
13:01:57.178 [FXGL Background Thread 1 ] DEBUG FileSystemAccess     - Reading from: C:\Users\jcnva\IdeaProjects\MarioGameMavenProject\system\fxgl.bundle
13:01:57.182 [FXGL Background Thread 1 ] DEBUG SystemBundleService  - Bundle FXGL: {}
13:01:57.183 [FXGL Background Thread 1 ] DEBUG UpdaterService       - Checking for updates
13:01:57.185 [FXGL Background Thread 4 ] DEBUG FXGLApplication      - Loading fonts
13:01:57.186 [FXGL Background Thread 1 ] DEBUG FXGLApplication      - Loading default localization
13:01:57.186 [FXGL Background Thread 4 ] DEBUG FXGLAssetLoaderServi - Loading from file system: jar:file:/C:/Users/jcnva/.m2/repository/com/github/almasb/fxgl/17.1/fxgl-17.1.jar!/fxglassets/ui/fonts/VarelaRound-Regular.ttf
13:01:57.186 [FXGL Background Thread 1 ] DEBUG FXGLAssetLoaderServi - Loading from file system: jar:file:/C:/Users/jcnva/.m2/repository/com/github/almasb/fxgl/17.1/fxgl-17.1.jar!/fxglassets/languages/english.lang
13:01:57.201 [FXGL Background Thread 1 ] INFO  FXGLApplication      - FXGL initialization took: 0,290 sec
13:01:57.209 [JavaFX Application Thread] DEBUG Input                - Registered new binding: action0 - W
13:01:57.209 [JavaFX Application Thread] DEBUG Input                - Registered new binding: action1 - A
13:01:57.209 [JavaFX Application Thread] DEBUG Input                - Registered new binding: action2 - S
13:01:57.209 [JavaFX Application Thread] DEBUG Input                - Registered new binding: action3 - D
13:01:57.210 [JavaFX Application Thread] DEBUG FXGLAssetLoaderServi - Loading from file system: jar:file:/C:/Users/jcnva/.m2/repository/com/github/almasb/fxgl/17.1/fxgl-17.1.jar!/fxglassets/textures/fxgl_icon.png
13:01:57.229 [FXGL Background Thread 4 ] DEBUG FXGLAssetLoaderServi - Loading from file system: jar:file:/C:/Users/jcnva/.m2/repository/com/github/almasb/fxgl/17.1/fxgl-17.1.jar!/fxglassets/ui/fonts/Abel-Regular.ttf
13:01:57.231 [JavaFX Application Thread] DEBUG FXGLAssetLoaderServi - Loading from file system: jar:file:/C:/Users/jcnva/.m2/repository/com/github/almasb/fxgl/17.1/fxgl-17.1.jar!/fxglassets/textures/fxgl_default_cursor.png
13:01:57.233 [FXGL Background Thread 4 ] DEBUG FXGLAssetLoaderServi - Loading from file system: jar:file:/C:/Users/jcnva/.m2/repository/com/github/almasb/fxgl/17.1/fxgl-17.1.jar!/fxglassets/ui/fonts/TerminalLandMono-Regular.otf
13:01:57.234 [JavaFX Application Thread] DEBUG Input                - Registered new binding: Screenshot - CTRL+8
13:01:57.235 [JavaFX Application Thread] DEBUG Input                - Registered new binding: System info dump - CTRL+9
13:01:57.235 [JavaFX Application Thread] DEBUG Input                - Registered new binding: Restart - CTRL+R
13:01:57.236 [JavaFX Application Thread] DEBUG Input                - Registered new binding: Toggle Debug Camera - CTRL+7
13:01:57.238 [FXGL Background Thread 4 ] DEBUG FXGLAssetLoaderServi - Loading from file system: jar:file:/C:/Users/jcnva/.m2/repository/com/github/almasb/fxgl/17.1/fxgl-17.1.jar!/fxglassets/ui/fonts/Courier-Prime.ttf
13:01:57.239 [JavaFX Application Thread] DEBUG LoopRunner           - Starting loop
13:01:57.239 [JavaFX Application Thread] DEBUG LoopRunner           - Initializing JavaFX AnimationTimerLoop
13:01:57.241 [JavaFX Application Thread] DEBUG GameApplicationServi - Starting new game
13:01:57.241 [JavaFX Application Thread] DEBUG Input                - Clearing active input actions
13:01:57.253 [JavaFX Application Thread] DEBUG GameApplicationServi - Removing overlay from FXGLStartupScene and adding to FXGLLoadingScene
13:01:57.254 [JavaFX Application Thread] DEBUG PrimaryStageWindow   - FXGLStartupScene -> FXGLLoadingScene
13:01:57.254 [JavaFX Application Thread] DEBUG GameApplicationServi - Clearing previous game
13:01:57.254 [JavaFX Application Thread] DEBUG GameScene            - Clearing game scene
13:01:57.254 [JavaFX Application Thread] DEBUG GameWorld            - Clearing game world
13:01:57.254 [JavaFX Application Thread] DEBUG PhysicsWorld         - Clearing physics world
13:01:57.257 [FXGL Background Thread 4 ] DEBUG FXGLApplication      - Initializing game
13:01:57.257 [JavaFX Application Thread] DEBUG FXGLApplication      - Registering font factories with UI factory
13:01:57.264 [FXGL Background Thread 4 ] DEBUG FXGLAssetLoaderServi - Loading from file system: file:/C:/Users/jcnva/IdeaProjects/MarioGameMavenProject/target/classes/assets/textures/goomba.png
13:01:57.323 [FXGL Background Thread 4 ] INFO  FXGLApplication      - Game initialization took: 0,066 sec
13:01:57.324 [JavaFX Application Thread] DEBUG Input                - Clearing active input actions
13:01:57.330 [JavaFX Application Thread] DEBUG GameApplicationServi - Removing overlay from FXGLLoadingScene and adding to GameScene
13:01:57.330 [JavaFX Application Thread] DEBUG PrimaryStageWindow   - FXGLLoadingScene -> GameScene
13:02:00.185 [FXGL Background Thread 3 ] DEBUG Engine               - Logging environment variables
13:02:00.185 [FXGL Background Thread 3 ] DEBUG Engine               - achievements: []
13:02:00.186 [FXGL Background Thread 3 ] DEBUG Engine               - actualHeight: 800.0
13:02:00.186 [FXGL Background Thread 3 ] DEBUG Engine               - actualHeightProperty: ReadOnlyDoubleProperty [value: 800.0]
13:02:00.186 [FXGL Background Thread 3 ] DEBUG Engine               - actualWidth: 800.0
13:02:00.186 [FXGL Background Thread 3 ] DEBUG Engine               - actualWidthProperty: ReadOnlyDoubleProperty [value: 800.0]
13:02:00.186 [FXGL Background Thread 3 ] DEBUG Engine               - appIcon: fxgl_icon.png
13:02:00.186 [FXGL Background Thread 3 ] DEBUG Engine               - applicationMode: DEVELOPER
13:02:00.186 [FXGL Background Thread 3 ] DEBUG Engine               - cSSList: [fxgl_dark.css]
13:02:00.186 [FXGL Background Thread 3 ] DEBUG Engine               - collisionDetectionStrategy: BRUTE_FORCE
13:02:00.186 [FXGL Background Thread 3 ] DEBUG Engine               - configClass: Optional.empty
13:02:00.187 [FXGL Background Thread 3 ] DEBUG Engine               - credits: []
13:02:00.187 [FXGL Background Thread 3 ] DEBUG Engine               - defaultCursor: CursorInfo(imageName=fxgl_default_cursor.png, hotspotX=7.0, hotspotY=6.0)
13:02:00.187 [FXGL Background Thread 3 ] DEBUG Engine               - devBBoxColorProperty: ObjectProperty [value: 0xff0000ff]
13:02:00.187 [FXGL Background Thread 3 ] DEBUG Engine               - devEnableDebugCameraProperty: BooleanProperty [value: false]
13:02:00.188 [FXGL Background Thread 3 ] DEBUG Engine               - devSensorColorProperty: ObjectProperty [value: 0xffff00ff]
13:02:00.188 [FXGL Background Thread 3 ] DEBUG Engine               - devShowBBoxProperty: BooleanProperty [value: false]
13:02:00.188 [FXGL Background Thread 3 ] DEBUG Engine               - devShowPositionProperty: BooleanProperty [value: false]
13:02:00.188 [FXGL Background Thread 3 ] DEBUG Engine               - enabledMenuItems: []
13:02:00.188 [FXGL Background Thread 3 ] DEBUG Engine               - engineServices: [class com.almasb.fxgl.app.services.FXGLAssetLoaderService, class com.almasb.fxgl.app.FXGLApplication$GameApplicationService, class com.almasb.fxgl.app.services.FXGLDialogService, class com.almasb.fxgl.app.services.IOTaskExecutorService, class com.almasb.fxgl.io.FileSystemService, class com.almasb.fxgl.localization.LocalizationService, class com.almasb.fxgl.app.services.SystemBundleService, class com.almasb.fxgl.profile.SaveLoadService, class com.almasb.fxgl.ui.FXGLUIFactoryServiceProvider, class com.almasb.fxgl.ui.FXGLDialogFactoryServiceProvider, class com.almasb.fxgl.audio.AudioPlayer, class com.almasb.fxgl.notification.impl.NotificationServiceProvider, class com.almasb.fxgl.achievement.AchievementService, class com.almasb.fxgl.cutscene.CutsceneService, class com.almasb.fxgl.minigames.MiniGameService, class com.almasb.fxgl.net.NetService, class com.almasb.fxgl.app.services.UpdaterService, class com.almasb.fxgl.dev.DevService]
13:02:00.188 [FXGL Background Thread 3 ] DEBUG Engine               - fontGame: Abel-Regular.ttf
13:02:00.188 [FXGL Background Thread 3 ] DEBUG Engine               - fontMono: TerminalLandMono-Regular.otf
13:02:00.188 [FXGL Background Thread 3 ] DEBUG Engine               - fontText: Courier-Prime.ttf
13:02:00.188 [FXGL Background Thread 3 ] DEBUG Engine               - fontUI: VarelaRound-Regular.ttf
13:02:00.188 [FXGL Background Thread 3 ] DEBUG Engine               - fullScreen: BooleanProperty [value: false]
13:02:00.188 [FXGL Background Thread 3 ] DEBUG Engine               - gameDifficulty: MEDIUM
13:02:00.188 [FXGL Background Thread 3 ] DEBUG Engine               - gameDifficultyProperty: ObjectProperty [value: MEDIUM]
13:02:00.189 [FXGL Background Thread 3 ] DEBUG Engine               - globalMusicVolume: 0.5
13:02:00.189 [FXGL Background Thread 3 ] DEBUG Engine               - globalMusicVolumeProperty: DoubleProperty [value: 0.5]
13:02:00.189 [FXGL Background Thread 3 ] DEBUG Engine               - globalSoundVolume: 0.5
13:02:00.189 [FXGL Background Thread 3 ] DEBUG Engine               - globalSoundVolumeProperty: DoubleProperty [value: 0.5]
13:02:00.189 [FXGL Background Thread 3 ] DEBUG Engine               - height: 800
13:02:00.189 [FXGL Background Thread 3 ] DEBUG Engine               - is3D: false
13:02:00.189 [FXGL Background Thread 3 ] DEBUG Engine               - isAndroid: false
13:02:00.189 [FXGL Background Thread 3 ] DEBUG Engine               - isBrowser: false
13:02:00.189 [FXGL Background Thread 3 ] DEBUG Engine               - isClickFeedbackEnabled: false
13:02:00.189 [FXGL Background Thread 3 ] DEBUG Engine               - isCloseConfirmation: false
13:02:00.189 [FXGL Background Thread 3 ] DEBUG Engine               - isDesktop: true
13:02:00.189 [FXGL Background Thread 3 ] DEBUG Engine               - isDeveloperMenuEnabled: false
13:02:00.190 [FXGL Background Thread 3 ] DEBUG Engine               - isEmbedded: false
13:02:00.190 [FXGL Background Thread 3 ] DEBUG Engine               - isEntityPreloadEnabled: true
13:02:00.190 [FXGL Background Thread 3 ] DEBUG Engine               - isExperimentalTiledLargeMap: false
13:02:00.190 [FXGL Background Thread 3 ] DEBUG Engine               - isFileSystemWriteAllowed: true
13:02:00.190 [FXGL Background Thread 3 ] DEBUG Engine               - isFullScreenAllowed: false
13:02:00.190 [FXGL Background Thread 3 ] DEBUG Engine               - isFullScreenFromStart: false
13:02:00.190 [FXGL Background Thread 3 ] DEBUG Engine               - isGameMenuEnabled: true
13:02:00.190 [FXGL Background Thread 3 ] DEBUG Engine               - isIOS: false
13:02:00.190 [FXGL Background Thread 3 ] DEBUG Engine               - isIntroEnabled: false
13:02:00.190 [FXGL Background Thread 3 ] DEBUG Engine               - isLinux: false
13:02:00.190 [FXGL Background Thread 3 ] DEBUG Engine               - isMac: false
13:02:00.190 [FXGL Background Thread 3 ] DEBUG Engine               - isMainMenuEnabled: false
13:02:00.190 [FXGL Background Thread 3 ] DEBUG Engine               - isManualResizeEnabled: false
13:02:00.190 [FXGL Background Thread 3 ] DEBUG Engine               - isMobile: false
13:02:00.190 [FXGL Background Thread 3 ] DEBUG Engine               - isNative: false
13:02:00.191 [FXGL Background Thread 3 ] DEBUG Engine               - isPauseMusicWhenMinimized: true
13:02:00.191 [FXGL Background Thread 3 ] DEBUG Engine               - isPreserveResizeRatio: false
13:02:00.191 [FXGL Background Thread 3 ] DEBUG Engine               - isProfilingEnabled: false
13:02:00.191 [FXGL Background Thread 3 ] DEBUG Engine               - isScaleAffectedOnResize: true
13:02:00.191 [FXGL Background Thread 3 ] DEBUG Engine               - isSingleStep: false
13:02:00.191 [FXGL Background Thread 3 ] DEBUG Engine               - isUserProfileEnabled: false
13:02:00.191 [FXGL Background Thread 3 ] DEBUG Engine               - isWindows: true
13:02:00.191 [FXGL Background Thread 3 ] DEBUG Engine               - language: ObjectProperty [value: ENGLISH]
13:02:00.191 [FXGL Background Thread 3 ] DEBUG Engine               - menuKey: ESCAPE
13:02:00.192 [FXGL Background Thread 3 ] DEBUG Engine               - mouseSensitivity: 0.2
13:02:00.192 [FXGL Background Thread 3 ] DEBUG Engine               - notificationViewClass: class com.almasb.fxgl.notification.view.XboxNotificationView
13:02:00.192 [FXGL Background Thread 3 ] DEBUG Engine               - pixelsPerMeter: 50.0
13:02:00.192 [FXGL Background Thread 3 ] DEBUG Engine               - platform: WINDOWS
13:02:00.192 [FXGL Background Thread 3 ] DEBUG Engine               - prefHeightProperty: ReadOnlyDoubleProperty [value: 800.0]
13:02:00.192 [FXGL Background Thread 3 ] DEBUG Engine               - prefWidthProperty: ReadOnlyDoubleProperty [value: 800.0]
13:02:00.192 [FXGL Background Thread 3 ] DEBUG Engine               - profileDir: profiles/
13:02:00.192 [FXGL Background Thread 3 ] DEBUG Engine               - profileName: StringProperty [value: DEFAULT]
13:02:00.192 [FXGL Background Thread 3 ] DEBUG Engine               - randomSeed: -1
13:02:00.192 [FXGL Background Thread 3 ] DEBUG Engine               - runtimeInfo: RuntimeInfo(platform=WINDOWS, version=17.1, build=24.03.2022 17.34)
13:02:00.193 [FXGL Background Thread 3 ] DEBUG Engine               - saveFileExt: sav
13:02:00.193 [FXGL Background Thread 3 ] DEBUG Engine               - scaledHeightProp$fxgl: DoubleProperty [bound, value: 800.0]
13:02:00.193 [FXGL Background Thread 3 ] DEBUG Engine               - scaledWidthProp$fxgl: DoubleProperty [bound, value: 800.0]
13:02:00.193 [FXGL Background Thread 3 ] DEBUG Engine               - sceneFactory: com.almasb.fxgl.app.scene.SceneFactory@655c09a3
13:02:00.193 [FXGL Background Thread 3 ] DEBUG Engine               - secondsIn24h: 60
13:02:00.193 [FXGL Background Thread 3 ] DEBUG Engine               - soundMenuBack: menu/back.wav
13:02:00.193 [FXGL Background Thread 3 ] DEBUG Engine               - soundMenuPress: menu/press.wav
13:02:00.193 [FXGL Background Thread 3 ] DEBUG Engine               - soundMenuSelect: menu/select.wav
13:02:00.193 [FXGL Background Thread 3 ] DEBUG Engine               - soundNotification: core/notification.wav
13:02:00.193 [FXGL Background Thread 3 ] DEBUG Engine               - stageStyle: DECORATED
13:02:00.193 [FXGL Background Thread 3 ] DEBUG Engine               - supportedLanguages: [ENGLISH, FRENCH, GERMAN, HUNGARIAN, RUSSIAN]
13:02:00.193 [FXGL Background Thread 3 ] DEBUG Engine               - ticksPerSecond: -1
13:02:00.193 [FXGL Background Thread 3 ] DEBUG Engine               - title: Test
13:02:00.193 [FXGL Background Thread 3 ] DEBUG Engine               - urlGithub: https://github.com/AlmasB/FXGL
13:02:00.193 [FXGL Background Thread 3 ] DEBUG Engine               - urlLeaderboard: http://fxgl-top.herokuapp.com/
13:02:00.194 [FXGL Background Thread 3 ] DEBUG Engine               - urlPOM: https://raw.githubusercontent.com/AlmasB/FXGL/release/README.md
13:02:00.194 [FXGL Background Thread 3 ] DEBUG Engine               - userAppClass: class Game
13:02:00.194 [FXGL Background Thread 3 ] DEBUG Engine               - version: 1.0
13:02:00.194 [FXGL Background Thread 3 ] DEBUG Engine               - versionCheckDays: 7
13:02:00.194 [FXGL Background Thread 3 ] DEBUG Engine               - width: 800
13:02:00.194 [FXGL Background Thread 3 ] DEBUG Engine               - Logging services
13:02:00.194 [FXGL Background Thread 3 ] DEBUG Engine               - class com.almasb.fxgl.app.services.FXGLAssetLoaderService
13:02:00.194 [FXGL Background Thread 3 ] DEBUG Engine               - class com.almasb.fxgl.app.FXGLApplication$GameApplicationService
13:02:00.194 [FXGL Background Thread 3 ] DEBUG Engine               - class com.almasb.fxgl.app.services.FXGLDialogService
13:02:00.194 [FXGL Background Thread 3 ] DEBUG Engine               - class com.almasb.fxgl.app.services.IOTaskExecutorService
13:02:00.194 [FXGL Background Thread 3 ] DEBUG Engine               - class com.almasb.fxgl.io.FileSystemService
13:02:00.194 [FXGL Background Thread 3 ] DEBUG Engine               - class com.almasb.fxgl.localization.LocalizationService
13:02:00.194 [FXGL Background Thread 3 ] DEBUG Engine               - class com.almasb.fxgl.app.services.SystemBundleService
13:02:00.194 [FXGL Background Thread 3 ] DEBUG Engine               - class com.almasb.fxgl.profile.SaveLoadService
13:02:00.194 [FXGL Background Thread 3 ] DEBUG Engine               - class com.almasb.fxgl.ui.FXGLUIFactoryServiceProvider
13:02:00.194 [FXGL Background Thread 3 ] DEBUG Engine               - class com.almasb.fxgl.ui.FXGLDialogFactoryServiceProvider
13:02:00.195 [FXGL Background Thread 3 ] DEBUG Engine               - class com.almasb.fxgl.audio.AudioPlayer
13:02:00.195 [FXGL Background Thread 3 ] DEBUG Engine               - class com.almasb.fxgl.notification.impl.NotificationServiceProvider
13:02:00.195 [FXGL Background Thread 3 ] DEBUG Engine               - class com.almasb.fxgl.achievement.AchievementService
13:02:00.195 [FXGL Background Thread 3 ] DEBUG Engine               - class com.almasb.fxgl.cutscene.CutsceneService
13:02:00.195 [FXGL Background Thread 3 ] DEBUG Engine               - class com.almasb.fxgl.minigames.MiniGameService
13:02:00.195 [FXGL Background Thread 3 ] DEBUG Engine               - class com.almasb.fxgl.net.NetService
13:02:00.195 [FXGL Background Thread 3 ] DEBUG Engine               - class com.almasb.fxgl.app.services.UpdaterService
13:02:00.195 [FXGL Background Thread 3 ] DEBUG Engine               - class com.almasb.fxgl.dev.DevService
13:02:05.112 [JavaFX Application Thread] DEBUG FXGLApplication      - Exiting FXGL
13:02:05.112 [JavaFX Application Thread] DEBUG LoopRunner           - Stopping loop
13:02:05.112 [JavaFX Application Thread] DEBUG SystemBundleService  - Saving FXGL system data
13:02:05.114 [JavaFX Application Thread] DEBUG FileSystemAccess     - Writing to: C:\Users\jcnva\IdeaProjects\MarioGameMavenProject\system\fxgl.bundle
13:02:05.115 [JavaFX Application Thread] DEBUG Async                - Shutting down background threads
13:02:05.116 [JavaFX Application Thread] DEBUG PrimaryStageWindow   - Closing main window
13:02:05.128 [JavaFX Application Thread] DEBUG Logger               - Closing Logger
