15:23:01.071 [main                     ] DEBUG Logger               - Configured Logger
15:23:01.120 [main                     ] DEBUG GameApplication      - Logging settings
Title: Test
Version: 1.0
Width: 1300
Height: 900
Fullscreen: false
Intro: false
Profiling: false
Single step:false
App Mode: DEVELOPER
Menu Key: ESCAPE
Stage Style: DECORATED
Scene Factory: class com.almasb.fxgl.app.scene.SceneFactory

15:23:02.457 [JavaFX Application Thread] DEBUG FXGLApplication      - Initializing FXGL
15:23:02.468 [JavaFX Application Thread] INFO  Engine               - FXGL-17.1 (24.03.2022 17.34) on WINDOWS (J:17.0.2 FX:18)
15:23:02.469 [JavaFX Application Thread] DEBUG Engine               - JRE Vendor Name: Oracle Corporation
15:23:02.469 [JavaFX Application Thread] DEBUG Engine               - Running on OS: Windows 11 version 10.0
15:23:02.469 [JavaFX Application Thread] DEBUG Engine               - Architecture: amd64
15:23:02.470 [JavaFX Application Thread] INFO  Engine               - Source code and latest versions at: https://github.com/AlmasB/FXGL
15:23:02.470 [JavaFX Application Thread] INFO  Engine               -       Ask questions and discuss at: https://github.com/AlmasB/FXGL/discussions
15:23:02.470 [JavaFX Application Thread] INFO  Engine               -              Join the FXGL chat at: https://gitter.im/AlmasB/FXGL
15:23:02.660 [JavaFX Application Thread] DEBUG PrimaryStageWindow   - Creating a JavaFX scene
15:23:02.661 [JavaFX Application Thread] DEBUG PrimaryStageWindow   - Target size > screen size
15:23:02.752 [JavaFX Application Thread] DEBUG PrimaryStageWindow   - Target settings size: 1300.0 x 900.0
15:23:02.752 [JavaFX Application Thread] DEBUG PrimaryStageWindow   - Scaled scene size:    1153.0 x 815.0
15:23:02.753 [JavaFX Application Thread] DEBUG PrimaryStageWindow   - Scaled ratio: (0.8869230769230769, 0.9055555555555556)
15:23:02.754 [JavaFX Application Thread] DEBUG PrimaryStageWindow   - Set initial scene to FXGLStartupScene
15:23:02.764 [JavaFX Application Thread] DEBUG PrimaryStageWindow   - Opening main window
15:23:02.907 [JavaFX Application Thread] DEBUG PrimaryStageWindow   - Window border size: (13.0, 35.4000244140625)
15:23:02.908 [JavaFX Application Thread] DEBUG PrimaryStageWindow   - Scaled size: 1153.0 x 815.0
15:23:02.909 [JavaFX Application Thread] DEBUG PrimaryStageWindow   - Scaled ratio: (0.8869230769230769, 0.9055555555555556)
15:23:02.909 [JavaFX Application Thread] DEBUG PrimaryStageWindow   - Scene size: 1153.0 x 815.0
15:23:02.910 [JavaFX Application Thread] DEBUG PrimaryStageWindow   - Stage size: 1166.0 x 850.4000244140625
15:23:02.928 [FXGL Background Thread 1 ] DEBUG Engine               - Initializing environment variables
15:23:03.016 [FXGL Background Thread 1 ] DEBUG FXGLAssetLoaderServi - User app class for loading assets: class Game
15:23:03.017 [FXGL Background Thread 1 ] DEBUG GameApplicationServi - Applying CSS: fxgl_dark.css
15:23:03.019 [FXGL Background Thread 1 ] DEBUG FXGLAssetLoaderServi - Loading from file system: jar:file:/C:/Users/mhtsm/.m2/repository/com/github/almasb/fxgl/17.1/fxgl-17.1.jar!/fxglassets/ui/css/fxgl_dark.css
15:23:03.115 [FXGL Background Thread 1 ] DEBUG GameApplicationServi - Initializing application scenes
15:23:03.203 [FXGL Background Thread 1 ] DEBUG GameWorld            - Game world initialized
15:23:03.321 [FXGL Background Thread 1 ] DEBUG PhysicsWorld         - Physics world initialized: appHeight=900, physics.ppm=50.0
15:23:03.321 [FXGL Background Thread 1 ] DEBUG PhysicsWorld         - Using strategy: BRUTE_FORCE
15:23:03.331 [FXGL Background Thread 1 ] DEBUG GameScene            - Game scene initialized: 1300x900
15:23:03.362 [FXGL Background Thread 1 ] DEBUG FXGL.DefaultMenu     - createMenuBodyGameMenu()
15:23:03.397 [FXGL Background Thread 1 ] DEBUG FXGL.DefaultMenu     - createOptionsMenu()
15:23:03.423 [FXGL Background Thread 1 ] DEBUG FXGLAssetLoaderServi - Loading from file system: jar:file:/C:/Users/mhtsm/.m2/repository/com/github/almasb/fxgl/17.1/fxgl-17.1.jar!/fxglassets/textures/particles/smoke.png
15:23:03.606 [FXGL Background Thread 1 ] DEBUG FXGLAssetLoaderServi - Loading from file system: jar:file:/C:/Users/mhtsm/.m2/repository/com/github/almasb/fxgl/17.1/fxgl-17.1.jar!/fxglassets/textures/particles/trace_horizontal.png
15:23:03.661 [FXGL Background Thread 1 ] DEBUG GameApplicationServi - Application scenes initialized
15:23:03.681 [FXGL Background Thread 1 ] DEBUG SystemBundleService  - Loading FXGL system data
15:23:03.688 [FXGL Background Thread 1 ] DEBUG FileSystemAccess     - Reading from: C:\Users\mhtsm\OneDrive\Documents\GitHub\SE_challangeweek\MarioGameMavenProject\system\fxgl.bundle
15:23:03.700 [FXGL Background Thread 1 ] DEBUG SystemBundleService  - Bundle FXGL: {}
15:23:03.701 [FXGL Background Thread 1 ] DEBUG UpdaterService       - Checking for updates
15:23:03.708 [FXGL Background Thread 4 ] DEBUG FXGLApplication      - Loading fonts
15:23:03.708 [FXGL Background Thread 1 ] DEBUG FXGLApplication      - Loading default localization
15:23:03.708 [FXGL Background Thread 4 ] DEBUG FXGLAssetLoaderServi - Loading from file system: jar:file:/C:/Users/mhtsm/.m2/repository/com/github/almasb/fxgl/17.1/fxgl-17.1.jar!/fxglassets/ui/fonts/VarelaRound-Regular.ttf
15:23:03.709 [FXGL Background Thread 1 ] DEBUG FXGLAssetLoaderServi - Loading from file system: jar:file:/C:/Users/mhtsm/.m2/repository/com/github/almasb/fxgl/17.1/fxgl-17.1.jar!/fxglassets/languages/english.lang
15:23:03.763 [FXGL Background Thread 1 ] INFO  FXGLApplication      - FXGL initialization took: 0.835 sec
15:23:03.787 [JavaFX Application Thread] DEBUG Input                - Registered new binding: action0 - W
15:23:03.788 [JavaFX Application Thread] DEBUG Input                - Registered new binding: action1 - A
15:23:03.789 [JavaFX Application Thread] DEBUG Input                - Registered new binding: action2 - S
15:23:03.790 [JavaFX Application Thread] DEBUG Input                - Registered new binding: action3 - D
15:23:03.791 [JavaFX Application Thread] DEBUG FXGLAssetLoaderServi - Loading from file system: jar:file:/C:/Users/mhtsm/.m2/repository/com/github/almasb/fxgl/17.1/fxgl-17.1.jar!/fxglassets/textures/fxgl_icon.png
15:23:03.842 [JavaFX Application Thread] DEBUG FXGLAssetLoaderServi - Loading from file system: jar:file:/C:/Users/mhtsm/.m2/repository/com/github/almasb/fxgl/17.1/fxgl-17.1.jar!/fxglassets/textures/fxgl_default_cursor.png
15:23:03.848 [JavaFX Application Thread] DEBUG Input                - Registered new binding: Screenshot - CTRL+8
15:23:03.849 [JavaFX Application Thread] DEBUG Input                - Registered new binding: System info dump - CTRL+9
15:23:03.850 [JavaFX Application Thread] DEBUG Input                - Registered new binding: Restart - CTRL+R
15:23:03.852 [JavaFX Application Thread] DEBUG Input                - Registered new binding: Toggle Debug Camera - CTRL+7
15:23:03.852 [FXGL Background Thread 4 ] DEBUG FXGLAssetLoaderServi - Loading from file system: jar:file:/C:/Users/mhtsm/.m2/repository/com/github/almasb/fxgl/17.1/fxgl-17.1.jar!/fxglassets/ui/fonts/Abel-Regular.ttf
15:23:03.857 [JavaFX Application Thread] DEBUG LoopRunner           - Starting loop
15:23:03.857 [JavaFX Application Thread] DEBUG LoopRunner           - Initializing JavaFX AnimationTimerLoop
15:23:03.863 [JavaFX Application Thread] DEBUG GameApplicationServi - Starting new game
15:23:03.864 [JavaFX Application Thread] DEBUG Input                - Clearing active input actions
15:23:03.865 [FXGL Background Thread 4 ] DEBUG FXGLAssetLoaderServi - Loading from file system: jar:file:/C:/Users/mhtsm/.m2/repository/com/github/almasb/fxgl/17.1/fxgl-17.1.jar!/fxglassets/ui/fonts/TerminalLandMono-Regular.otf
15:23:03.881 [FXGL Background Thread 4 ] DEBUG FXGLAssetLoaderServi - Loading from file system: jar:file:/C:/Users/mhtsm/.m2/repository/com/github/almasb/fxgl/17.1/fxgl-17.1.jar!/fxglassets/ui/fonts/Courier-Prime.ttf
15:23:03.882 [JavaFX Application Thread] DEBUG GameApplicationServi - Removing overlay from FXGLStartupScene and adding to FXGLLoadingScene
15:23:03.883 [JavaFX Application Thread] DEBUG PrimaryStageWindow   - FXGLStartupScene -> FXGLLoadingScene
15:23:03.883 [JavaFX Application Thread] DEBUG GameApplicationServi - Clearing previous game
15:23:03.883 [JavaFX Application Thread] DEBUG GameScene            - Clearing game scene
15:23:03.883 [JavaFX Application Thread] DEBUG GameWorld            - Clearing game world
15:23:03.884 [JavaFX Application Thread] DEBUG PhysicsWorld         - Clearing physics world
15:23:03.887 [FXGL Background Thread 1 ] DEBUG FXGLApplication      - Initializing game
15:23:03.956 [FXGL Background Thread 1 ] INFO  FXGLApplication      - Game initialization took: 0.069 sec
15:23:03.981 [JavaFX Application Thread] DEBUG FXGLApplication      - Registering font factories with UI factory
15:23:03.985 [JavaFX Application Thread] DEBUG Input                - Clearing active input actions
15:23:03.995 [JavaFX Application Thread] DEBUG GameApplicationServi - Removing overlay from FXGLLoadingScene and adding to GameScene
15:23:03.995 [JavaFX Application Thread] DEBUG PrimaryStageWindow   - FXGLLoadingScene -> GameScene
15:23:06.706 [FXGL Background Thread 3 ] DEBUG Engine               - Logging environment variables
15:23:06.706 [FXGL Background Thread 3 ] DEBUG Engine               - achievements: []
15:23:06.706 [FXGL Background Thread 3 ] DEBUG Engine               - actualHeight: 815.0
15:23:06.707 [FXGL Background Thread 3 ] DEBUG Engine               - actualHeightProperty: ReadOnlyDoubleProperty [value: 815.0]
15:23:06.707 [FXGL Background Thread 3 ] DEBUG Engine               - actualWidth: 1153.0
15:23:06.707 [FXGL Background Thread 3 ] DEBUG Engine               - actualWidthProperty: ReadOnlyDoubleProperty [value: 1153.0]
15:23:06.707 [FXGL Background Thread 3 ] DEBUG Engine               - appIcon: fxgl_icon.png
15:23:06.707 [FXGL Background Thread 3 ] DEBUG Engine               - applicationMode: DEVELOPER
15:23:06.707 [FXGL Background Thread 3 ] DEBUG Engine               - cSSList: [fxgl_dark.css]
15:23:06.707 [FXGL Background Thread 3 ] DEBUG Engine               - collisionDetectionStrategy: BRUTE_FORCE
15:23:06.707 [FXGL Background Thread 3 ] DEBUG Engine               - configClass: Optional.empty
15:23:06.707 [FXGL Background Thread 3 ] DEBUG Engine               - credits: []
15:23:06.708 [FXGL Background Thread 3 ] DEBUG Engine               - defaultCursor: CursorInfo(imageName=fxgl_default_cursor.png, hotspotX=7.0, hotspotY=6.0)
15:23:06.708 [FXGL Background Thread 3 ] DEBUG Engine               - devBBoxColorProperty: ObjectProperty [value: 0xff0000ff]
15:23:06.708 [FXGL Background Thread 3 ] DEBUG Engine               - devEnableDebugCameraProperty: BooleanProperty [value: false]
15:23:06.708 [FXGL Background Thread 3 ] DEBUG Engine               - devSensorColorProperty: ObjectProperty [value: 0xffff00ff]
15:23:06.708 [FXGL Background Thread 3 ] DEBUG Engine               - devShowBBoxProperty: BooleanProperty [value: false]
15:23:06.708 [FXGL Background Thread 3 ] DEBUG Engine               - devShowPositionProperty: BooleanProperty [value: false]
15:23:06.709 [FXGL Background Thread 3 ] DEBUG Engine               - enabledMenuItems: []
15:23:06.709 [FXGL Background Thread 3 ] DEBUG Engine               - engineServices: [class com.almasb.fxgl.app.services.FXGLAssetLoaderService, class com.almasb.fxgl.app.FXGLApplication$GameApplicationService, class com.almasb.fxgl.app.services.FXGLDialogService, class com.almasb.fxgl.app.services.IOTaskExecutorService, class com.almasb.fxgl.io.FileSystemService, class com.almasb.fxgl.localization.LocalizationService, class com.almasb.fxgl.app.services.SystemBundleService, class com.almasb.fxgl.profile.SaveLoadService, class com.almasb.fxgl.ui.FXGLUIFactoryServiceProvider, class com.almasb.fxgl.ui.FXGLDialogFactoryServiceProvider, class com.almasb.fxgl.audio.AudioPlayer, class com.almasb.fxgl.notification.impl.NotificationServiceProvider, class com.almasb.fxgl.achievement.AchievementService, class com.almasb.fxgl.cutscene.CutsceneService, class com.almasb.fxgl.minigames.MiniGameService, class com.almasb.fxgl.net.NetService, class com.almasb.fxgl.app.services.UpdaterService, class com.almasb.fxgl.dev.DevService]
15:23:06.709 [FXGL Background Thread 3 ] DEBUG Engine               - fontGame: Abel-Regular.ttf
15:23:06.709 [FXGL Background Thread 3 ] DEBUG Engine               - fontMono: TerminalLandMono-Regular.otf
15:23:06.709 [FXGL Background Thread 3 ] DEBUG Engine               - fontText: Courier-Prime.ttf
15:23:06.709 [FXGL Background Thread 3 ] DEBUG Engine               - fontUI: VarelaRound-Regular.ttf
15:23:06.710 [FXGL Background Thread 3 ] DEBUG Engine               - fullScreen: BooleanProperty [value: false]
15:23:06.710 [FXGL Background Thread 3 ] DEBUG Engine               - gameDifficulty: MEDIUM
15:23:06.710 [FXGL Background Thread 3 ] DEBUG Engine               - gameDifficultyProperty: ObjectProperty [value: MEDIUM]
15:23:06.710 [FXGL Background Thread 3 ] DEBUG Engine               - globalMusicVolume: 0.5
15:23:06.710 [FXGL Background Thread 3 ] DEBUG Engine               - globalMusicVolumeProperty: DoubleProperty [value: 0.5]
15:23:06.710 [FXGL Background Thread 3 ] DEBUG Engine               - globalSoundVolume: 0.5
15:23:06.710 [FXGL Background Thread 3 ] DEBUG Engine               - globalSoundVolumeProperty: DoubleProperty [value: 0.5]
15:23:06.710 [FXGL Background Thread 3 ] DEBUG Engine               - height: 900
15:23:06.711 [FXGL Background Thread 3 ] DEBUG Engine               - is3D: false
15:23:06.711 [FXGL Background Thread 3 ] DEBUG Engine               - isAndroid: false
15:23:06.711 [FXGL Background Thread 3 ] DEBUG Engine               - isBrowser: false
15:23:06.711 [FXGL Background Thread 3 ] DEBUG Engine               - isClickFeedbackEnabled: false
15:23:06.711 [FXGL Background Thread 3 ] DEBUG Engine               - isCloseConfirmation: false
15:23:06.711 [FXGL Background Thread 3 ] DEBUG Engine               - isDesktop: true
15:23:06.711 [FXGL Background Thread 3 ] DEBUG Engine               - isDeveloperMenuEnabled: false
15:23:06.711 [FXGL Background Thread 3 ] DEBUG Engine               - isEmbedded: false
15:23:06.712 [FXGL Background Thread 3 ] DEBUG Engine               - isEntityPreloadEnabled: true
15:23:06.712 [FXGL Background Thread 3 ] DEBUG Engine               - isExperimentalTiledLargeMap: false
15:23:06.712 [FXGL Background Thread 3 ] DEBUG Engine               - isFileSystemWriteAllowed: true
15:23:06.712 [FXGL Background Thread 3 ] DEBUG Engine               - isFullScreenAllowed: false
15:23:06.712 [FXGL Background Thread 3 ] DEBUG Engine               - isFullScreenFromStart: false
15:23:06.712 [FXGL Background Thread 3 ] DEBUG Engine               - isGameMenuEnabled: true
15:23:06.712 [FXGL Background Thread 3 ] DEBUG Engine               - isIOS: false
15:23:06.712 [FXGL Background Thread 3 ] DEBUG Engine               - isIntroEnabled: false
15:23:06.712 [FXGL Background Thread 3 ] DEBUG Engine               - isLinux: false
15:23:06.713 [FXGL Background Thread 3 ] DEBUG Engine               - isMac: false
15:23:06.713 [FXGL Background Thread 3 ] DEBUG Engine               - isMainMenuEnabled: false
15:23:06.713 [FXGL Background Thread 3 ] DEBUG Engine               - isManualResizeEnabled: false
15:23:06.713 [FXGL Background Thread 3 ] DEBUG Engine               - isMobile: false
15:23:06.713 [FXGL Background Thread 3 ] DEBUG Engine               - isNative: false
15:23:06.713 [FXGL Background Thread 3 ] DEBUG Engine               - isPauseMusicWhenMinimized: true
15:23:06.713 [FXGL Background Thread 3 ] DEBUG Engine               - isPreserveResizeRatio: false
15:23:06.713 [FXGL Background Thread 3 ] DEBUG Engine               - isProfilingEnabled: false
15:23:06.714 [FXGL Background Thread 3 ] DEBUG Engine               - isScaleAffectedOnResize: true
15:23:06.714 [FXGL Background Thread 3 ] DEBUG Engine               - isSingleStep: false
15:23:06.714 [FXGL Background Thread 3 ] DEBUG Engine               - isUserProfileEnabled: false
15:23:06.714 [FXGL Background Thread 3 ] DEBUG Engine               - isWindows: true
15:23:06.714 [FXGL Background Thread 3 ] DEBUG Engine               - language: ObjectProperty [value: ENGLISH]
15:23:06.714 [FXGL Background Thread 3 ] DEBUG Engine               - menuKey: ESCAPE
15:23:06.714 [FXGL Background Thread 3 ] DEBUG Engine               - mouseSensitivity: 0.2
15:23:06.715 [FXGL Background Thread 3 ] DEBUG Engine               - notificationViewClass: class com.almasb.fxgl.notification.view.XboxNotificationView
15:23:06.715 [FXGL Background Thread 3 ] DEBUG Engine               - pixelsPerMeter: 50.0
15:23:06.715 [FXGL Background Thread 3 ] DEBUG Engine               - platform: WINDOWS
15:23:06.715 [FXGL Background Thread 3 ] DEBUG Engine               - prefHeightProperty: ReadOnlyDoubleProperty [value: 900.0]
15:23:06.715 [FXGL Background Thread 3 ] DEBUG Engine               - prefWidthProperty: ReadOnlyDoubleProperty [value: 1300.0]
15:23:06.715 [FXGL Background Thread 3 ] DEBUG Engine               - profileDir: profiles/
15:23:06.715 [FXGL Background Thread 3 ] DEBUG Engine               - profileName: StringProperty [value: DEFAULT]
15:23:06.715 [FXGL Background Thread 3 ] DEBUG Engine               - randomSeed: -1
15:23:06.716 [FXGL Background Thread 3 ] DEBUG Engine               - runtimeInfo: RuntimeInfo(platform=WINDOWS, version=17.1, build=24.03.2022 17.34)
15:23:06.716 [FXGL Background Thread 3 ] DEBUG Engine               - saveFileExt: sav
15:23:06.716 [FXGL Background Thread 3 ] DEBUG Engine               - scaledHeightProp$fxgl: DoubleProperty [bound, value: 815.0]
15:23:06.716 [FXGL Background Thread 3 ] DEBUG Engine               - scaledWidthProp$fxgl: DoubleProperty [bound, value: 1153.0]
15:23:06.717 [FXGL Background Thread 3 ] DEBUG Engine               - sceneFactory: com.almasb.fxgl.app.scene.SceneFactory@36673fe
15:23:06.717 [FXGL Background Thread 3 ] DEBUG Engine               - secondsIn24h: 60
15:23:06.717 [FXGL Background Thread 3 ] DEBUG Engine               - soundMenuBack: menu/back.wav
15:23:06.717 [FXGL Background Thread 3 ] DEBUG Engine               - soundMenuPress: menu/press.wav
15:23:06.717 [FXGL Background Thread 3 ] DEBUG Engine               - soundMenuSelect: menu/select.wav
15:23:06.718 [FXGL Background Thread 3 ] DEBUG Engine               - soundNotification: core/notification.wav
15:23:06.718 [FXGL Background Thread 3 ] DEBUG Engine               - stageStyle: DECORATED
15:23:06.718 [FXGL Background Thread 3 ] DEBUG Engine               - supportedLanguages: [ENGLISH, FRENCH, GERMAN, HUNGARIAN, RUSSIAN]
15:23:06.718 [FXGL Background Thread 3 ] DEBUG Engine               - ticksPerSecond: -1
15:23:06.718 [FXGL Background Thread 3 ] DEBUG Engine               - title: Test
15:23:06.718 [FXGL Background Thread 3 ] DEBUG Engine               - urlGithub: https://github.com/AlmasB/FXGL
15:23:06.718 [FXGL Background Thread 3 ] DEBUG Engine               - urlLeaderboard: http://fxgl-top.herokuapp.com/
15:23:06.718 [FXGL Background Thread 3 ] DEBUG Engine               - urlPOM: https://raw.githubusercontent.com/AlmasB/FXGL/release/README.md
15:23:06.719 [FXGL Background Thread 3 ] DEBUG Engine               - userAppClass: class Game
15:23:06.719 [FXGL Background Thread 3 ] DEBUG Engine               - version: 1.0
15:23:06.719 [FXGL Background Thread 3 ] DEBUG Engine               - versionCheckDays: 7
15:23:06.719 [FXGL Background Thread 3 ] DEBUG Engine               - width: 1300
15:23:06.719 [FXGL Background Thread 3 ] DEBUG Engine               - Logging services
15:23:06.719 [FXGL Background Thread 3 ] DEBUG Engine               - class com.almasb.fxgl.app.services.FXGLAssetLoaderService
15:23:06.720 [FXGL Background Thread 3 ] DEBUG Engine               - class com.almasb.fxgl.app.FXGLApplication$GameApplicationService
15:23:06.720 [FXGL Background Thread 3 ] DEBUG Engine               - class com.almasb.fxgl.app.services.FXGLDialogService
15:23:06.720 [FXGL Background Thread 3 ] DEBUG Engine               - class com.almasb.fxgl.app.services.IOTaskExecutorService
15:23:06.720 [FXGL Background Thread 3 ] DEBUG Engine               - class com.almasb.fxgl.io.FileSystemService
15:23:06.720 [FXGL Background Thread 3 ] DEBUG Engine               - class com.almasb.fxgl.localization.LocalizationService
15:23:06.720 [FXGL Background Thread 3 ] DEBUG Engine               - class com.almasb.fxgl.app.services.SystemBundleService
15:23:06.720 [FXGL Background Thread 3 ] DEBUG Engine               - class com.almasb.fxgl.profile.SaveLoadService
15:23:06.721 [FXGL Background Thread 3 ] DEBUG Engine               - class com.almasb.fxgl.ui.FXGLUIFactoryServiceProvider
15:23:06.721 [FXGL Background Thread 3 ] DEBUG Engine               - class com.almasb.fxgl.ui.FXGLDialogFactoryServiceProvider
15:23:06.721 [FXGL Background Thread 3 ] DEBUG Engine               - class com.almasb.fxgl.audio.AudioPlayer
15:23:06.721 [FXGL Background Thread 3 ] DEBUG Engine               - class com.almasb.fxgl.notification.impl.NotificationServiceProvider
15:23:06.722 [FXGL Background Thread 3 ] DEBUG Engine               - class com.almasb.fxgl.achievement.AchievementService
15:23:06.722 [FXGL Background Thread 3 ] DEBUG Engine               - class com.almasb.fxgl.cutscene.CutsceneService
15:23:06.722 [FXGL Background Thread 3 ] DEBUG Engine               - class com.almasb.fxgl.minigames.MiniGameService
15:23:06.722 [FXGL Background Thread 3 ] DEBUG Engine               - class com.almasb.fxgl.net.NetService
15:23:06.722 [FXGL Background Thread 3 ] DEBUG Engine               - class com.almasb.fxgl.app.services.UpdaterService
15:23:06.722 [FXGL Background Thread 3 ] DEBUG Engine               - class com.almasb.fxgl.dev.DevService
15:24:07.258 [JavaFX Application Thread] DEBUG LoopRunner           - Pausing loop
15:24:35.121 [JavaFX Application Thread] DEBUG LoopRunner           - Resuming loop
15:24:36.100 [JavaFX Application Thread] DEBUG LoopRunner           - Pausing loop
15:26:16.584 [JavaFX Application Thread] DEBUG LoopRunner           - Resuming loop
15:26:18.784 [JavaFX Application Thread] DEBUG FXGLApplication      - Exiting FXGL
15:26:18.785 [JavaFX Application Thread] DEBUG LoopRunner           - Stopping loop
15:26:18.785 [JavaFX Application Thread] DEBUG SystemBundleService  - Saving FXGL system data
15:26:18.790 [JavaFX Application Thread] DEBUG FileSystemAccess     - Writing to: C:\Users\mhtsm\OneDrive\Documents\GitHub\SE_challangeweek\MarioGameMavenProject\system\fxgl.bundle
15:26:18.791 [JavaFX Application Thread] DEBUG Async                - Shutting down background threads
15:26:18.791 [JavaFX Application Thread] DEBUG PrimaryStageWindow   - Closing main window
15:26:18.805 [JavaFX Application Thread] DEBUG Logger               - Closing Logger
