15:34:20.745 [main                     ] DEBUG Logger               - Configured Logger
15:34:20.792 [main                     ] DEBUG GameApplication      - Logging settings
Title: Test
Version: 1.0
Width: 500
Height: 500
Fullscreen: false
Intro: false
Profiling: false
Single step:false
App Mode: DEVELOPER
Menu Key: ESCAPE
Stage Style: DECORATED
Scene Factory: class com.almasb.fxgl.app.scene.SceneFactory

15:34:21.285 [JavaFX Application Thread] DEBUG FXGLApplication      - Initializing FXGL
15:34:21.295 [JavaFX Application Thread] INFO  Engine               - FXGL-17.1 (24.03.2022 17.34) on WINDOWS (J:17.0.2 FX:18)
15:34:21.295 [JavaFX Application Thread] DEBUG Engine               - JRE Vendor Name: Oracle Corporation
15:34:21.296 [JavaFX Application Thread] DEBUG Engine               - Running on OS: Windows 10 version 10.0
15:34:21.296 [JavaFX Application Thread] DEBUG Engine               - Architecture: amd64
15:34:21.296 [JavaFX Application Thread] INFO  Engine               - Source code and latest versions at: https://github.com/AlmasB/FXGL
15:34:21.297 [JavaFX Application Thread] INFO  Engine               -       Ask questions and discuss at: https://github.com/AlmasB/FXGL/discussions
15:34:21.297 [JavaFX Application Thread] INFO  Engine               -              Join the FXGL chat at: https://gitter.im/AlmasB/FXGL
15:34:21.462 [JavaFX Application Thread] DEBUG PrimaryStageWindow   - Creating a JavaFX scene
15:34:21.535 [JavaFX Application Thread] DEBUG PrimaryStageWindow   - Target settings size: 500.0 x 500.0
15:34:21.536 [JavaFX Application Thread] DEBUG PrimaryStageWindow   - Scaled scene size:    500.0 x 500.0
15:34:21.536 [JavaFX Application Thread] DEBUG PrimaryStageWindow   - Scaled ratio: (1.0, 1.0)
15:34:21.538 [JavaFX Application Thread] DEBUG PrimaryStageWindow   - Set initial scene to FXGLStartupScene
15:34:21.549 [JavaFX Application Thread] DEBUG PrimaryStageWindow   - Opening main window
15:34:21.670 [JavaFX Application Thread] DEBUG PrimaryStageWindow   - Window border size: (16.0, 39.0)
15:34:21.671 [JavaFX Application Thread] DEBUG PrimaryStageWindow   - Scaled size: 500.0 x 500.0
15:34:21.672 [JavaFX Application Thread] DEBUG PrimaryStageWindow   - Scaled ratio: (1.0, 1.0)
15:34:21.672 [JavaFX Application Thread] DEBUG PrimaryStageWindow   - Scene size: 500.0 x 500.0
15:34:21.673 [JavaFX Application Thread] DEBUG PrimaryStageWindow   - Stage size: 516.0 x 539.0
15:34:21.684 [FXGL Background Thread 1 ] DEBUG Engine               - Initializing environment variables
15:34:21.739 [FXGL Background Thread 1 ] DEBUG FXGLAssetLoaderServi - User app class for loading assets: class Game
15:34:21.739 [FXGL Background Thread 1 ] DEBUG GameApplicationServi - Applying CSS: fxgl_dark.css
15:34:21.740 [FXGL Background Thread 1 ] DEBUG FXGLAssetLoaderServi - Loading from file system: jar:file:/C:/Users/danie/.m2/repository/com/github/almasb/fxgl/17.1/fxgl-17.1.jar!/fxglassets/ui/css/fxgl_dark.css
15:34:21.804 [FXGL Background Thread 1 ] DEBUG GameApplicationServi - Initializing application scenes
15:34:21.858 [FXGL Background Thread 1 ] DEBUG GameWorld            - Game world initialized
15:34:21.935 [FXGL Background Thread 1 ] DEBUG PhysicsWorld         - Physics world initialized: appHeight=500, physics.ppm=50,0
15:34:21.936 [FXGL Background Thread 1 ] DEBUG PhysicsWorld         - Using strategy: BRUTE_FORCE
15:34:21.942 [FXGL Background Thread 1 ] DEBUG GameScene            - Game scene initialized: 500x500
15:34:21.967 [FXGL Background Thread 1 ] WARN  FXGL.DefaultMenu     - FXGLDefaultMenu is not designed for resolutions < 800x600
15:34:21.968 [FXGL Background Thread 1 ] DEBUG FXGL.DefaultMenu     - createMenuBodyGameMenu()
15:34:21.993 [FXGL Background Thread 1 ] DEBUG FXGL.DefaultMenu     - createOptionsMenu()
15:34:22.010 [FXGL Background Thread 1 ] DEBUG FXGLAssetLoaderServi - Loading from file system: jar:file:/C:/Users/danie/.m2/repository/com/github/almasb/fxgl/17.1/fxgl-17.1.jar!/fxglassets/textures/particles/smoke.png
15:34:22.162 [FXGL Background Thread 1 ] DEBUG FXGLAssetLoaderServi - Loading from file system: jar:file:/C:/Users/danie/.m2/repository/com/github/almasb/fxgl/17.1/fxgl-17.1.jar!/fxglassets/textures/particles/trace_horizontal.png
15:34:22.231 [FXGL Background Thread 1 ] DEBUG GameApplicationServi - Application scenes initialized
15:34:22.249 [FXGL Background Thread 1 ] DEBUG SystemBundleService  - Loading FXGL system data
15:34:22.254 [FXGL Background Thread 1 ] DEBUG FileSystemAccess     - Reading from: C:\Users\danie\Documents\GIT\SE_challangeweek\system\fxgl.bundle
15:34:22.260 [FXGL Background Thread 1 ] DEBUG SystemBundleService  - Bundle FXGL: {}
15:34:22.261 [FXGL Background Thread 1 ] DEBUG UpdaterService       - Checking for updates
15:34:22.266 [FXGL Background Thread 4 ] DEBUG FXGLApplication      - Loading fonts
15:34:22.267 [FXGL Background Thread 4 ] DEBUG FXGLAssetLoaderServi - Loading from file system: jar:file:/C:/Users/danie/.m2/repository/com/github/almasb/fxgl/17.1/fxgl-17.1.jar!/fxglassets/ui/fonts/VarelaRound-Regular.ttf
15:34:22.267 [FXGL Background Thread 1 ] DEBUG FXGLApplication      - Loading default localization
15:34:22.268 [FXGL Background Thread 1 ] DEBUG FXGLAssetLoaderServi - Loading from file system: jar:file:/C:/Users/danie/.m2/repository/com/github/almasb/fxgl/17.1/fxgl-17.1.jar!/fxglassets/languages/english.lang
15:34:22.292 [FXGL Background Thread 1 ] INFO  FXGLApplication      - FXGL initialization took: 0,608 sec
15:34:22.306 [JavaFX Application Thread] DEBUG Input                - Registered new binding: action0 - W
15:34:22.306 [JavaFX Application Thread] DEBUG Input                - Registered new binding: action1 - A
15:34:22.307 [JavaFX Application Thread] DEBUG Input                - Registered new binding: action2 - D
15:34:22.308 [JavaFX Application Thread] DEBUG Input                - Registered new binding: action3 - I
15:34:22.309 [JavaFX Application Thread] DEBUG Input                - Registered new binding: action4 - J
15:34:22.309 [JavaFX Application Thread] DEBUG Input                - Registered new binding: action5 - L
15:34:22.310 [JavaFX Application Thread] DEBUG FXGLAssetLoaderServi - Loading from file system: jar:file:/C:/Users/danie/.m2/repository/com/github/almasb/fxgl/17.1/fxgl-17.1.jar!/fxglassets/textures/fxgl_icon.png
15:34:22.343 [JavaFX Application Thread] DEBUG FXGLAssetLoaderServi - Loading from file system: jar:file:/C:/Users/danie/.m2/repository/com/github/almasb/fxgl/17.1/fxgl-17.1.jar!/fxglassets/textures/fxgl_default_cursor.png
15:34:22.347 [JavaFX Application Thread] DEBUG Input                - Registered new binding: Screenshot - CTRL+8
15:34:22.348 [JavaFX Application Thread] DEBUG Input                - Registered new binding: System info dump - CTRL+9
15:34:22.348 [JavaFX Application Thread] DEBUG Input                - Registered new binding: Restart - CTRL+R
15:34:22.350 [JavaFX Application Thread] DEBUG Input                - Registered new binding: Toggle Debug Camera - CTRL+7
15:34:22.351 [FXGL Background Thread 4 ] DEBUG FXGLAssetLoaderServi - Loading from file system: jar:file:/C:/Users/danie/.m2/repository/com/github/almasb/fxgl/17.1/fxgl-17.1.jar!/fxglassets/ui/fonts/Abel-Regular.ttf
15:34:22.354 [JavaFX Application Thread] DEBUG LoopRunner           - Starting loop
15:34:22.354 [JavaFX Application Thread] DEBUG LoopRunner           - Initializing JavaFX AnimationTimerLoop
15:34:22.357 [JavaFX Application Thread] DEBUG GameApplicationServi - Starting new game
15:34:22.358 [JavaFX Application Thread] DEBUG Input                - Clearing active input actions
15:34:22.362 [FXGL Background Thread 4 ] DEBUG FXGLAssetLoaderServi - Loading from file system: jar:file:/C:/Users/danie/.m2/repository/com/github/almasb/fxgl/17.1/fxgl-17.1.jar!/fxglassets/ui/fonts/TerminalLandMono-Regular.otf
15:34:22.374 [FXGL Background Thread 4 ] DEBUG FXGLAssetLoaderServi - Loading from file system: jar:file:/C:/Users/danie/.m2/repository/com/github/almasb/fxgl/17.1/fxgl-17.1.jar!/fxglassets/ui/fonts/Courier-Prime.ttf
15:34:22.374 [JavaFX Application Thread] DEBUG GameApplicationServi - Removing overlay from FXGLStartupScene and adding to FXGLLoadingScene
15:34:22.375 [JavaFX Application Thread] DEBUG PrimaryStageWindow   - FXGLStartupScene -> FXGLLoadingScene
15:34:22.375 [JavaFX Application Thread] DEBUG GameApplicationServi - Clearing previous game
15:34:22.376 [JavaFX Application Thread] DEBUG GameScene            - Clearing game scene
15:34:22.376 [JavaFX Application Thread] DEBUG GameWorld            - Clearing game world
15:34:22.376 [JavaFX Application Thread] DEBUG PhysicsWorld         - Clearing physics world
15:34:22.378 [FXGL Background Thread 1 ] DEBUG FXGLApplication      - Initializing game
15:34:22.383 [FXGL Background Thread 1 ] WARN  FXGLAssetLoaderServi - Asset "/assets/textures/goomba.png" was not found!
15:34:22.383 [FXGL Background Thread 1 ] WARN  FXGLAssetLoaderServi - Failed to load IMAGE
15:34:22.516 [JavaFX Application Thread] DEBUG FXGLApplication      - Registering font factories with UI factory
15:34:22.541 [FXGL Background Thread 1 ] WARN  FXGLAssetLoaderServi - Asset "/assets/textures/goomba.png" was not found!
15:34:22.542 [FXGL Background Thread 1 ] WARN  FXGLAssetLoaderServi - Failed to load IMAGE
15:34:22.544 [FXGL Background Thread 1 ] INFO  FXGLApplication      - Game initialization took: 0,165 sec
15:34:22.561 [JavaFX Application Thread] DEBUG Input                - Clearing active input actions
15:34:22.571 [JavaFX Application Thread] DEBUG GameApplicationServi - Removing overlay from FXGLLoadingScene and adding to GameScene
15:34:22.571 [JavaFX Application Thread] DEBUG PrimaryStageWindow   - FXGLLoadingScene -> GameScene
15:34:25.264 [FXGL Background Thread 3 ] DEBUG Engine               - Logging environment variables
15:34:25.267 [FXGL Background Thread 3 ] DEBUG Engine               - achievements: []
15:34:25.267 [FXGL Background Thread 3 ] DEBUG Engine               - actualHeight: 500.0
15:34:25.268 [FXGL Background Thread 3 ] DEBUG Engine               - actualHeightProperty: ReadOnlyDoubleProperty [value: 500.0]
15:34:25.269 [FXGL Background Thread 3 ] DEBUG Engine               - actualWidth: 500.0
15:34:25.270 [FXGL Background Thread 3 ] DEBUG Engine               - actualWidthProperty: ReadOnlyDoubleProperty [value: 500.0]
15:34:25.270 [FXGL Background Thread 3 ] DEBUG Engine               - appIcon: fxgl_icon.png
15:34:25.270 [FXGL Background Thread 3 ] DEBUG Engine               - applicationMode: DEVELOPER
15:34:25.271 [FXGL Background Thread 3 ] DEBUG Engine               - cSSList: [fxgl_dark.css]
15:34:25.271 [FXGL Background Thread 3 ] DEBUG Engine               - collisionDetectionStrategy: BRUTE_FORCE
15:34:25.271 [FXGL Background Thread 3 ] DEBUG Engine               - configClass: Optional.empty
15:34:25.271 [FXGL Background Thread 3 ] DEBUG Engine               - credits: []
15:34:25.273 [FXGL Background Thread 3 ] DEBUG Engine               - defaultCursor: CursorInfo(imageName=fxgl_default_cursor.png, hotspotX=7.0, hotspotY=6.0)
15:34:25.274 [FXGL Background Thread 3 ] DEBUG Engine               - devBBoxColorProperty: ObjectProperty [value: 0xff0000ff]
15:34:25.274 [FXGL Background Thread 3 ] DEBUG Engine               - devEnableDebugCameraProperty: BooleanProperty [value: false]
15:34:25.275 [FXGL Background Thread 3 ] DEBUG Engine               - devSensorColorProperty: ObjectProperty [value: 0xffff00ff]
15:34:25.275 [FXGL Background Thread 3 ] DEBUG Engine               - devShowBBoxProperty: BooleanProperty [value: false]
15:34:25.276 [FXGL Background Thread 3 ] DEBUG Engine               - devShowPositionProperty: BooleanProperty [value: false]
15:34:25.276 [FXGL Background Thread 3 ] DEBUG Engine               - enabledMenuItems: []
15:34:25.276 [FXGL Background Thread 3 ] DEBUG Engine               - engineServices: [class com.almasb.fxgl.app.services.FXGLAssetLoaderService, class com.almasb.fxgl.app.FXGLApplication$GameApplicationService, class com.almasb.fxgl.app.services.FXGLDialogService, class com.almasb.fxgl.app.services.IOTaskExecutorService, class com.almasb.fxgl.io.FileSystemService, class com.almasb.fxgl.localization.LocalizationService, class com.almasb.fxgl.app.services.SystemBundleService, class com.almasb.fxgl.profile.SaveLoadService, class com.almasb.fxgl.ui.FXGLUIFactoryServiceProvider, class com.almasb.fxgl.ui.FXGLDialogFactoryServiceProvider, class com.almasb.fxgl.audio.AudioPlayer, class com.almasb.fxgl.notification.impl.NotificationServiceProvider, class com.almasb.fxgl.achievement.AchievementService, class com.almasb.fxgl.cutscene.CutsceneService, class com.almasb.fxgl.minigames.MiniGameService, class com.almasb.fxgl.net.NetService, class com.almasb.fxgl.app.services.UpdaterService, class com.almasb.fxgl.dev.DevService]
15:34:25.276 [FXGL Background Thread 3 ] DEBUG Engine               - fontGame: Abel-Regular.ttf
15:34:25.277 [FXGL Background Thread 3 ] DEBUG Engine               - fontMono: TerminalLandMono-Regular.otf
15:34:25.277 [FXGL Background Thread 3 ] DEBUG Engine               - fontText: Courier-Prime.ttf
15:34:25.277 [FXGL Background Thread 3 ] DEBUG Engine               - fontUI: VarelaRound-Regular.ttf
15:34:25.278 [FXGL Background Thread 3 ] DEBUG Engine               - fullScreen: BooleanProperty [value: false]
15:34:25.278 [FXGL Background Thread 3 ] DEBUG Engine               - gameDifficulty: MEDIUM
15:34:25.278 [FXGL Background Thread 3 ] DEBUG Engine               - gameDifficultyProperty: ObjectProperty [value: MEDIUM]
15:34:25.279 [FXGL Background Thread 3 ] DEBUG Engine               - globalMusicVolume: 0.5
15:34:25.279 [FXGL Background Thread 3 ] DEBUG Engine               - globalMusicVolumeProperty: DoubleProperty [value: 0.5]
15:34:25.280 [FXGL Background Thread 3 ] DEBUG Engine               - globalSoundVolume: 0.5
15:34:25.280 [FXGL Background Thread 3 ] DEBUG Engine               - globalSoundVolumeProperty: DoubleProperty [value: 0.5]
15:34:25.280 [FXGL Background Thread 3 ] DEBUG Engine               - height: 500
15:34:25.281 [FXGL Background Thread 3 ] DEBUG Engine               - is3D: false
15:34:25.281 [FXGL Background Thread 3 ] DEBUG Engine               - isAndroid: false
15:34:25.281 [FXGL Background Thread 3 ] DEBUG Engine               - isBrowser: false
15:34:25.281 [FXGL Background Thread 3 ] DEBUG Engine               - isClickFeedbackEnabled: false
15:34:25.282 [FXGL Background Thread 3 ] DEBUG Engine               - isCloseConfirmation: false
15:34:25.282 [FXGL Background Thread 3 ] DEBUG Engine               - isDesktop: true
15:34:25.282 [FXGL Background Thread 3 ] DEBUG Engine               - isDeveloperMenuEnabled: false
15:34:25.282 [FXGL Background Thread 3 ] DEBUG Engine               - isEmbedded: false
15:34:25.283 [FXGL Background Thread 3 ] DEBUG Engine               - isEntityPreloadEnabled: true
15:34:25.283 [FXGL Background Thread 3 ] DEBUG Engine               - isExperimentalTiledLargeMap: false
15:34:25.284 [FXGL Background Thread 3 ] DEBUG Engine               - isFileSystemWriteAllowed: true
15:34:25.284 [FXGL Background Thread 3 ] DEBUG Engine               - isFullScreenAllowed: false
15:34:25.284 [FXGL Background Thread 3 ] DEBUG Engine               - isFullScreenFromStart: false
15:34:25.285 [FXGL Background Thread 3 ] DEBUG Engine               - isGameMenuEnabled: true
15:34:25.285 [FXGL Background Thread 3 ] DEBUG Engine               - isIOS: false
15:34:25.286 [FXGL Background Thread 3 ] DEBUG Engine               - isIntroEnabled: false
15:34:25.286 [FXGL Background Thread 3 ] DEBUG Engine               - isLinux: false
15:34:25.286 [FXGL Background Thread 3 ] DEBUG Engine               - isMac: false
15:34:25.287 [FXGL Background Thread 3 ] DEBUG Engine               - isMainMenuEnabled: false
15:34:25.287 [FXGL Background Thread 3 ] DEBUG Engine               - isManualResizeEnabled: false
15:34:25.288 [FXGL Background Thread 3 ] DEBUG Engine               - isMobile: false
15:34:25.288 [FXGL Background Thread 3 ] DEBUG Engine               - isNative: false
15:34:25.288 [FXGL Background Thread 3 ] DEBUG Engine               - isPauseMusicWhenMinimized: true
15:34:25.288 [FXGL Background Thread 3 ] DEBUG Engine               - isPreserveResizeRatio: false
15:34:25.289 [FXGL Background Thread 3 ] DEBUG Engine               - isProfilingEnabled: false
15:34:25.289 [FXGL Background Thread 3 ] DEBUG Engine               - isScaleAffectedOnResize: true
15:34:25.289 [FXGL Background Thread 3 ] DEBUG Engine               - isSingleStep: false
15:34:25.289 [FXGL Background Thread 3 ] DEBUG Engine               - isUserProfileEnabled: false
15:34:25.290 [FXGL Background Thread 3 ] DEBUG Engine               - isWindows: true
15:34:25.290 [FXGL Background Thread 3 ] DEBUG Engine               - language: ObjectProperty [value: ENGLISH]
15:34:25.290 [FXGL Background Thread 3 ] DEBUG Engine               - menuKey: ESCAPE
15:34:25.291 [FXGL Background Thread 3 ] DEBUG Engine               - mouseSensitivity: 0.2
15:34:25.291 [FXGL Background Thread 3 ] DEBUG Engine               - notificationViewClass: class com.almasb.fxgl.notification.view.XboxNotificationView
15:34:25.292 [FXGL Background Thread 3 ] DEBUG Engine               - pixelsPerMeter: 50.0
15:34:25.292 [FXGL Background Thread 3 ] DEBUG Engine               - platform: WINDOWS
15:34:25.292 [FXGL Background Thread 3 ] DEBUG Engine               - prefHeightProperty: ReadOnlyDoubleProperty [value: 500.0]
15:34:25.292 [FXGL Background Thread 3 ] DEBUG Engine               - prefWidthProperty: ReadOnlyDoubleProperty [value: 500.0]
15:34:25.292 [FXGL Background Thread 3 ] DEBUG Engine               - profileDir: profiles/
15:34:25.293 [FXGL Background Thread 3 ] DEBUG Engine               - profileName: StringProperty [value: DEFAULT]
15:34:25.293 [FXGL Background Thread 3 ] DEBUG Engine               - randomSeed: -1
15:34:25.294 [FXGL Background Thread 3 ] DEBUG Engine               - runtimeInfo: RuntimeInfo(platform=WINDOWS, version=17.1, build=24.03.2022 17.34)
15:34:25.295 [FXGL Background Thread 3 ] DEBUG Engine               - saveFileExt: sav
15:34:25.295 [FXGL Background Thread 3 ] DEBUG Engine               - scaledHeightProp$fxgl: DoubleProperty [bound, value: 500.0]
15:34:25.296 [FXGL Background Thread 3 ] DEBUG Engine               - scaledWidthProp$fxgl: DoubleProperty [bound, value: 500.0]
15:34:25.296 [FXGL Background Thread 3 ] DEBUG Engine               - sceneFactory: com.almasb.fxgl.app.scene.SceneFactory@2565a188
15:34:25.297 [FXGL Background Thread 3 ] DEBUG Engine               - secondsIn24h: 60
15:34:25.297 [FXGL Background Thread 3 ] DEBUG Engine               - soundMenuBack: menu/back.wav
15:34:25.297 [FXGL Background Thread 3 ] DEBUG Engine               - soundMenuPress: menu/press.wav
15:34:25.298 [FXGL Background Thread 3 ] DEBUG Engine               - soundMenuSelect: menu/select.wav
15:34:25.298 [FXGL Background Thread 3 ] DEBUG Engine               - soundNotification: core/notification.wav
15:34:25.298 [FXGL Background Thread 3 ] DEBUG Engine               - stageStyle: DECORATED
15:34:25.298 [FXGL Background Thread 3 ] DEBUG Engine               - supportedLanguages: [ENGLISH, FRENCH, GERMAN, HUNGARIAN, RUSSIAN]
15:34:25.298 [FXGL Background Thread 3 ] DEBUG Engine               - ticksPerSecond: -1
15:34:25.298 [FXGL Background Thread 3 ] DEBUG Engine               - title: Test
15:34:25.299 [FXGL Background Thread 3 ] DEBUG Engine               - urlGithub: https://github.com/AlmasB/FXGL
15:34:25.299 [FXGL Background Thread 3 ] DEBUG Engine               - urlLeaderboard: http://fxgl-top.herokuapp.com/
15:34:25.299 [FXGL Background Thread 3 ] DEBUG Engine               - urlPOM: https://raw.githubusercontent.com/AlmasB/FXGL/release/README.md
15:34:25.299 [FXGL Background Thread 3 ] DEBUG Engine               - userAppClass: class Game
15:34:25.299 [FXGL Background Thread 3 ] DEBUG Engine               - version: 1.0
15:34:25.299 [FXGL Background Thread 3 ] DEBUG Engine               - versionCheckDays: 7
15:34:25.299 [FXGL Background Thread 3 ] DEBUG Engine               - width: 500
15:34:25.299 [FXGL Background Thread 3 ] DEBUG Engine               - Logging services
15:34:25.299 [FXGL Background Thread 3 ] DEBUG Engine               - class com.almasb.fxgl.app.services.FXGLAssetLoaderService
15:34:25.300 [FXGL Background Thread 3 ] DEBUG Engine               - class com.almasb.fxgl.app.FXGLApplication$GameApplicationService
15:34:25.300 [FXGL Background Thread 3 ] DEBUG Engine               - class com.almasb.fxgl.app.services.FXGLDialogService
15:34:25.300 [FXGL Background Thread 3 ] DEBUG Engine               - class com.almasb.fxgl.app.services.IOTaskExecutorService
15:34:25.300 [FXGL Background Thread 3 ] DEBUG Engine               - class com.almasb.fxgl.io.FileSystemService
15:34:25.300 [FXGL Background Thread 3 ] DEBUG Engine               - class com.almasb.fxgl.localization.LocalizationService
15:34:25.300 [FXGL Background Thread 3 ] DEBUG Engine               - class com.almasb.fxgl.app.services.SystemBundleService
15:34:25.300 [FXGL Background Thread 3 ] DEBUG Engine               - class com.almasb.fxgl.profile.SaveLoadService
15:34:25.300 [FXGL Background Thread 3 ] DEBUG Engine               - class com.almasb.fxgl.ui.FXGLUIFactoryServiceProvider
15:34:25.301 [FXGL Background Thread 3 ] DEBUG Engine               - class com.almasb.fxgl.ui.FXGLDialogFactoryServiceProvider
15:34:25.301 [FXGL Background Thread 3 ] DEBUG Engine               - class com.almasb.fxgl.audio.AudioPlayer
15:34:25.301 [FXGL Background Thread 3 ] DEBUG Engine               - class com.almasb.fxgl.notification.impl.NotificationServiceProvider
15:34:25.301 [FXGL Background Thread 3 ] DEBUG Engine               - class com.almasb.fxgl.achievement.AchievementService
15:34:25.301 [FXGL Background Thread 3 ] DEBUG Engine               - class com.almasb.fxgl.cutscene.CutsceneService
15:34:25.301 [FXGL Background Thread 3 ] DEBUG Engine               - class com.almasb.fxgl.minigames.MiniGameService
15:34:25.302 [FXGL Background Thread 3 ] DEBUG Engine               - class com.almasb.fxgl.net.NetService
15:34:25.302 [FXGL Background Thread 3 ] DEBUG Engine               - class com.almasb.fxgl.app.services.UpdaterService
15:34:25.302 [FXGL Background Thread 3 ] DEBUG Engine               - class com.almasb.fxgl.dev.DevService
15:34:29.096 [JavaFX Application Thread] DEBUG FXGLApplication      - Exiting FXGL
15:34:29.096 [JavaFX Application Thread] DEBUG LoopRunner           - Stopping loop
15:34:29.097 [JavaFX Application Thread] DEBUG SystemBundleService  - Saving FXGL system data
15:34:29.101 [JavaFX Application Thread] DEBUG FileSystemAccess     - Writing to: C:\Users\danie\Documents\GIT\SE_challangeweek\system\fxgl.bundle
15:34:29.105 [JavaFX Application Thread] DEBUG Async                - Shutting down background threads
15:34:29.105 [JavaFX Application Thread] DEBUG PrimaryStageWindow   - Closing main window
15:34:29.133 [JavaFX Application Thread] DEBUG Logger               - Closing Logger
