15:00:57.021 [main                     ] DEBUG Logger               - Configured Logger
15:00:57.067 [main                     ] DEBUG GameApplication      - Logging settings
Title: Test
Version: 1.0
Width: 1300
Height: 900
Fullscreen: false
Intro: false
Profiling: false
Single step:false
App Mode: DEVELOPER
Menu Key: ESCAPE
Stage Style: DECORATED
Scene Factory: class com.almasb.fxgl.app.scene.SceneFactory

15:00:57.582 [JavaFX Application Thread] DEBUG FXGLApplication      - Initializing FXGL
15:00:57.591 [JavaFX Application Thread] INFO  Engine               - FXGL-17.1 (24.03.2022 17.34) on WINDOWS (J:17.0.2 FX:18)
15:00:57.591 [JavaFX Application Thread] DEBUG Engine               - JRE Vendor Name: Oracle Corporation
15:00:57.591 [JavaFX Application Thread] DEBUG Engine               - Running on OS: Windows 10 version 10.0
15:00:57.592 [JavaFX Application Thread] DEBUG Engine               - Architecture: amd64
15:00:57.592 [JavaFX Application Thread] INFO  Engine               - Source code and latest versions at: https://github.com/AlmasB/FXGL
15:00:57.592 [JavaFX Application Thread] INFO  Engine               -       Ask questions and discuss at: https://github.com/AlmasB/FXGL/discussions
15:00:57.592 [JavaFX Application Thread] INFO  Engine               -              Join the FXGL chat at: https://gitter.im/AlmasB/FXGL
15:00:57.780 [JavaFX Application Thread] DEBUG PrimaryStageWindow   - Creating a JavaFX scene
15:00:57.861 [JavaFX Application Thread] DEBUG PrimaryStageWindow   - Target settings size: 1300.0 x 900.0
15:00:57.861 [JavaFX Application Thread] DEBUG PrimaryStageWindow   - Scaled scene size:    1300.0 x 900.0
15:00:57.862 [JavaFX Application Thread] DEBUG PrimaryStageWindow   - Scaled ratio: (1.0, 1.0)
15:00:57.863 [JavaFX Application Thread] DEBUG PrimaryStageWindow   - Set initial scene to FXGLStartupScene
15:00:57.876 [JavaFX Application Thread] DEBUG PrimaryStageWindow   - Opening main window
15:00:57.997 [JavaFX Application Thread] DEBUG PrimaryStageWindow   - Window border size: (16.0, 39.0)
15:00:57.998 [JavaFX Application Thread] DEBUG PrimaryStageWindow   - Scaled size: 1300.0 x 900.0
15:00:57.999 [JavaFX Application Thread] DEBUG PrimaryStageWindow   - Scaled ratio: (1.0, 1.0)
15:00:57.999 [JavaFX Application Thread] DEBUG PrimaryStageWindow   - Scene size: 1300.0 x 900.0
15:00:58.000 [JavaFX Application Thread] DEBUG PrimaryStageWindow   - Stage size: 1316.0 x 939.0
15:00:58.013 [FXGL Background Thread 1 ] DEBUG Engine               - Initializing environment variables
15:00:58.073 [FXGL Background Thread 1 ] DEBUG FXGLAssetLoaderServi - User app class for loading assets: class Game
15:00:58.073 [FXGL Background Thread 1 ] DEBUG GameApplicationServi - Applying CSS: fxgl_dark.css
15:00:58.075 [FXGL Background Thread 1 ] DEBUG FXGLAssetLoaderServi - Loading from file system: jar:file:/C:/Users/danie/.m2/repository/com/github/almasb/fxgl/17.1/fxgl-17.1.jar!/fxglassets/ui/css/fxgl_dark.css
15:00:58.131 [FXGL Background Thread 1 ] DEBUG GameApplicationServi - Initializing application scenes
15:00:58.179 [FXGL Background Thread 1 ] DEBUG GameWorld            - Game world initialized
15:00:58.257 [FXGL Background Thread 1 ] DEBUG PhysicsWorld         - Physics world initialized: appHeight=900, physics.ppm=50,0
15:00:58.257 [FXGL Background Thread 1 ] DEBUG PhysicsWorld         - Using strategy: BRUTE_FORCE
15:00:58.263 [FXGL Background Thread 1 ] DEBUG GameScene            - Game scene initialized: 1300x900
15:00:58.285 [FXGL Background Thread 1 ] DEBUG FXGL.DefaultMenu     - createMenuBodyGameMenu()
15:00:58.310 [FXGL Background Thread 1 ] DEBUG FXGL.DefaultMenu     - createOptionsMenu()
15:00:58.325 [FXGL Background Thread 1 ] DEBUG FXGLAssetLoaderServi - Loading from file system: jar:file:/C:/Users/danie/.m2/repository/com/github/almasb/fxgl/17.1/fxgl-17.1.jar!/fxglassets/textures/particles/smoke.png
15:00:58.451 [FXGL Background Thread 1 ] DEBUG FXGLAssetLoaderServi - Loading from file system: jar:file:/C:/Users/danie/.m2/repository/com/github/almasb/fxgl/17.1/fxgl-17.1.jar!/fxglassets/textures/particles/trace_horizontal.png
15:00:58.488 [FXGL Background Thread 1 ] DEBUG GameApplicationServi - Application scenes initialized
15:00:58.503 [FXGL Background Thread 1 ] DEBUG SystemBundleService  - Loading FXGL system data
15:00:58.509 [FXGL Background Thread 1 ] DEBUG FileSystemAccess     - Reading from: C:\Users\danie\Documents\GIT\SE_challangeweek\system\fxgl.bundle
15:00:58.517 [FXGL Background Thread 1 ] DEBUG SystemBundleService  - Bundle FXGL: {}
15:00:58.517 [FXGL Background Thread 1 ] DEBUG UpdaterService       - Checking for updates
15:00:58.524 [FXGL Background Thread 4 ] DEBUG FXGLApplication      - Loading fonts
15:00:58.524 [FXGL Background Thread 4 ] DEBUG FXGLAssetLoaderServi - Loading from file system: jar:file:/C:/Users/danie/.m2/repository/com/github/almasb/fxgl/17.1/fxgl-17.1.jar!/fxglassets/ui/fonts/VarelaRound-Regular.ttf
15:00:58.524 [FXGL Background Thread 1 ] DEBUG FXGLApplication      - Loading default localization
15:00:58.525 [FXGL Background Thread 1 ] DEBUG FXGLAssetLoaderServi - Loading from file system: jar:file:/C:/Users/danie/.m2/repository/com/github/almasb/fxgl/17.1/fxgl-17.1.jar!/fxglassets/languages/english.lang
15:00:58.550 [FXGL Background Thread 1 ] INFO  FXGLApplication      - FXGL initialization took: 0,536 sec
15:00:58.564 [JavaFX Application Thread] DEBUG Input                - Registered new binding: action0 - W
15:00:58.565 [JavaFX Application Thread] DEBUG Input                - Registered new binding: action1 - A
15:00:58.565 [JavaFX Application Thread] DEBUG Input                - Registered new binding: action2 - S
15:00:58.566 [JavaFX Application Thread] DEBUG Input                - Registered new binding: action3 - D
15:00:58.567 [JavaFX Application Thread] DEBUG FXGLAssetLoaderServi - Loading from file system: jar:file:/C:/Users/danie/.m2/repository/com/github/almasb/fxgl/17.1/fxgl-17.1.jar!/fxglassets/textures/fxgl_icon.png
15:00:58.597 [JavaFX Application Thread] DEBUG FXGLAssetLoaderServi - Loading from file system: jar:file:/C:/Users/danie/.m2/repository/com/github/almasb/fxgl/17.1/fxgl-17.1.jar!/fxglassets/textures/fxgl_default_cursor.png
15:00:58.600 [JavaFX Application Thread] DEBUG Input                - Registered new binding: Screenshot - CTRL+8
15:00:58.601 [JavaFX Application Thread] DEBUG Input                - Registered new binding: System info dump - CTRL+9
15:00:58.602 [JavaFX Application Thread] DEBUG Input                - Registered new binding: Restart - CTRL+R
15:00:58.603 [JavaFX Application Thread] DEBUG Input                - Registered new binding: Toggle Debug Camera - CTRL+7
15:00:58.606 [JavaFX Application Thread] DEBUG LoopRunner           - Starting loop
15:00:58.607 [JavaFX Application Thread] DEBUG LoopRunner           - Initializing JavaFX AnimationTimerLoop
15:00:58.608 [FXGL Background Thread 4 ] DEBUG FXGLAssetLoaderServi - Loading from file system: jar:file:/C:/Users/danie/.m2/repository/com/github/almasb/fxgl/17.1/fxgl-17.1.jar!/fxglassets/ui/fonts/Abel-Regular.ttf
15:00:58.610 [JavaFX Application Thread] DEBUG GameApplicationServi - Starting new game
15:00:58.611 [JavaFX Application Thread] DEBUG Input                - Clearing active input actions
15:00:58.620 [FXGL Background Thread 4 ] DEBUG FXGLAssetLoaderServi - Loading from file system: jar:file:/C:/Users/danie/.m2/repository/com/github/almasb/fxgl/17.1/fxgl-17.1.jar!/fxglassets/ui/fonts/TerminalLandMono-Regular.otf
15:00:58.624 [JavaFX Application Thread] DEBUG GameApplicationServi - Removing overlay from FXGLStartupScene and adding to FXGLLoadingScene
15:00:58.625 [JavaFX Application Thread] DEBUG PrimaryStageWindow   - FXGLStartupScene -> FXGLLoadingScene
15:00:58.625 [JavaFX Application Thread] DEBUG GameApplicationServi - Clearing previous game
15:00:58.625 [JavaFX Application Thread] DEBUG GameScene            - Clearing game scene
15:00:58.625 [JavaFX Application Thread] DEBUG GameWorld            - Clearing game world
15:00:58.626 [JavaFX Application Thread] DEBUG PhysicsWorld         - Clearing physics world
15:00:58.628 [FXGL Background Thread 1 ] DEBUG FXGLApplication      - Initializing game
15:00:58.631 [FXGL Background Thread 4 ] DEBUG FXGLAssetLoaderServi - Loading from file system: jar:file:/C:/Users/danie/.m2/repository/com/github/almasb/fxgl/17.1/fxgl-17.1.jar!/fxglassets/ui/fonts/Courier-Prime.ttf
15:00:58.632 [FXGL Background Thread 1 ] WARN  FXGLAssetLoaderServi - Asset "/assets/textures/goomba.png" was not found!
15:00:58.632 [FXGL Background Thread 1 ] WARN  FXGLAssetLoaderServi - Failed to load IMAGE
15:00:58.780 [JavaFX Application Thread] DEBUG FXGLApplication      - Registering font factories with UI factory
15:00:58.806 [FXGL Background Thread 1 ] INFO  FXGLApplication      - Game initialization took: 0,178 sec
15:00:58.829 [JavaFX Application Thread] DEBUG Input                - Clearing active input actions
15:00:58.839 [JavaFX Application Thread] DEBUG GameApplicationServi - Removing overlay from FXGLLoadingScene and adding to GameScene
15:00:58.839 [JavaFX Application Thread] DEBUG PrimaryStageWindow   - FXGLLoadingScene -> GameScene
15:01:01.523 [FXGL Background Thread 3 ] DEBUG Engine               - Logging environment variables
15:01:01.525 [FXGL Background Thread 3 ] DEBUG Engine               - achievements: []
15:01:01.525 [FXGL Background Thread 3 ] DEBUG Engine               - actualHeight: 900.0
15:01:01.526 [FXGL Background Thread 3 ] DEBUG Engine               - actualHeightProperty: ReadOnlyDoubleProperty [value: 900.0]
15:01:01.526 [FXGL Background Thread 3 ] DEBUG Engine               - actualWidth: 1300.0
15:01:01.526 [FXGL Background Thread 3 ] DEBUG Engine               - actualWidthProperty: ReadOnlyDoubleProperty [value: 1300.0]
15:01:01.526 [FXGL Background Thread 3 ] DEBUG Engine               - appIcon: fxgl_icon.png
15:01:01.526 [FXGL Background Thread 3 ] DEBUG Engine               - applicationMode: DEVELOPER
15:01:01.527 [FXGL Background Thread 3 ] DEBUG Engine               - cSSList: [fxgl_dark.css]
15:01:01.527 [FXGL Background Thread 3 ] DEBUG Engine               - collisionDetectionStrategy: BRUTE_FORCE
15:01:01.527 [FXGL Background Thread 3 ] DEBUG Engine               - configClass: Optional.empty
15:01:01.527 [FXGL Background Thread 3 ] DEBUG Engine               - credits: []
15:01:01.528 [FXGL Background Thread 3 ] DEBUG Engine               - defaultCursor: CursorInfo(imageName=fxgl_default_cursor.png, hotspotX=7.0, hotspotY=6.0)
15:01:01.529 [FXGL Background Thread 3 ] DEBUG Engine               - devBBoxColorProperty: ObjectProperty [value: 0xff0000ff]
15:01:01.529 [FXGL Background Thread 3 ] DEBUG Engine               - devEnableDebugCameraProperty: BooleanProperty [value: false]
15:01:01.529 [FXGL Background Thread 3 ] DEBUG Engine               - devSensorColorProperty: ObjectProperty [value: 0xffff00ff]
15:01:01.529 [FXGL Background Thread 3 ] DEBUG Engine               - devShowBBoxProperty: BooleanProperty [value: false]
15:01:01.529 [FXGL Background Thread 3 ] DEBUG Engine               - devShowPositionProperty: BooleanProperty [value: false]
15:01:01.530 [FXGL Background Thread 3 ] DEBUG Engine               - enabledMenuItems: []
15:01:01.530 [FXGL Background Thread 3 ] DEBUG Engine               - engineServices: [class com.almasb.fxgl.app.services.FXGLAssetLoaderService, class com.almasb.fxgl.app.FXGLApplication$GameApplicationService, class com.almasb.fxgl.app.services.FXGLDialogService, class com.almasb.fxgl.app.services.IOTaskExecutorService, class com.almasb.fxgl.io.FileSystemService, class com.almasb.fxgl.localization.LocalizationService, class com.almasb.fxgl.app.services.SystemBundleService, class com.almasb.fxgl.profile.SaveLoadService, class com.almasb.fxgl.ui.FXGLUIFactoryServiceProvider, class com.almasb.fxgl.ui.FXGLDialogFactoryServiceProvider, class com.almasb.fxgl.audio.AudioPlayer, class com.almasb.fxgl.notification.impl.NotificationServiceProvider, class com.almasb.fxgl.achievement.AchievementService, class com.almasb.fxgl.cutscene.CutsceneService, class com.almasb.fxgl.minigames.MiniGameService, class com.almasb.fxgl.net.NetService, class com.almasb.fxgl.app.services.UpdaterService, class com.almasb.fxgl.dev.DevService]
15:01:01.530 [FXGL Background Thread 3 ] DEBUG Engine               - fontGame: Abel-Regular.ttf
15:01:01.531 [FXGL Background Thread 3 ] DEBUG Engine               - fontMono: TerminalLandMono-Regular.otf
15:01:01.531 [FXGL Background Thread 3 ] DEBUG Engine               - fontText: Courier-Prime.ttf
15:01:01.531 [FXGL Background Thread 3 ] DEBUG Engine               - fontUI: VarelaRound-Regular.ttf
15:01:01.532 [FXGL Background Thread 3 ] DEBUG Engine               - fullScreen: BooleanProperty [value: false]
15:01:01.532 [FXGL Background Thread 3 ] DEBUG Engine               - gameDifficulty: MEDIUM
15:01:01.532 [FXGL Background Thread 3 ] DEBUG Engine               - gameDifficultyProperty: ObjectProperty [value: MEDIUM]
15:01:01.533 [FXGL Background Thread 3 ] DEBUG Engine               - globalMusicVolume: 0.5
15:01:01.533 [FXGL Background Thread 3 ] DEBUG Engine               - globalMusicVolumeProperty: DoubleProperty [value: 0.5]
15:01:01.533 [FXGL Background Thread 3 ] DEBUG Engine               - globalSoundVolume: 0.5
15:01:01.534 [FXGL Background Thread 3 ] DEBUG Engine               - globalSoundVolumeProperty: DoubleProperty [value: 0.5]
15:01:01.534 [FXGL Background Thread 3 ] DEBUG Engine               - height: 900
15:01:01.534 [FXGL Background Thread 3 ] DEBUG Engine               - is3D: false
15:01:01.534 [FXGL Background Thread 3 ] DEBUG Engine               - isAndroid: false
15:01:01.534 [FXGL Background Thread 3 ] DEBUG Engine               - isBrowser: false
15:01:01.535 [FXGL Background Thread 3 ] DEBUG Engine               - isClickFeedbackEnabled: false
15:01:01.535 [FXGL Background Thread 3 ] DEBUG Engine               - isCloseConfirmation: false
15:01:01.535 [FXGL Background Thread 3 ] DEBUG Engine               - isDesktop: true
15:01:01.536 [FXGL Background Thread 3 ] DEBUG Engine               - isDeveloperMenuEnabled: false
15:01:01.536 [FXGL Background Thread 3 ] DEBUG Engine               - isEmbedded: false
15:01:01.536 [FXGL Background Thread 3 ] DEBUG Engine               - isEntityPreloadEnabled: true
15:01:01.537 [FXGL Background Thread 3 ] DEBUG Engine               - isExperimentalTiledLargeMap: false
15:01:01.537 [FXGL Background Thread 3 ] DEBUG Engine               - isFileSystemWriteAllowed: true
15:01:01.537 [FXGL Background Thread 3 ] DEBUG Engine               - isFullScreenAllowed: false
15:01:01.537 [FXGL Background Thread 3 ] DEBUG Engine               - isFullScreenFromStart: false
15:01:01.538 [FXGL Background Thread 3 ] DEBUG Engine               - isGameMenuEnabled: true
15:01:01.538 [FXGL Background Thread 3 ] DEBUG Engine               - isIOS: false
15:01:01.539 [FXGL Background Thread 3 ] DEBUG Engine               - isIntroEnabled: false
15:01:01.539 [FXGL Background Thread 3 ] DEBUG Engine               - isLinux: false
15:01:01.539 [FXGL Background Thread 3 ] DEBUG Engine               - isMac: false
15:01:01.540 [FXGL Background Thread 3 ] DEBUG Engine               - isMainMenuEnabled: false
15:01:01.540 [FXGL Background Thread 3 ] DEBUG Engine               - isManualResizeEnabled: false
15:01:01.540 [FXGL Background Thread 3 ] DEBUG Engine               - isMobile: false
15:01:01.541 [FXGL Background Thread 3 ] DEBUG Engine               - isNative: false
15:01:01.541 [FXGL Background Thread 3 ] DEBUG Engine               - isPauseMusicWhenMinimized: true
15:01:01.541 [FXGL Background Thread 3 ] DEBUG Engine               - isPreserveResizeRatio: false
15:01:01.542 [FXGL Background Thread 3 ] DEBUG Engine               - isProfilingEnabled: false
15:01:01.542 [FXGL Background Thread 3 ] DEBUG Engine               - isScaleAffectedOnResize: true
15:01:01.542 [FXGL Background Thread 3 ] DEBUG Engine               - isSingleStep: false
15:01:01.542 [FXGL Background Thread 3 ] DEBUG Engine               - isUserProfileEnabled: false
15:01:01.542 [FXGL Background Thread 3 ] DEBUG Engine               - isWindows: true
15:01:01.543 [FXGL Background Thread 3 ] DEBUG Engine               - language: ObjectProperty [value: ENGLISH]
15:01:01.543 [FXGL Background Thread 3 ] DEBUG Engine               - menuKey: ESCAPE
15:01:01.543 [FXGL Background Thread 3 ] DEBUG Engine               - mouseSensitivity: 0.2
15:01:01.543 [FXGL Background Thread 3 ] DEBUG Engine               - notificationViewClass: class com.almasb.fxgl.notification.view.XboxNotificationView
15:01:01.543 [FXGL Background Thread 3 ] DEBUG Engine               - pixelsPerMeter: 50.0
15:01:01.544 [FXGL Background Thread 3 ] DEBUG Engine               - platform: WINDOWS
15:01:01.544 [FXGL Background Thread 3 ] DEBUG Engine               - prefHeightProperty: ReadOnlyDoubleProperty [value: 900.0]
15:01:01.544 [FXGL Background Thread 3 ] DEBUG Engine               - prefWidthProperty: ReadOnlyDoubleProperty [value: 1300.0]
15:01:01.544 [FXGL Background Thread 3 ] DEBUG Engine               - profileDir: profiles/
15:01:01.545 [FXGL Background Thread 3 ] DEBUG Engine               - profileName: StringProperty [value: DEFAULT]
15:01:01.545 [FXGL Background Thread 3 ] DEBUG Engine               - randomSeed: -1
15:01:01.546 [FXGL Background Thread 3 ] DEBUG Engine               - runtimeInfo: RuntimeInfo(platform=WINDOWS, version=17.1, build=24.03.2022 17.34)
15:01:01.547 [FXGL Background Thread 3 ] DEBUG Engine               - saveFileExt: sav
15:01:01.547 [FXGL Background Thread 3 ] DEBUG Engine               - scaledHeightProp$fxgl: DoubleProperty [bound, value: 900.0]
15:01:01.547 [FXGL Background Thread 3 ] DEBUG Engine               - scaledWidthProp$fxgl: DoubleProperty [bound, value: 1300.0]
15:01:01.548 [FXGL Background Thread 3 ] DEBUG Engine               - sceneFactory: com.almasb.fxgl.app.scene.SceneFactory@78c2bde5
15:01:01.548 [FXGL Background Thread 3 ] DEBUG Engine               - secondsIn24h: 60
15:01:01.548 [FXGL Background Thread 3 ] DEBUG Engine               - soundMenuBack: menu/back.wav
15:01:01.548 [FXGL Background Thread 3 ] DEBUG Engine               - soundMenuPress: menu/press.wav
15:01:01.548 [FXGL Background Thread 3 ] DEBUG Engine               - soundMenuSelect: menu/select.wav
15:01:01.548 [FXGL Background Thread 3 ] DEBUG Engine               - soundNotification: core/notification.wav
15:01:01.549 [FXGL Background Thread 3 ] DEBUG Engine               - stageStyle: DECORATED
15:01:01.549 [FXGL Background Thread 3 ] DEBUG Engine               - supportedLanguages: [ENGLISH, FRENCH, GERMAN, HUNGARIAN, RUSSIAN]
15:01:01.549 [FXGL Background Thread 3 ] DEBUG Engine               - ticksPerSecond: -1
15:01:01.549 [FXGL Background Thread 3 ] DEBUG Engine               - title: Test
15:01:01.549 [FXGL Background Thread 3 ] DEBUG Engine               - urlGithub: https://github.com/AlmasB/FXGL
15:01:01.550 [FXGL Background Thread 3 ] DEBUG Engine               - urlLeaderboard: http://fxgl-top.herokuapp.com/
15:01:01.550 [FXGL Background Thread 3 ] DEBUG Engine               - urlPOM: https://raw.githubusercontent.com/AlmasB/FXGL/release/README.md
15:01:01.550 [FXGL Background Thread 3 ] DEBUG Engine               - userAppClass: class Game
15:01:01.550 [FXGL Background Thread 3 ] DEBUG Engine               - version: 1.0
15:01:01.550 [FXGL Background Thread 3 ] DEBUG Engine               - versionCheckDays: 7
15:01:01.551 [FXGL Background Thread 3 ] DEBUG Engine               - width: 1300
15:01:01.551 [FXGL Background Thread 3 ] DEBUG Engine               - Logging services
15:01:01.551 [FXGL Background Thread 3 ] DEBUG Engine               - class com.almasb.fxgl.app.services.FXGLAssetLoaderService
15:01:01.552 [FXGL Background Thread 3 ] DEBUG Engine               - class com.almasb.fxgl.app.FXGLApplication$GameApplicationService
15:01:01.552 [FXGL Background Thread 3 ] DEBUG Engine               - class com.almasb.fxgl.app.services.FXGLDialogService
15:01:01.552 [FXGL Background Thread 3 ] DEBUG Engine               - class com.almasb.fxgl.app.services.IOTaskExecutorService
15:01:01.552 [FXGL Background Thread 3 ] DEBUG Engine               - class com.almasb.fxgl.io.FileSystemService
15:01:01.553 [FXGL Background Thread 3 ] DEBUG Engine               - class com.almasb.fxgl.localization.LocalizationService
15:01:01.553 [FXGL Background Thread 3 ] DEBUG Engine               - class com.almasb.fxgl.app.services.SystemBundleService
15:01:01.553 [FXGL Background Thread 3 ] DEBUG Engine               - class com.almasb.fxgl.profile.SaveLoadService
15:01:01.554 [FXGL Background Thread 3 ] DEBUG Engine               - class com.almasb.fxgl.ui.FXGLUIFactoryServiceProvider
15:01:01.554 [FXGL Background Thread 3 ] DEBUG Engine               - class com.almasb.fxgl.ui.FXGLDialogFactoryServiceProvider
15:01:01.554 [FXGL Background Thread 3 ] DEBUG Engine               - class com.almasb.fxgl.audio.AudioPlayer
15:01:01.554 [FXGL Background Thread 3 ] DEBUG Engine               - class com.almasb.fxgl.notification.impl.NotificationServiceProvider
15:01:01.555 [FXGL Background Thread 3 ] DEBUG Engine               - class com.almasb.fxgl.achievement.AchievementService
15:01:01.555 [FXGL Background Thread 3 ] DEBUG Engine               - class com.almasb.fxgl.cutscene.CutsceneService
15:01:01.555 [FXGL Background Thread 3 ] DEBUG Engine               - class com.almasb.fxgl.minigames.MiniGameService
15:01:01.555 [FXGL Background Thread 3 ] DEBUG Engine               - class com.almasb.fxgl.net.NetService
15:01:01.556 [FXGL Background Thread 3 ] DEBUG Engine               - class com.almasb.fxgl.app.services.UpdaterService
15:01:01.556 [FXGL Background Thread 3 ] DEBUG Engine               - class com.almasb.fxgl.dev.DevService
15:01:02.992 [JavaFX Application Thread] DEBUG FXGLApplication      - Exiting FXGL
15:01:02.993 [JavaFX Application Thread] DEBUG LoopRunner           - Stopping loop
15:01:02.993 [JavaFX Application Thread] DEBUG SystemBundleService  - Saving FXGL system data
15:01:02.998 [JavaFX Application Thread] DEBUG FileSystemAccess     - Writing to: C:\Users\danie\Documents\GIT\SE_challangeweek\system\fxgl.bundle
15:01:03.002 [JavaFX Application Thread] DEBUG Async                - Shutting down background threads
15:01:03.003 [JavaFX Application Thread] DEBUG PrimaryStageWindow   - Closing main window
15:01:03.042 [JavaFX Application Thread] DEBUG Logger               - Closing Logger
