15:00:22.169 [main                     ] DEBUG Logger               - Configured Logger
15:00:22.210 [main                     ] DEBUG GameApplication      - Logging settings
Title: Test
Version: 1.0
Width: 1300
Height: 900
Fullscreen: false
Intro: false
Profiling: false
Single step:false
App Mode: DEVELOPER
Menu Key: ESCAPE
Stage Style: DECORATED
Scene Factory: class com.almasb.fxgl.app.scene.SceneFactory

15:00:22.720 [JavaFX Application Thread] DEBUG FXGLApplication      - Initializing FXGL
15:00:22.728 [JavaFX Application Thread] INFO  Engine               - FXGL-17.1 (24.03.2022 17.34) on WINDOWS (J:17.0.2 FX:18)
15:00:22.728 [JavaFX Application Thread] DEBUG Engine               - JRE Vendor Name: Oracle Corporation
15:00:22.728 [JavaFX Application Thread] DEBUG Engine               - Running on OS: Windows 10 version 10.0
15:00:22.729 [JavaFX Application Thread] DEBUG Engine               - Architecture: amd64
15:00:22.729 [JavaFX Application Thread] INFO  Engine               - Source code and latest versions at: https://github.com/AlmasB/FXGL
15:00:22.729 [JavaFX Application Thread] INFO  Engine               -       Ask questions and discuss at: https://github.com/AlmasB/FXGL/discussions
15:00:22.729 [JavaFX Application Thread] INFO  Engine               -              Join the FXGL chat at: https://gitter.im/AlmasB/FXGL
15:00:22.899 [JavaFX Application Thread] DEBUG PrimaryStageWindow   - Creating a JavaFX scene
15:00:23.012 [JavaFX Application Thread] DEBUG PrimaryStageWindow   - Target settings size: 1300.0 x 900.0
15:00:23.013 [JavaFX Application Thread] DEBUG PrimaryStageWindow   - Scaled scene size:    1300.0 x 900.0
15:00:23.013 [JavaFX Application Thread] DEBUG PrimaryStageWindow   - Scaled ratio: (1.0, 1.0)
15:00:23.015 [JavaFX Application Thread] DEBUG PrimaryStageWindow   - Set initial scene to FXGLStartupScene
15:00:23.027 [JavaFX Application Thread] DEBUG PrimaryStageWindow   - Opening main window
15:00:23.142 [JavaFX Application Thread] DEBUG PrimaryStageWindow   - Window border size: (16.0, 39.0)
15:00:23.143 [JavaFX Application Thread] DEBUG PrimaryStageWindow   - Scaled size: 1300.0 x 900.0
15:00:23.144 [JavaFX Application Thread] DEBUG PrimaryStageWindow   - Scaled ratio: (1.0, 1.0)
15:00:23.144 [JavaFX Application Thread] DEBUG PrimaryStageWindow   - Scene size: 1300.0 x 900.0
15:00:23.145 [JavaFX Application Thread] DEBUG PrimaryStageWindow   - Stage size: 1316.0 x 939.0
15:00:23.157 [FXGL Background Thread 1 ] DEBUG Engine               - Initializing environment variables
15:00:23.210 [FXGL Background Thread 1 ] DEBUG FXGLAssetLoaderServi - User app class for loading assets: class Game
15:00:23.210 [FXGL Background Thread 1 ] DEBUG GameApplicationServi - Applying CSS: fxgl_dark.css
15:00:23.211 [FXGL Background Thread 1 ] DEBUG FXGLAssetLoaderServi - Loading from file system: jar:file:/C:/Users/danie/.m2/repository/com/github/almasb/fxgl/17.1/fxgl-17.1.jar!/fxglassets/ui/css/fxgl_dark.css
15:00:23.270 [FXGL Background Thread 1 ] DEBUG GameApplicationServi - Initializing application scenes
15:00:23.323 [FXGL Background Thread 1 ] DEBUG GameWorld            - Game world initialized
15:00:23.399 [FXGL Background Thread 1 ] DEBUG PhysicsWorld         - Physics world initialized: appHeight=900, physics.ppm=50,0
15:00:23.399 [FXGL Background Thread 1 ] DEBUG PhysicsWorld         - Using strategy: BRUTE_FORCE
15:00:23.404 [FXGL Background Thread 1 ] DEBUG GameScene            - Game scene initialized: 1300x900
15:00:23.424 [FXGL Background Thread 1 ] DEBUG FXGL.DefaultMenu     - createMenuBodyGameMenu()
15:00:23.447 [FXGL Background Thread 1 ] DEBUG FXGL.DefaultMenu     - createOptionsMenu()
15:00:23.465 [FXGL Background Thread 1 ] DEBUG FXGLAssetLoaderServi - Loading from file system: jar:file:/C:/Users/danie/.m2/repository/com/github/almasb/fxgl/17.1/fxgl-17.1.jar!/fxglassets/textures/particles/smoke.png
15:00:23.603 [FXGL Background Thread 1 ] DEBUG FXGLAssetLoaderServi - Loading from file system: jar:file:/C:/Users/danie/.m2/repository/com/github/almasb/fxgl/17.1/fxgl-17.1.jar!/fxglassets/textures/particles/trace_horizontal.png
15:00:23.639 [FXGL Background Thread 1 ] DEBUG GameApplicationServi - Application scenes initialized
15:00:23.654 [FXGL Background Thread 1 ] DEBUG SystemBundleService  - Loading FXGL system data
15:00:23.660 [FXGL Background Thread 1 ] DEBUG FileSystemAccess     - Reading from: C:\Users\danie\Documents\GIT\SE_challangeweek\system\fxgl.bundle
15:00:23.667 [FXGL Background Thread 1 ] DEBUG SystemBundleService  - Bundle FXGL: {}
15:00:23.667 [FXGL Background Thread 1 ] DEBUG UpdaterService       - Checking for updates
15:00:23.673 [FXGL Background Thread 4 ] DEBUG FXGLApplication      - Loading fonts
15:00:23.674 [FXGL Background Thread 4 ] DEBUG FXGLAssetLoaderServi - Loading from file system: jar:file:/C:/Users/danie/.m2/repository/com/github/almasb/fxgl/17.1/fxgl-17.1.jar!/fxglassets/ui/fonts/VarelaRound-Regular.ttf
15:00:23.674 [FXGL Background Thread 1 ] DEBUG FXGLApplication      - Loading default localization
15:00:23.675 [FXGL Background Thread 1 ] DEBUG FXGLAssetLoaderServi - Loading from file system: jar:file:/C:/Users/danie/.m2/repository/com/github/almasb/fxgl/17.1/fxgl-17.1.jar!/fxglassets/languages/english.lang
15:00:23.702 [FXGL Background Thread 1 ] INFO  FXGLApplication      - FXGL initialization took: 0,544 sec
15:00:23.717 [JavaFX Application Thread] DEBUG Input                - Registered new binding: action0 - W
15:00:23.717 [JavaFX Application Thread] DEBUG Input                - Registered new binding: action1 - A
15:00:23.718 [JavaFX Application Thread] DEBUG Input                - Registered new binding: action2 - S
15:00:23.718 [JavaFX Application Thread] DEBUG Input                - Registered new binding: action3 - D
15:00:23.719 [JavaFX Application Thread] DEBUG FXGLAssetLoaderServi - Loading from file system: jar:file:/C:/Users/danie/.m2/repository/com/github/almasb/fxgl/17.1/fxgl-17.1.jar!/fxglassets/textures/fxgl_icon.png
15:00:23.755 [JavaFX Application Thread] DEBUG FXGLAssetLoaderServi - Loading from file system: jar:file:/C:/Users/danie/.m2/repository/com/github/almasb/fxgl/17.1/fxgl-17.1.jar!/fxglassets/textures/fxgl_default_cursor.png
15:00:23.758 [FXGL Background Thread 4 ] DEBUG FXGLAssetLoaderServi - Loading from file system: jar:file:/C:/Users/danie/.m2/repository/com/github/almasb/fxgl/17.1/fxgl-17.1.jar!/fxglassets/ui/fonts/Abel-Regular.ttf
15:00:23.759 [JavaFX Application Thread] DEBUG Input                - Registered new binding: Screenshot - CTRL+8
15:00:23.760 [JavaFX Application Thread] DEBUG Input                - Registered new binding: System info dump - CTRL+9
15:00:23.760 [JavaFX Application Thread] DEBUG Input                - Registered new binding: Restart - CTRL+R
15:00:23.762 [JavaFX Application Thread] DEBUG Input                - Registered new binding: Toggle Debug Camera - CTRL+7
15:00:23.766 [JavaFX Application Thread] DEBUG LoopRunner           - Starting loop
15:00:23.766 [JavaFX Application Thread] DEBUG LoopRunner           - Initializing JavaFX AnimationTimerLoop
15:00:23.769 [FXGL Background Thread 4 ] DEBUG FXGLAssetLoaderServi - Loading from file system: jar:file:/C:/Users/danie/.m2/repository/com/github/almasb/fxgl/17.1/fxgl-17.1.jar!/fxglassets/ui/fonts/TerminalLandMono-Regular.otf
15:00:23.769 [JavaFX Application Thread] DEBUG GameApplicationServi - Starting new game
15:00:23.769 [JavaFX Application Thread] DEBUG Input                - Clearing active input actions
15:00:23.779 [FXGL Background Thread 4 ] DEBUG FXGLAssetLoaderServi - Loading from file system: jar:file:/C:/Users/danie/.m2/repository/com/github/almasb/fxgl/17.1/fxgl-17.1.jar!/fxglassets/ui/fonts/Courier-Prime.ttf
15:00:23.786 [JavaFX Application Thread] DEBUG GameApplicationServi - Removing overlay from FXGLStartupScene and adding to FXGLLoadingScene
15:00:23.787 [JavaFX Application Thread] DEBUG PrimaryStageWindow   - FXGLStartupScene -> FXGLLoadingScene
15:00:23.787 [JavaFX Application Thread] DEBUG GameApplicationServi - Clearing previous game
15:00:23.787 [JavaFX Application Thread] DEBUG GameScene            - Clearing game scene
15:00:23.788 [JavaFX Application Thread] DEBUG GameWorld            - Clearing game world
15:00:23.788 [JavaFX Application Thread] DEBUG PhysicsWorld         - Clearing physics world
15:00:23.791 [FXGL Background Thread 1 ] DEBUG FXGLApplication      - Initializing game
15:00:23.817 [FXGL Background Thread 1 ] INFO  FXGLApplication      - Game initialization took: 0,026 sec
15:00:23.845 [JavaFX Application Thread] DEBUG FXGLApplication      - Registering font factories with UI factory
15:00:23.848 [JavaFX Application Thread] DEBUG Input                - Clearing active input actions
15:00:23.857 [JavaFX Application Thread] DEBUG GameApplicationServi - Removing overlay from FXGLLoadingScene and adding to GameScene
15:00:23.857 [JavaFX Application Thread] DEBUG PrimaryStageWindow   - FXGLLoadingScene -> GameScene
15:00:26.671 [FXGL Background Thread 3 ] DEBUG Engine               - Logging environment variables
15:00:26.673 [FXGL Background Thread 3 ] DEBUG Engine               - achievements: []
15:00:26.673 [FXGL Background Thread 3 ] DEBUG Engine               - actualHeight: 900.0
15:00:26.674 [FXGL Background Thread 3 ] DEBUG Engine               - actualHeightProperty: ReadOnlyDoubleProperty [value: 900.0]
15:00:26.674 [FXGL Background Thread 3 ] DEBUG Engine               - actualWidth: 1300.0
15:00:26.674 [FXGL Background Thread 3 ] DEBUG Engine               - actualWidthProperty: ReadOnlyDoubleProperty [value: 1300.0]
15:00:26.675 [FXGL Background Thread 3 ] DEBUG Engine               - appIcon: fxgl_icon.png
15:00:26.675 [FXGL Background Thread 3 ] DEBUG Engine               - applicationMode: DEVELOPER
15:00:26.675 [FXGL Background Thread 3 ] DEBUG Engine               - cSSList: [fxgl_dark.css]
15:00:26.676 [FXGL Background Thread 3 ] DEBUG Engine               - collisionDetectionStrategy: BRUTE_FORCE
15:00:26.676 [FXGL Background Thread 3 ] DEBUG Engine               - configClass: Optional.empty
15:00:26.676 [FXGL Background Thread 3 ] DEBUG Engine               - credits: []
15:00:26.677 [FXGL Background Thread 3 ] DEBUG Engine               - defaultCursor: CursorInfo(imageName=fxgl_default_cursor.png, hotspotX=7.0, hotspotY=6.0)
15:00:26.678 [FXGL Background Thread 3 ] DEBUG Engine               - devBBoxColorProperty: ObjectProperty [value: 0xff0000ff]
15:00:26.679 [FXGL Background Thread 3 ] DEBUG Engine               - devEnableDebugCameraProperty: BooleanProperty [value: false]
15:00:26.679 [FXGL Background Thread 3 ] DEBUG Engine               - devSensorColorProperty: ObjectProperty [value: 0xffff00ff]
15:00:26.680 [FXGL Background Thread 3 ] DEBUG Engine               - devShowBBoxProperty: BooleanProperty [value: false]
15:00:26.680 [FXGL Background Thread 3 ] DEBUG Engine               - devShowPositionProperty: BooleanProperty [value: false]
15:00:26.681 [FXGL Background Thread 3 ] DEBUG Engine               - enabledMenuItems: []
15:00:26.681 [FXGL Background Thread 3 ] DEBUG Engine               - engineServices: [class com.almasb.fxgl.app.services.FXGLAssetLoaderService, class com.almasb.fxgl.app.FXGLApplication$GameApplicationService, class com.almasb.fxgl.app.services.FXGLDialogService, class com.almasb.fxgl.app.services.IOTaskExecutorService, class com.almasb.fxgl.io.FileSystemService, class com.almasb.fxgl.localization.LocalizationService, class com.almasb.fxgl.app.services.SystemBundleService, class com.almasb.fxgl.profile.SaveLoadService, class com.almasb.fxgl.ui.FXGLUIFactoryServiceProvider, class com.almasb.fxgl.ui.FXGLDialogFactoryServiceProvider, class com.almasb.fxgl.audio.AudioPlayer, class com.almasb.fxgl.notification.impl.NotificationServiceProvider, class com.almasb.fxgl.achievement.AchievementService, class com.almasb.fxgl.cutscene.CutsceneService, class com.almasb.fxgl.minigames.MiniGameService, class com.almasb.fxgl.net.NetService, class com.almasb.fxgl.app.services.UpdaterService, class com.almasb.fxgl.dev.DevService]
15:00:26.681 [FXGL Background Thread 3 ] DEBUG Engine               - fontGame: Abel-Regular.ttf
15:00:26.682 [FXGL Background Thread 3 ] DEBUG Engine               - fontMono: TerminalLandMono-Regular.otf
15:00:26.682 [FXGL Background Thread 3 ] DEBUG Engine               - fontText: Courier-Prime.ttf
15:00:26.682 [FXGL Background Thread 3 ] DEBUG Engine               - fontUI: VarelaRound-Regular.ttf
15:00:26.682 [FXGL Background Thread 3 ] DEBUG Engine               - fullScreen: BooleanProperty [value: false]
15:00:26.683 [FXGL Background Thread 3 ] DEBUG Engine               - gameDifficulty: MEDIUM
15:00:26.683 [FXGL Background Thread 3 ] DEBUG Engine               - gameDifficultyProperty: ObjectProperty [value: MEDIUM]
15:00:26.683 [FXGL Background Thread 3 ] DEBUG Engine               - globalMusicVolume: 0.5
15:00:26.684 [FXGL Background Thread 3 ] DEBUG Engine               - globalMusicVolumeProperty: DoubleProperty [value: 0.5]
15:00:26.684 [FXGL Background Thread 3 ] DEBUG Engine               - globalSoundVolume: 0.5
15:00:26.684 [FXGL Background Thread 3 ] DEBUG Engine               - globalSoundVolumeProperty: DoubleProperty [value: 0.5]
15:00:26.685 [FXGL Background Thread 3 ] DEBUG Engine               - height: 900
15:00:26.685 [FXGL Background Thread 3 ] DEBUG Engine               - is3D: false
15:00:26.685 [FXGL Background Thread 3 ] DEBUG Engine               - isAndroid: false
15:00:26.686 [FXGL Background Thread 3 ] DEBUG Engine               - isBrowser: false
15:00:26.686 [FXGL Background Thread 3 ] DEBUG Engine               - isClickFeedbackEnabled: false
15:00:26.686 [FXGL Background Thread 3 ] DEBUG Engine               - isCloseConfirmation: false
15:00:26.686 [FXGL Background Thread 3 ] DEBUG Engine               - isDesktop: true
15:00:26.687 [FXGL Background Thread 3 ] DEBUG Engine               - isDeveloperMenuEnabled: false
15:00:26.687 [FXGL Background Thread 3 ] DEBUG Engine               - isEmbedded: false
15:00:26.687 [FXGL Background Thread 3 ] DEBUG Engine               - isEntityPreloadEnabled: true
15:00:26.688 [FXGL Background Thread 3 ] DEBUG Engine               - isExperimentalTiledLargeMap: false
15:00:26.688 [FXGL Background Thread 3 ] DEBUG Engine               - isFileSystemWriteAllowed: true
15:00:26.688 [FXGL Background Thread 3 ] DEBUG Engine               - isFullScreenAllowed: false
15:00:26.689 [FXGL Background Thread 3 ] DEBUG Engine               - isFullScreenFromStart: false
15:00:26.689 [FXGL Background Thread 3 ] DEBUG Engine               - isGameMenuEnabled: true
15:00:26.690 [FXGL Background Thread 3 ] DEBUG Engine               - isIOS: false
15:00:26.690 [FXGL Background Thread 3 ] DEBUG Engine               - isIntroEnabled: false
15:00:26.690 [FXGL Background Thread 3 ] DEBUG Engine               - isLinux: false
15:00:26.691 [FXGL Background Thread 3 ] DEBUG Engine               - isMac: false
15:00:26.691 [FXGL Background Thread 3 ] DEBUG Engine               - isMainMenuEnabled: false
15:00:26.691 [FXGL Background Thread 3 ] DEBUG Engine               - isManualResizeEnabled: false
15:00:26.692 [FXGL Background Thread 3 ] DEBUG Engine               - isMobile: false
15:00:26.692 [FXGL Background Thread 3 ] DEBUG Engine               - isNative: false
15:00:26.692 [FXGL Background Thread 3 ] DEBUG Engine               - isPauseMusicWhenMinimized: true
15:00:26.693 [FXGL Background Thread 3 ] DEBUG Engine               - isPreserveResizeRatio: false
15:00:26.693 [FXGL Background Thread 3 ] DEBUG Engine               - isProfilingEnabled: false
15:00:26.693 [FXGL Background Thread 3 ] DEBUG Engine               - isScaleAffectedOnResize: true
15:00:26.694 [FXGL Background Thread 3 ] DEBUG Engine               - isSingleStep: false
15:00:26.694 [FXGL Background Thread 3 ] DEBUG Engine               - isUserProfileEnabled: false
15:00:26.694 [FXGL Background Thread 3 ] DEBUG Engine               - isWindows: true
15:00:26.694 [FXGL Background Thread 3 ] DEBUG Engine               - language: ObjectProperty [value: ENGLISH]
15:00:26.695 [FXGL Background Thread 3 ] DEBUG Engine               - menuKey: ESCAPE
15:00:26.695 [FXGL Background Thread 3 ] DEBUG Engine               - mouseSensitivity: 0.2
15:00:26.696 [FXGL Background Thread 3 ] DEBUG Engine               - notificationViewClass: class com.almasb.fxgl.notification.view.XboxNotificationView
15:00:26.696 [FXGL Background Thread 3 ] DEBUG Engine               - pixelsPerMeter: 50.0
15:00:26.696 [FXGL Background Thread 3 ] DEBUG Engine               - platform: WINDOWS
15:00:26.696 [FXGL Background Thread 3 ] DEBUG Engine               - prefHeightProperty: ReadOnlyDoubleProperty [value: 900.0]
15:00:26.697 [FXGL Background Thread 3 ] DEBUG Engine               - prefWidthProperty: ReadOnlyDoubleProperty [value: 1300.0]
15:00:26.697 [FXGL Background Thread 3 ] DEBUG Engine               - profileDir: profiles/
15:00:26.697 [FXGL Background Thread 3 ] DEBUG Engine               - profileName: StringProperty [value: DEFAULT]
15:00:26.698 [FXGL Background Thread 3 ] DEBUG Engine               - randomSeed: -1
15:00:26.700 [FXGL Background Thread 3 ] DEBUG Engine               - runtimeInfo: RuntimeInfo(platform=WINDOWS, version=17.1, build=24.03.2022 17.34)
15:00:26.700 [FXGL Background Thread 3 ] DEBUG Engine               - saveFileExt: sav
15:00:26.700 [FXGL Background Thread 3 ] DEBUG Engine               - scaledHeightProp$fxgl: DoubleProperty [bound, value: 900.0]
15:00:26.701 [FXGL Background Thread 3 ] DEBUG Engine               - scaledWidthProp$fxgl: DoubleProperty [bound, value: 1300.0]
15:00:26.701 [FXGL Background Thread 3 ] DEBUG Engine               - sceneFactory: com.almasb.fxgl.app.scene.SceneFactory@4472898c
15:00:26.701 [FXGL Background Thread 3 ] DEBUG Engine               - secondsIn24h: 60
15:00:26.701 [FXGL Background Thread 3 ] DEBUG Engine               - soundMenuBack: menu/back.wav
15:00:26.702 [FXGL Background Thread 3 ] DEBUG Engine               - soundMenuPress: menu/press.wav
15:00:26.702 [FXGL Background Thread 3 ] DEBUG Engine               - soundMenuSelect: menu/select.wav
15:00:26.702 [FXGL Background Thread 3 ] DEBUG Engine               - soundNotification: core/notification.wav
15:00:26.703 [FXGL Background Thread 3 ] DEBUG Engine               - stageStyle: DECORATED
15:00:26.703 [FXGL Background Thread 3 ] DEBUG Engine               - supportedLanguages: [ENGLISH, FRENCH, GERMAN, HUNGARIAN, RUSSIAN]
15:00:26.703 [FXGL Background Thread 3 ] DEBUG Engine               - ticksPerSecond: -1
15:00:26.703 [FXGL Background Thread 3 ] DEBUG Engine               - title: Test
15:00:26.704 [FXGL Background Thread 3 ] DEBUG Engine               - urlGithub: https://github.com/AlmasB/FXGL
15:00:26.704 [FXGL Background Thread 3 ] DEBUG Engine               - urlLeaderboard: http://fxgl-top.herokuapp.com/
15:00:26.704 [FXGL Background Thread 3 ] DEBUG Engine               - urlPOM: https://raw.githubusercontent.com/AlmasB/FXGL/release/README.md
15:00:26.704 [FXGL Background Thread 3 ] DEBUG Engine               - userAppClass: class Game
15:00:26.705 [FXGL Background Thread 3 ] DEBUG Engine               - version: 1.0
15:00:26.705 [FXGL Background Thread 3 ] DEBUG Engine               - versionCheckDays: 7
15:00:26.705 [FXGL Background Thread 3 ] DEBUG Engine               - width: 1300
15:00:26.705 [FXGL Background Thread 3 ] DEBUG Engine               - Logging services
15:00:26.706 [FXGL Background Thread 3 ] DEBUG Engine               - class com.almasb.fxgl.app.services.FXGLAssetLoaderService
15:00:26.706 [FXGL Background Thread 3 ] DEBUG Engine               - class com.almasb.fxgl.app.FXGLApplication$GameApplicationService
15:00:26.706 [FXGL Background Thread 3 ] DEBUG Engine               - class com.almasb.fxgl.app.services.FXGLDialogService
15:00:26.707 [FXGL Background Thread 3 ] DEBUG Engine               - class com.almasb.fxgl.app.services.IOTaskExecutorService
15:00:26.707 [FXGL Background Thread 3 ] DEBUG Engine               - class com.almasb.fxgl.io.FileSystemService
15:00:26.707 [FXGL Background Thread 3 ] DEBUG Engine               - class com.almasb.fxgl.localization.LocalizationService
15:00:26.707 [FXGL Background Thread 3 ] DEBUG Engine               - class com.almasb.fxgl.app.services.SystemBundleService
15:00:26.707 [FXGL Background Thread 3 ] DEBUG Engine               - class com.almasb.fxgl.profile.SaveLoadService
15:00:26.708 [FXGL Background Thread 3 ] DEBUG Engine               - class com.almasb.fxgl.ui.FXGLUIFactoryServiceProvider
15:00:26.708 [FXGL Background Thread 3 ] DEBUG Engine               - class com.almasb.fxgl.ui.FXGLDialogFactoryServiceProvider
15:00:26.708 [FXGL Background Thread 3 ] DEBUG Engine               - class com.almasb.fxgl.audio.AudioPlayer
15:00:26.708 [FXGL Background Thread 3 ] DEBUG Engine               - class com.almasb.fxgl.notification.impl.NotificationServiceProvider
15:00:26.709 [FXGL Background Thread 3 ] DEBUG Engine               - class com.almasb.fxgl.achievement.AchievementService
15:00:26.709 [FXGL Background Thread 3 ] DEBUG Engine               - class com.almasb.fxgl.cutscene.CutsceneService
15:00:26.709 [FXGL Background Thread 3 ] DEBUG Engine               - class com.almasb.fxgl.minigames.MiniGameService
15:00:26.709 [FXGL Background Thread 3 ] DEBUG Engine               - class com.almasb.fxgl.net.NetService
15:00:26.709 [FXGL Background Thread 3 ] DEBUG Engine               - class com.almasb.fxgl.app.services.UpdaterService
15:00:26.710 [FXGL Background Thread 3 ] DEBUG Engine               - class com.almasb.fxgl.dev.DevService
15:00:41.764 [JavaFX Application Thread] DEBUG FXGLApplication      - Exiting FXGL
15:00:41.765 [JavaFX Application Thread] DEBUG LoopRunner           - Stopping loop
15:00:41.765 [JavaFX Application Thread] DEBUG SystemBundleService  - Saving FXGL system data
15:00:41.779 [JavaFX Application Thread] DEBUG FileSystemAccess     - Writing to: C:\Users\danie\Documents\GIT\SE_challangeweek\system\fxgl.bundle
15:00:41.784 [JavaFX Application Thread] DEBUG Async                - Shutting down background threads
15:00:41.785 [JavaFX Application Thread] DEBUG PrimaryStageWindow   - Closing main window
15:00:41.812 [JavaFX Application Thread] DEBUG Logger               - Closing Logger
