15:32:35.253 [main                     ] DEBUG Logger               - Configured Logger
15:32:35.293 [main                     ] DEBUG GameApplication      - Logging settings
Title: Test
Version: 1.0
Width: 500
Height: 500
Fullscreen: false
Intro: false
Profiling: false
Single step:false
App Mode: DEVELOPER
Menu Key: ESCAPE
Stage Style: DECORATED
Scene Factory: class com.almasb.fxgl.app.scene.SceneFactory

15:32:35.818 [JavaFX Application Thread] DEBUG FXGLApplication      - Initializing FXGL
15:32:35.828 [JavaFX Application Thread] INFO  Engine               - FXGL-17.1 (24.03.2022 17.34) on WINDOWS (J:17.0.2 FX:18)
15:32:35.829 [JavaFX Application Thread] DEBUG Engine               - JRE Vendor Name: Oracle Corporation
15:32:35.829 [JavaFX Application Thread] DEBUG Engine               - Running on OS: Windows 10 version 10.0
15:32:35.829 [JavaFX Application Thread] DEBUG Engine               - Architecture: amd64
15:32:35.830 [JavaFX Application Thread] INFO  Engine               - Source code and latest versions at: https://github.com/AlmasB/FXGL
15:32:35.830 [JavaFX Application Thread] INFO  Engine               -       Ask questions and discuss at: https://github.com/AlmasB/FXGL/discussions
15:32:35.830 [JavaFX Application Thread] INFO  Engine               -              Join the FXGL chat at: https://gitter.im/AlmasB/FXGL
15:32:36.031 [JavaFX Application Thread] DEBUG PrimaryStageWindow   - Creating a JavaFX scene
15:32:36.100 [JavaFX Application Thread] DEBUG PrimaryStageWindow   - Target settings size: 500.0 x 500.0
15:32:36.101 [JavaFX Application Thread] DEBUG PrimaryStageWindow   - Scaled scene size:    500.0 x 500.0
15:32:36.101 [JavaFX Application Thread] DEBUG PrimaryStageWindow   - Scaled ratio: (1.0, 1.0)
15:32:36.103 [JavaFX Application Thread] DEBUG PrimaryStageWindow   - Set initial scene to FXGLStartupScene
15:32:36.115 [JavaFX Application Thread] DEBUG PrimaryStageWindow   - Opening main window
15:32:36.225 [JavaFX Application Thread] DEBUG PrimaryStageWindow   - Window border size: (16.0, 39.0)
15:32:36.225 [JavaFX Application Thread] DEBUG PrimaryStageWindow   - Scaled size: 500.0 x 500.0
15:32:36.225 [JavaFX Application Thread] DEBUG PrimaryStageWindow   - Scaled ratio: (1.0, 1.0)
15:32:36.226 [JavaFX Application Thread] DEBUG PrimaryStageWindow   - Scene size: 500.0 x 500.0
15:32:36.226 [JavaFX Application Thread] DEBUG PrimaryStageWindow   - Stage size: 516.0 x 539.0
15:32:36.238 [FXGL Background Thread 1 ] DEBUG Engine               - Initializing environment variables
15:32:36.290 [FXGL Background Thread 1 ] DEBUG FXGLAssetLoaderServi - User app class for loading assets: class Game
15:32:36.291 [FXGL Background Thread 1 ] DEBUG GameApplicationServi - Applying CSS: fxgl_dark.css
15:32:36.292 [FXGL Background Thread 1 ] DEBUG FXGLAssetLoaderServi - Loading from file system: jar:file:/C:/Users/danie/.m2/repository/com/github/almasb/fxgl/17.1/fxgl-17.1.jar!/fxglassets/ui/css/fxgl_dark.css
15:32:36.350 [FXGL Background Thread 1 ] DEBUG GameApplicationServi - Initializing application scenes
15:32:36.396 [FXGL Background Thread 1 ] DEBUG GameWorld            - Game world initialized
15:32:36.468 [FXGL Background Thread 1 ] DEBUG PhysicsWorld         - Physics world initialized: appHeight=500, physics.ppm=50,0
15:32:36.468 [FXGL Background Thread 1 ] DEBUG PhysicsWorld         - Using strategy: BRUTE_FORCE
15:32:36.474 [FXGL Background Thread 1 ] DEBUG GameScene            - Game scene initialized: 500x500
15:32:36.493 [FXGL Background Thread 1 ] WARN  FXGL.DefaultMenu     - FXGLDefaultMenu is not designed for resolutions < 800x600
15:32:36.493 [FXGL Background Thread 1 ] DEBUG FXGL.DefaultMenu     - createMenuBodyGameMenu()
15:32:36.516 [FXGL Background Thread 1 ] DEBUG FXGL.DefaultMenu     - createOptionsMenu()
15:32:36.531 [FXGL Background Thread 1 ] DEBUG FXGLAssetLoaderServi - Loading from file system: jar:file:/C:/Users/danie/.m2/repository/com/github/almasb/fxgl/17.1/fxgl-17.1.jar!/fxglassets/textures/particles/smoke.png
15:32:36.687 [FXGL Background Thread 1 ] DEBUG FXGLAssetLoaderServi - Loading from file system: jar:file:/C:/Users/danie/.m2/repository/com/github/almasb/fxgl/17.1/fxgl-17.1.jar!/fxglassets/textures/particles/trace_horizontal.png
15:32:36.728 [FXGL Background Thread 1 ] DEBUG GameApplicationServi - Application scenes initialized
15:32:36.745 [FXGL Background Thread 1 ] DEBUG SystemBundleService  - Loading FXGL system data
15:32:36.750 [FXGL Background Thread 1 ] DEBUG FileSystemAccess     - Reading from: C:\Users\danie\Documents\GIT\SE_challangeweek\system\fxgl.bundle
15:32:36.758 [FXGL Background Thread 1 ] DEBUG SystemBundleService  - Bundle FXGL: {}
15:32:36.758 [FXGL Background Thread 1 ] DEBUG UpdaterService       - Checking for updates
15:32:36.764 [FXGL Background Thread 4 ] DEBUG FXGLApplication      - Loading fonts
15:32:36.764 [FXGL Background Thread 4 ] DEBUG FXGLAssetLoaderServi - Loading from file system: jar:file:/C:/Users/danie/.m2/repository/com/github/almasb/fxgl/17.1/fxgl-17.1.jar!/fxglassets/ui/fonts/VarelaRound-Regular.ttf
15:32:36.765 [FXGL Background Thread 1 ] DEBUG FXGLApplication      - Loading default localization
15:32:36.766 [FXGL Background Thread 1 ] DEBUG FXGLAssetLoaderServi - Loading from file system: jar:file:/C:/Users/danie/.m2/repository/com/github/almasb/fxgl/17.1/fxgl-17.1.jar!/fxglassets/languages/english.lang
15:32:36.798 [FXGL Background Thread 1 ] INFO  FXGLApplication      - FXGL initialization took: 0,560 sec
15:32:36.813 [JavaFX Application Thread] DEBUG Input                - Registered new binding: action0 - W
15:32:36.814 [JavaFX Application Thread] DEBUG Input                - Registered new binding: action1 - A
15:32:36.814 [JavaFX Application Thread] DEBUG Input                - Registered new binding: action2 - D
15:32:36.815 [JavaFX Application Thread] DEBUG Input                - Registered new binding: action3 - I
15:32:36.815 [JavaFX Application Thread] DEBUG Input                - Registered new binding: action4 - J
15:32:36.816 [JavaFX Application Thread] DEBUG Input                - Registered new binding: action5 - L
15:32:36.817 [JavaFX Application Thread] DEBUG FXGLAssetLoaderServi - Loading from file system: jar:file:/C:/Users/danie/.m2/repository/com/github/almasb/fxgl/17.1/fxgl-17.1.jar!/fxglassets/textures/fxgl_icon.png
15:32:36.850 [JavaFX Application Thread] DEBUG FXGLAssetLoaderServi - Loading from file system: jar:file:/C:/Users/danie/.m2/repository/com/github/almasb/fxgl/17.1/fxgl-17.1.jar!/fxglassets/textures/fxgl_default_cursor.png
15:32:36.853 [JavaFX Application Thread] DEBUG Input                - Registered new binding: Screenshot - CTRL+8
15:32:36.854 [JavaFX Application Thread] DEBUG Input                - Registered new binding: System info dump - CTRL+9
15:32:36.855 [JavaFX Application Thread] DEBUG Input                - Registered new binding: Restart - CTRL+R
15:32:36.856 [JavaFX Application Thread] DEBUG Input                - Registered new binding: Toggle Debug Camera - CTRL+7
15:32:36.858 [FXGL Background Thread 4 ] DEBUG FXGLAssetLoaderServi - Loading from file system: jar:file:/C:/Users/danie/.m2/repository/com/github/almasb/fxgl/17.1/fxgl-17.1.jar!/fxglassets/ui/fonts/Abel-Regular.ttf
15:32:36.859 [JavaFX Application Thread] DEBUG LoopRunner           - Starting loop
15:32:36.859 [JavaFX Application Thread] DEBUG LoopRunner           - Initializing JavaFX AnimationTimerLoop
15:32:36.862 [JavaFX Application Thread] DEBUG GameApplicationServi - Starting new game
15:32:36.863 [JavaFX Application Thread] DEBUG Input                - Clearing active input actions
15:32:36.871 [FXGL Background Thread 4 ] DEBUG FXGLAssetLoaderServi - Loading from file system: jar:file:/C:/Users/danie/.m2/repository/com/github/almasb/fxgl/17.1/fxgl-17.1.jar!/fxglassets/ui/fonts/TerminalLandMono-Regular.otf
15:32:36.876 [JavaFX Application Thread] DEBUG GameApplicationServi - Removing overlay from FXGLStartupScene and adding to FXGLLoadingScene
15:32:36.877 [JavaFX Application Thread] DEBUG PrimaryStageWindow   - FXGLStartupScene -> FXGLLoadingScene
15:32:36.877 [JavaFX Application Thread] DEBUG GameApplicationServi - Clearing previous game
15:32:36.877 [JavaFX Application Thread] DEBUG GameScene            - Clearing game scene
15:32:36.878 [JavaFX Application Thread] DEBUG GameWorld            - Clearing game world
15:32:36.878 [JavaFX Application Thread] DEBUG PhysicsWorld         - Clearing physics world
15:32:36.880 [FXGL Background Thread 1 ] DEBUG FXGLApplication      - Initializing game
15:32:36.884 [FXGL Background Thread 4 ] DEBUG FXGLAssetLoaderServi - Loading from file system: jar:file:/C:/Users/danie/.m2/repository/com/github/almasb/fxgl/17.1/fxgl-17.1.jar!/fxglassets/ui/fonts/Courier-Prime.ttf
15:32:36.885 [FXGL Background Thread 1 ] WARN  FXGLAssetLoaderServi - Asset "/assets/textures/goomba.png" was not found!
15:32:36.885 [FXGL Background Thread 1 ] WARN  FXGLAssetLoaderServi - Failed to load IMAGE
15:32:37.030 [JavaFX Application Thread] DEBUG FXGLApplication      - Registering font factories with UI factory
15:32:37.056 [FXGL Background Thread 1 ] WARN  FXGLAssetLoaderServi - Asset "/assets/textures/goomba.png" was not found!
15:32:37.056 [FXGL Background Thread 1 ] WARN  FXGLAssetLoaderServi - Failed to load IMAGE
15:32:37.058 [FXGL Background Thread 1 ] INFO  FXGLApplication      - Game initialization took: 0,178 sec
15:32:37.075 [JavaFX Application Thread] DEBUG Input                - Clearing active input actions
15:32:37.086 [JavaFX Application Thread] DEBUG GameApplicationServi - Removing overlay from FXGLLoadingScene and adding to GameScene
15:32:37.086 [JavaFX Application Thread] DEBUG PrimaryStageWindow   - FXGLLoadingScene -> GameScene
15:32:37.872 [JavaFX Application Thread] DEBUG LoopRunner           - Stopping loop
15:32:37.875 [JavaFX Application Thread] FATAL FXGLApplication      - Uncaught Exception:
java.lang.NullPointerException: Cannot invoke "com.almasb.fxgl.physics.PhysicsComponent.setVelocityY(double)" because "this.physics" is null
	at Game.lambda$initInput$3(Game.java:65)
	at com.almasb.fxgl.dsl.FXGL$Companion$onKey$1.onAction(FXGL.kt:500)
	at com.almasb.fxgl.input.UserAction.action$fxgl_core(UserAction.kt:38)
	at com.almasb.fxgl.input.Input.update(Input.kt:271)
	at com.almasb.fxgl.scene.Scene.update(Scene.kt:103)
	at com.almasb.fxgl.app.MainWindow$update$1.invoke(MainWindow.kt:115)
	at com.almasb.fxgl.app.MainWindow$update$1.invoke(MainWindow.kt:115)
	at com.almasb.fxgl.core.fsm.StateMachine.runOnActiveStates(StateMachine.kt:69)
	at com.almasb.fxgl.app.MainWindow.update(MainWindow.kt:115)
	at com.almasb.fxgl.app.FXGLApplication$GameApplicationService.onUpdate(FXGLApplication.kt:426)
	at com.almasb.fxgl.app.Engine.loop(Engine.kt:134)
	at com.almasb.fxgl.app.Engine.access$loop(Engine.kt:24)
	at com.almasb.fxgl.app.Engine$loop$1.invoke(Engine.kt:28)
	at com.almasb.fxgl.app.Engine$loop$1.invoke(Engine.kt:28)
	at com.almasb.fxgl.app.LoopRunner.frame(LoopRunner.kt:103)
	at com.almasb.fxgl.app.LoopRunner.access$frame(LoopRunner.kt:23)
	at com.almasb.fxgl.app.LoopRunner$impl$2$1.onTick(LoopRunner.kt:57)
	at com.almasb.fxgl.app.AnimationTimerLoop$timer$1.handle(LoopRunner.kt:137)
	at javafx.animation.AnimationTimer$AnimationTimerReceiver.lambda$handle$0(AnimationTimer.java:58)
	at java.base/java.security.AccessController.doPrivileged(AccessController.java:399)
	at javafx.animation.AnimationTimer$AnimationTimerReceiver.handle(AnimationTimer.java:57)
	at com.sun.scenario.animation.AbstractPrimaryTimer.timePulseImpl(AbstractPrimaryTimer.java:356)
	at com.sun.scenario.animation.AbstractPrimaryTimer$MainLoop.run(AbstractPrimaryTimer.java:266)
	at com.sun.javafx.tk.quantum.QuantumToolkit.pulse(QuantumToolkit.java:571)
	at com.sun.javafx.tk.quantum.QuantumToolkit.pulse(QuantumToolkit.java:555)
	at com.sun.javafx.tk.quantum.QuantumToolkit.pulseFromQueue(QuantumToolkit.java:548)
	at com.sun.javafx.tk.quantum.QuantumToolkit.lambda$runToolkit$11(QuantumToolkit.java:352)
	at com.sun.glass.ui.InvokeLaterDispatcher$Future.run(InvokeLaterDispatcher.java:96)
	at com.sun.glass.ui.win.WinApplication._runLoop(Native Method)
	at com.sun.glass.ui.win.WinApplication.lambda$runLoop$3(WinApplication.java:184)
	at java.base/java.lang.Thread.run(Thread.java:833)

15:32:37.876 [JavaFX Application Thread] FATAL FXGLApplication      - Application will now exit
15:32:37.915 [JavaFX Application Thread] DEBUG PrimaryStageWindow   - Push state: ErrorSubScene
15:32:37.916 [JavaFX Application Thread] DEBUG Input                - Clearing active input actions
15:32:37.925 [JavaFX Application Thread] DEBUG GameApplicationServi - Removing overlay from GameScene and adding to ErrorSubScene
15:32:37.926 [JavaFX Application Thread] DEBUG PrimaryStageWindow   - GameScene -> ErrorSubScene
15:32:39.762 [FXGL Background Thread 3 ] DEBUG Engine               - Logging environment variables
15:32:39.764 [FXGL Background Thread 3 ] DEBUG Engine               - achievements: []
15:32:39.764 [FXGL Background Thread 3 ] DEBUG Engine               - actualHeight: 500.0
15:32:39.765 [FXGL Background Thread 3 ] DEBUG Engine               - actualHeightProperty: ReadOnlyDoubleProperty [value: 500.0]
15:32:39.765 [FXGL Background Thread 3 ] DEBUG Engine               - actualWidth: 500.0
15:32:39.765 [FXGL Background Thread 3 ] DEBUG Engine               - actualWidthProperty: ReadOnlyDoubleProperty [value: 500.0]
15:32:39.766 [FXGL Background Thread 3 ] DEBUG Engine               - appIcon: fxgl_icon.png
15:32:39.766 [FXGL Background Thread 3 ] DEBUG Engine               - applicationMode: DEVELOPER
15:32:39.766 [FXGL Background Thread 3 ] DEBUG Engine               - cSSList: [fxgl_dark.css]
15:32:39.766 [FXGL Background Thread 3 ] DEBUG Engine               - collisionDetectionStrategy: BRUTE_FORCE
15:32:39.767 [FXGL Background Thread 3 ] DEBUG Engine               - configClass: Optional.empty
15:32:39.767 [FXGL Background Thread 3 ] DEBUG Engine               - credits: []
15:32:39.768 [FXGL Background Thread 3 ] DEBUG Engine               - defaultCursor: CursorInfo(imageName=fxgl_default_cursor.png, hotspotX=7.0, hotspotY=6.0)
15:32:39.769 [FXGL Background Thread 3 ] DEBUG Engine               - devBBoxColorProperty: ObjectProperty [value: 0xff0000ff]
15:32:39.770 [FXGL Background Thread 3 ] DEBUG Engine               - devEnableDebugCameraProperty: BooleanProperty [value: false]
15:32:39.770 [FXGL Background Thread 3 ] DEBUG Engine               - devSensorColorProperty: ObjectProperty [value: 0xffff00ff]
15:32:39.771 [FXGL Background Thread 3 ] DEBUG Engine               - devShowBBoxProperty: BooleanProperty [value: false]
15:32:39.771 [FXGL Background Thread 3 ] DEBUG Engine               - devShowPositionProperty: BooleanProperty [value: false]
15:32:39.771 [FXGL Background Thread 3 ] DEBUG Engine               - enabledMenuItems: []
15:32:39.772 [FXGL Background Thread 3 ] DEBUG Engine               - engineServices: [class com.almasb.fxgl.app.services.FXGLAssetLoaderService, class com.almasb.fxgl.app.FXGLApplication$GameApplicationService, class com.almasb.fxgl.app.services.FXGLDialogService, class com.almasb.fxgl.app.services.IOTaskExecutorService, class com.almasb.fxgl.io.FileSystemService, class com.almasb.fxgl.localization.LocalizationService, class com.almasb.fxgl.app.services.SystemBundleService, class com.almasb.fxgl.profile.SaveLoadService, class com.almasb.fxgl.ui.FXGLUIFactoryServiceProvider, class com.almasb.fxgl.ui.FXGLDialogFactoryServiceProvider, class com.almasb.fxgl.audio.AudioPlayer, class com.almasb.fxgl.notification.impl.NotificationServiceProvider, class com.almasb.fxgl.achievement.AchievementService, class com.almasb.fxgl.cutscene.CutsceneService, class com.almasb.fxgl.minigames.MiniGameService, class com.almasb.fxgl.net.NetService, class com.almasb.fxgl.app.services.UpdaterService, class com.almasb.fxgl.dev.DevService]
15:32:39.772 [FXGL Background Thread 3 ] DEBUG Engine               - fontGame: Abel-Regular.ttf
15:32:39.772 [FXGL Background Thread 3 ] DEBUG Engine               - fontMono: TerminalLandMono-Regular.otf
15:32:39.773 [FXGL Background Thread 3 ] DEBUG Engine               - fontText: Courier-Prime.ttf
15:32:39.773 [FXGL Background Thread 3 ] DEBUG Engine               - fontUI: VarelaRound-Regular.ttf
15:32:39.773 [FXGL Background Thread 3 ] DEBUG Engine               - fullScreen: BooleanProperty [value: false]
15:32:39.773 [FXGL Background Thread 3 ] DEBUG Engine               - gameDifficulty: MEDIUM
15:32:39.774 [FXGL Background Thread 3 ] DEBUG Engine               - gameDifficultyProperty: ObjectProperty [value: MEDIUM]
15:32:39.774 [FXGL Background Thread 3 ] DEBUG Engine               - globalMusicVolume: 0.5
15:32:39.775 [FXGL Background Thread 3 ] DEBUG Engine               - globalMusicVolumeProperty: DoubleProperty [value: 0.5]
15:32:39.775 [FXGL Background Thread 3 ] DEBUG Engine               - globalSoundVolume: 0.5
15:32:39.775 [FXGL Background Thread 3 ] DEBUG Engine               - globalSoundVolumeProperty: DoubleProperty [value: 0.5]
15:32:39.776 [FXGL Background Thread 3 ] DEBUG Engine               - height: 500
15:32:39.776 [FXGL Background Thread 3 ] DEBUG Engine               - is3D: false
15:32:39.777 [FXGL Background Thread 3 ] DEBUG Engine               - isAndroid: false
15:32:39.780 [FXGL Background Thread 3 ] DEBUG Engine               - isBrowser: false
15:32:39.780 [FXGL Background Thread 3 ] DEBUG Engine               - isClickFeedbackEnabled: false
15:32:39.781 [FXGL Background Thread 3 ] DEBUG Engine               - isCloseConfirmation: false
15:32:39.781 [FXGL Background Thread 3 ] DEBUG Engine               - isDesktop: true
15:32:39.781 [FXGL Background Thread 3 ] DEBUG Engine               - isDeveloperMenuEnabled: false
15:32:39.782 [FXGL Background Thread 3 ] DEBUG Engine               - isEmbedded: false
15:32:39.782 [FXGL Background Thread 3 ] DEBUG Engine               - isEntityPreloadEnabled: true
15:32:39.782 [FXGL Background Thread 3 ] DEBUG Engine               - isExperimentalTiledLargeMap: false
15:32:39.783 [FXGL Background Thread 3 ] DEBUG Engine               - isFileSystemWriteAllowed: true
15:32:39.783 [FXGL Background Thread 3 ] DEBUG Engine               - isFullScreenAllowed: false
15:32:39.783 [FXGL Background Thread 3 ] DEBUG Engine               - isFullScreenFromStart: false
15:32:39.784 [FXGL Background Thread 3 ] DEBUG Engine               - isGameMenuEnabled: true
15:32:39.784 [FXGL Background Thread 3 ] DEBUG Engine               - isIOS: false
15:32:39.784 [FXGL Background Thread 3 ] DEBUG Engine               - isIntroEnabled: false
15:32:39.784 [FXGL Background Thread 3 ] DEBUG Engine               - isLinux: false
15:32:39.785 [FXGL Background Thread 3 ] DEBUG Engine               - isMac: false
15:32:39.785 [FXGL Background Thread 3 ] DEBUG Engine               - isMainMenuEnabled: false
15:32:39.785 [FXGL Background Thread 3 ] DEBUG Engine               - isManualResizeEnabled: false
15:32:39.785 [FXGL Background Thread 3 ] DEBUG Engine               - isMobile: false
15:32:39.786 [FXGL Background Thread 3 ] DEBUG Engine               - isNative: false
15:32:39.786 [FXGL Background Thread 3 ] DEBUG Engine               - isPauseMusicWhenMinimized: true
15:32:39.786 [FXGL Background Thread 3 ] DEBUG Engine               - isPreserveResizeRatio: false
15:32:39.786 [FXGL Background Thread 3 ] DEBUG Engine               - isProfilingEnabled: false
15:32:39.787 [FXGL Background Thread 3 ] DEBUG Engine               - isScaleAffectedOnResize: true
15:32:39.787 [FXGL Background Thread 3 ] DEBUG Engine               - isSingleStep: false
15:32:39.787 [FXGL Background Thread 3 ] DEBUG Engine               - isUserProfileEnabled: false
15:32:39.787 [FXGL Background Thread 3 ] DEBUG Engine               - isWindows: true
15:32:39.788 [FXGL Background Thread 3 ] DEBUG Engine               - language: ObjectProperty [value: ENGLISH]
15:32:39.788 [FXGL Background Thread 3 ] DEBUG Engine               - menuKey: ESCAPE
15:32:39.788 [FXGL Background Thread 3 ] DEBUG Engine               - mouseSensitivity: 0.2
15:32:39.789 [FXGL Background Thread 3 ] DEBUG Engine               - notificationViewClass: class com.almasb.fxgl.notification.view.XboxNotificationView
15:32:39.789 [FXGL Background Thread 3 ] DEBUG Engine               - pixelsPerMeter: 50.0
15:32:39.789 [FXGL Background Thread 3 ] DEBUG Engine               - platform: WINDOWS
15:32:39.790 [FXGL Background Thread 3 ] DEBUG Engine               - prefHeightProperty: ReadOnlyDoubleProperty [value: 500.0]
15:32:39.790 [FXGL Background Thread 3 ] DEBUG Engine               - prefWidthProperty: ReadOnlyDoubleProperty [value: 500.0]
15:32:39.790 [FXGL Background Thread 3 ] DEBUG Engine               - profileDir: profiles/
15:32:39.791 [FXGL Background Thread 3 ] DEBUG Engine               - profileName: StringProperty [value: DEFAULT]
15:32:39.791 [FXGL Background Thread 3 ] DEBUG Engine               - randomSeed: -1
15:32:39.792 [FXGL Background Thread 3 ] DEBUG Engine               - runtimeInfo: RuntimeInfo(platform=WINDOWS, version=17.1, build=24.03.2022 17.34)
15:32:39.792 [FXGL Background Thread 3 ] DEBUG Engine               - saveFileExt: sav
15:32:39.793 [FXGL Background Thread 3 ] DEBUG Engine               - scaledHeightProp$fxgl: DoubleProperty [bound, value: 500.0]
15:32:39.793 [FXGL Background Thread 3 ] DEBUG Engine               - scaledWidthProp$fxgl: DoubleProperty [bound, value: 500.0]
15:32:39.793 [FXGL Background Thread 3 ] DEBUG Engine               - sceneFactory: com.almasb.fxgl.app.scene.SceneFactory@7966c865
15:32:39.794 [FXGL Background Thread 3 ] DEBUG Engine               - secondsIn24h: 60
15:32:39.794 [FXGL Background Thread 3 ] DEBUG Engine               - soundMenuBack: menu/back.wav
15:32:39.794 [FXGL Background Thread 3 ] DEBUG Engine               - soundMenuPress: menu/press.wav
15:32:39.795 [FXGL Background Thread 3 ] DEBUG Engine               - soundMenuSelect: menu/select.wav
15:32:39.795 [FXGL Background Thread 3 ] DEBUG Engine               - soundNotification: core/notification.wav
15:32:39.795 [FXGL Background Thread 3 ] DEBUG Engine               - stageStyle: DECORATED
15:32:39.795 [FXGL Background Thread 3 ] DEBUG Engine               - supportedLanguages: [ENGLISH, FRENCH, GERMAN, HUNGARIAN, RUSSIAN]
15:32:39.796 [FXGL Background Thread 3 ] DEBUG Engine               - ticksPerSecond: -1
15:32:39.796 [FXGL Background Thread 3 ] DEBUG Engine               - title: Test
15:32:39.796 [FXGL Background Thread 3 ] DEBUG Engine               - urlGithub: https://github.com/AlmasB/FXGL
15:32:39.796 [FXGL Background Thread 3 ] DEBUG Engine               - urlLeaderboard: http://fxgl-top.herokuapp.com/
15:32:39.796 [FXGL Background Thread 3 ] DEBUG Engine               - urlPOM: https://raw.githubusercontent.com/AlmasB/FXGL/release/README.md
15:32:39.796 [FXGL Background Thread 3 ] DEBUG Engine               - userAppClass: class Game
15:32:39.796 [FXGL Background Thread 3 ] DEBUG Engine               - version: 1.0
15:32:39.797 [FXGL Background Thread 3 ] DEBUG Engine               - versionCheckDays: 7
15:32:39.797 [FXGL Background Thread 3 ] DEBUG Engine               - width: 500
15:32:39.797 [FXGL Background Thread 3 ] DEBUG Engine               - Logging services
15:32:39.797 [FXGL Background Thread 3 ] DEBUG Engine               - class com.almasb.fxgl.app.services.FXGLAssetLoaderService
15:32:39.798 [FXGL Background Thread 3 ] DEBUG Engine               - class com.almasb.fxgl.app.FXGLApplication$GameApplicationService
15:32:39.798 [FXGL Background Thread 3 ] DEBUG Engine               - class com.almasb.fxgl.app.services.FXGLDialogService
15:32:39.798 [FXGL Background Thread 3 ] DEBUG Engine               - class com.almasb.fxgl.app.services.IOTaskExecutorService
15:32:39.798 [FXGL Background Thread 3 ] DEBUG Engine               - class com.almasb.fxgl.io.FileSystemService
15:32:39.798 [FXGL Background Thread 3 ] DEBUG Engine               - class com.almasb.fxgl.localization.LocalizationService
15:32:39.798 [FXGL Background Thread 3 ] DEBUG Engine               - class com.almasb.fxgl.app.services.SystemBundleService
15:32:39.798 [FXGL Background Thread 3 ] DEBUG Engine               - class com.almasb.fxgl.profile.SaveLoadService
15:32:39.799 [FXGL Background Thread 3 ] DEBUG Engine               - class com.almasb.fxgl.ui.FXGLUIFactoryServiceProvider
15:32:39.799 [FXGL Background Thread 3 ] DEBUG Engine               - class com.almasb.fxgl.ui.FXGLDialogFactoryServiceProvider
15:32:39.799 [FXGL Background Thread 3 ] DEBUG Engine               - class com.almasb.fxgl.audio.AudioPlayer
15:32:39.799 [FXGL Background Thread 3 ] DEBUG Engine               - class com.almasb.fxgl.notification.impl.NotificationServiceProvider
15:32:39.799 [FXGL Background Thread 3 ] DEBUG Engine               - class com.almasb.fxgl.achievement.AchievementService
15:32:39.799 [FXGL Background Thread 3 ] DEBUG Engine               - class com.almasb.fxgl.cutscene.CutsceneService
15:32:39.800 [FXGL Background Thread 3 ] DEBUG Engine               - class com.almasb.fxgl.minigames.MiniGameService
15:32:39.800 [FXGL Background Thread 3 ] DEBUG Engine               - class com.almasb.fxgl.net.NetService
15:32:39.800 [FXGL Background Thread 3 ] DEBUG Engine               - class com.almasb.fxgl.app.services.UpdaterService
15:32:39.800 [FXGL Background Thread 3 ] DEBUG Engine               - class com.almasb.fxgl.dev.DevService
15:32:48.993 [JavaFX Application Thread] DEBUG FXGLApplication      - Exiting FXGL
15:32:48.994 [JavaFX Application Thread] DEBUG Async                - Shutting down background threads
15:32:48.994 [JavaFX Application Thread] DEBUG PrimaryStageWindow   - Closing main window
15:32:49.029 [JavaFX Application Thread] DEBUG Logger               - Closing Logger
