12:08:01.743 [main                     ] DEBUG Logger               - Configured Logger
12:08:01.766 [main                     ] DEBUG GameApplication      - Logging settings
Title: Untitled
Version: 0.0
Width: 1280
Height: 720
Fullscreen: false
Intro: false
Profiling: false
Single step:false
App Mode: DEVELOPER
Menu Key: ESCAPE
Stage Style: DECORATED
Scene Factory: class com.almasb.fxglgames.platformer.PlatformerApp$1

12:08:02.016 [JavaFX Application Thread] DEBUG FXGLApplication      - Initializing FXGL
12:08:02.020 [JavaFX Application Thread] INFO  Engine               - FXGL-17+dev-SNAPSHOT (05.04.2022 19.26) on WINDOWS (J:17.0.1 FX:18)
12:08:02.020 [JavaFX Application Thread] DEBUG Engine               - JRE Vendor Name: Oracle Corporation
12:08:02.021 [JavaFX Application Thread] DEBUG Engine               - Running on OS: Windows 10 version 10.0
12:08:02.021 [JavaFX Application Thread] DEBUG Engine               - Architecture: amd64
12:08:02.021 [JavaFX Application Thread] INFO  Engine               - Source code and latest versions at: https://github.com/AlmasB/FXGL
12:08:02.021 [JavaFX Application Thread] INFO  Engine               -       Ask questions and discuss at: https://github.com/AlmasB/FXGL/discussions
12:08:02.021 [JavaFX Application Thread] INFO  Engine               -              Join the FXGL chat at: https://gitter.im/AlmasB/FXGL
12:08:02.079 [JavaFX Application Thread] DEBUG PrimaryStageWindow   - Creating a JavaFX scene
12:08:02.109 [JavaFX Application Thread] DEBUG PrimaryStageWindow   - Target settings size: 1280.0 x 720.0
12:08:02.109 [JavaFX Application Thread] DEBUG PrimaryStageWindow   - Scaled scene size:    1280.0 x 720.0
12:08:02.110 [JavaFX Application Thread] DEBUG PrimaryStageWindow   - Scaled ratio: (1.0, 1.0)
12:08:02.110 [JavaFX Application Thread] DEBUG PrimaryStageWindow   - Set initial scene to FXGLStartupScene
12:08:02.114 [JavaFX Application Thread] DEBUG PrimaryStageWindow   - Opening main window
12:08:02.174 [JavaFX Application Thread] DEBUG PrimaryStageWindow   - Window border size: (14.4000244140625, 37.5999755859375)
12:08:02.174 [JavaFX Application Thread] DEBUG PrimaryStageWindow   - Scaled size: 1280.0 x 720.0
12:08:02.175 [JavaFX Application Thread] DEBUG PrimaryStageWindow   - Scaled ratio: (1.0, 1.0)
12:08:02.175 [JavaFX Application Thread] DEBUG PrimaryStageWindow   - Scene size: 1280.0 x 720.0
12:08:02.175 [JavaFX Application Thread] DEBUG PrimaryStageWindow   - Stage size: 1294.4000244140625 x 757.5999755859375
12:08:02.181 [FXGL Background Thread 1 ] DEBUG Engine               - Initializing environment variables
12:08:02.208 [FXGL Background Thread 1 ] DEBUG FXGLAssetLoaderServi - User app class for loading assets: class com.almasb.fxglgames.platformer.PlatformerApp
12:08:02.208 [FXGL Background Thread 1 ] DEBUG GameApplicationServi - Applying CSS: fxgl_dark.css
12:08:02.210 [FXGL Background Thread 1 ] DEBUG FXGLAssetLoaderServi - Loading from file system: jar:file:///C:/Users/jcnva/.m2/repository/com/github/almasb/fxgl/17+dev-SNAPSHOT/fxgl-17+dev-20220405.192649-40.jar!/fxglassets/ui/css/fxgl_dark.css
12:08:02.244 [FXGL Background Thread 1 ] DEBUG GameApplicationServi - Initializing application scenes
12:08:02.279 [FXGL Background Thread 1 ] DEBUG FXGLAssetLoaderServi - Loading from file system: file:/C:/Users/jcnva/IdeaProjects/AlmasBGame/target/classes/assets/textures/player.png
12:08:02.294 [FXGL Background Thread 1 ] DEBUG GameWorld            - Game world initialized
12:08:02.334 [FXGL Background Thread 1 ] DEBUG PhysicsWorld         - Physics world initialized: appHeight=720, physics.ppm=50,0
12:08:02.335 [FXGL Background Thread 1 ] DEBUG PhysicsWorld         - Using strategy: BRUTE_FORCE
12:08:02.337 [FXGL Background Thread 1 ] DEBUG GameScene            - Game scene initialized: 1280x720
12:08:02.344 [FXGL Background Thread 1 ] DEBUG FXGL.DefaultMenu     - createMenuBodyGameMenu()
12:08:02.356 [FXGL Background Thread 1 ] DEBUG FXGL.DefaultMenu     - createOptionsMenu()
12:08:02.367 [FXGL Background Thread 1 ] DEBUG FXGLAssetLoaderServi - Loading from file system: jar:file:///C:/Users/jcnva/.m2/repository/com/github/almasb/fxgl/17+dev-SNAPSHOT/fxgl-17+dev-20220405.192649-40.jar!/fxglassets/textures/particles/smoke.png
12:08:02.418 [FXGL Background Thread 1 ] DEBUG FXGLAssetLoaderServi - Loading from file system: jar:file:///C:/Users/jcnva/.m2/repository/com/github/almasb/fxgl/17+dev-SNAPSHOT/fxgl-17+dev-20220405.192649-40.jar!/fxglassets/textures/particles/trace_horizontal.png
12:08:02.441 [FXGL Background Thread 1 ] DEBUG GameApplicationServi - Application scenes initialized
12:08:02.450 [FXGL Background Thread 1 ] DEBUG SystemBundleService  - Loading FXGL system data
12:08:02.453 [FXGL Background Thread 1 ] DEBUG FileSystemAccess     - Reading from: C:\Users\jcnva\IdeaProjects\AlmasBGame\system\fxgl.bundle
12:08:02.458 [FXGL Background Thread 1 ] DEBUG SystemBundleService  - Bundle FXGL: {}
12:08:02.458 [FXGL Background Thread 1 ] DEBUG UpdaterService       - Checking for updates
12:08:02.460 [FXGL Background Thread 4 ] DEBUG FXGLApplication      - Loading fonts
12:08:02.461 [FXGL Background Thread 1 ] DEBUG FXGLApplication      - Loading default localization
12:08:02.461 [FXGL Background Thread 4 ] DEBUG FXGLAssetLoaderServi - Loading from file system: jar:file:///C:/Users/jcnva/.m2/repository/com/github/almasb/fxgl/17+dev-SNAPSHOT/fxgl-17+dev-20220405.192649-40.jar!/fxglassets/ui/fonts/VarelaRound-Regular.ttf
12:08:02.461 [FXGL Background Thread 1 ] DEBUG FXGLAssetLoaderServi - Loading from file system: jar:file:///C:/Users/jcnva/.m2/repository/com/github/almasb/fxgl/17+dev-SNAPSHOT/fxgl-17+dev-20220405.192649-40.jar!/fxglassets/languages/english.lang
12:08:02.474 [FXGL Background Thread 1 ] INFO  FXGLApplication      - FXGL initialization took: 0,293 sec
12:08:02.485 [JavaFX Application Thread] DEBUG Input                - Registered new binding: Left - A
12:08:02.485 [JavaFX Application Thread] DEBUG Input                - Registered new binding: Right - D
12:08:02.485 [JavaFX Application Thread] DEBUG Input                - Registered new binding: Jump - W
12:08:02.486 [JavaFX Application Thread] DEBUG Input                - Registered new binding: Use - E
12:08:02.486 [JavaFX Application Thread] WARN  FXGLAssetLoaderServi - Asset "/assets/music/BGM_dash_runner.wav" was not found!
12:08:02.486 [JavaFX Application Thread] WARN  FXGLAssetLoaderServi - Failed to load MUSIC
12:08:02.489 [JavaFX Application Thread] DEBUG AudioPlayer          - Playing music com.almasb.fxgl.audio.Music@618ec63b
12:08:02.489 [JavaFX Application Thread] DEBUG FXGLAssetLoaderServi - Loading from file system: jar:file:///C:/Users/jcnva/.m2/repository/com/github/almasb/fxgl/17+dev-SNAPSHOT/fxgl-17+dev-20220405.192649-40.jar!/fxglassets/textures/fxgl_icon.png
12:08:02.505 [FXGL Background Thread 4 ] DEBUG FXGLAssetLoaderServi - Loading from file system: jar:file:///C:/Users/jcnva/.m2/repository/com/github/almasb/fxgl/17+dev-SNAPSHOT/fxgl-17+dev-20220405.192649-40.jar!/fxglassets/ui/fonts/Abel-Regular.ttf
12:08:02.509 [FXGL Background Thread 4 ] DEBUG FXGLAssetLoaderServi - Loading from file system: jar:file:///C:/Users/jcnva/.m2/repository/com/github/almasb/fxgl/17+dev-SNAPSHOT/fxgl-17+dev-20220405.192649-40.jar!/fxglassets/ui/fonts/TerminalLandMono-Regular.otf
12:08:02.509 [JavaFX Application Thread] DEBUG FXGLAssetLoaderServi - Loading from file system: jar:file:///C:/Users/jcnva/.m2/repository/com/github/almasb/fxgl/17+dev-SNAPSHOT/fxgl-17+dev-20220405.192649-40.jar!/fxglassets/textures/fxgl_default_cursor.png
12:08:02.512 [FXGL Background Thread 4 ] DEBUG FXGLAssetLoaderServi - Loading from file system: jar:file:///C:/Users/jcnva/.m2/repository/com/github/almasb/fxgl/17+dev-SNAPSHOT/fxgl-17+dev-20220405.192649-40.jar!/fxglassets/ui/fonts/Courier-Prime.ttf
12:08:02.512 [JavaFX Application Thread] DEBUG Input                - Registered new binding: Screenshot - CTRL+8
12:08:02.513 [JavaFX Application Thread] DEBUG Input                - Registered new binding: System info dump - CTRL+9
12:08:02.513 [JavaFX Application Thread] DEBUG Input                - Registered new binding: Restart - CTRL+R
12:08:02.514 [JavaFX Application Thread] DEBUG Input                - Registered new binding: Toggle Debug Camera - CTRL+7
12:08:02.516 [JavaFX Application Thread] DEBUG LoopRunner           - Starting loop
12:08:02.516 [JavaFX Application Thread] DEBUG LoopRunner           - Initializing JavaFX AnimationTimerLoop
12:08:02.518 [JavaFX Application Thread] DEBUG GameApplicationServi - Starting new game
12:08:02.518 [JavaFX Application Thread] DEBUG Input                - Clearing active input actions
12:08:02.528 [JavaFX Application Thread] DEBUG GameApplicationServi - Removing overlay from FXGLStartupScene and adding to MainLoadingScene
12:08:02.528 [JavaFX Application Thread] DEBUG PrimaryStageWindow   - FXGLStartupScene -> MainLoadingScene
12:08:02.528 [JavaFX Application Thread] DEBUG GameApplicationServi - Clearing previous game
12:08:02.528 [JavaFX Application Thread] DEBUG GameScene            - Clearing game scene
12:08:02.529 [JavaFX Application Thread] DEBUG GameWorld            - Clearing game world
12:08:02.529 [JavaFX Application Thread] DEBUG PhysicsWorld         - Clearing physics world
12:08:02.531 [JavaFX Application Thread] DEBUG FXGLApplication      - Registering font factories with UI factory
12:08:02.531 [FXGL Background Thread 4 ] DEBUG FXGLApplication      - Initializing game
12:08:02.594 [FXGL Background Thread 4 ] WARN  TMXLevelLoader       - TiledMap generated from 1.2.3. Supported version: 1.4.2. Some features may not be parsed fully.
12:08:02.605 [FXGL Background Thread 4 ] DEBUG TMXLevelLoader       - Parsed TiledMap: file:/C:/Users/jcnva/IdeaProjects/AlmasBGame/target/classes/assets/levels/tmx/level1.tmx
12:08:02.606 [FXGL Background Thread 4 ] DEBUG TMXLevelLoader       - Creating tile layer entities
12:08:02.608 [FXGL Background Thread 4 ] DEBUG TilesetLoader        - Loading view for layer Tile Layer 1
12:08:02.610 [FXGL Background Thread 4 ] DEBUG TilesetLoader        - Created buffer with size 1050.0x700.0
12:08:02.622 [FXGL Background Thread 4 ] DEBUG TMXLevelLoader       - Creating object layer entities
12:08:02.638 [FXGL Background Thread 4 ] DEBUG GameWorld            - Clearing removable entities
12:08:02.638 [FXGL Background Thread 4 ] DEBUG GameWorld            - Setting level: com.almasb.fxgl.entity.level.Level@e768ae
12:08:02.664 [FXGL Background Thread 4 ] DEBUG FXGLAssetLoaderServi - Loading from file system: file:/C:/Users/jcnva/IdeaProjects/AlmasBGame/target/classes/assets/textures/background/forest.png
12:08:02.680 [FXGL Background Thread 4 ] INFO  FXGLApplication      - Game initialization took: 0,148 sec
12:08:02.681 [JavaFX Application Thread] DEBUG Input                - Clearing active input actions
12:08:02.686 [JavaFX Application Thread] DEBUG GameApplicationServi - Removing overlay from MainLoadingScene and adding to GameScene
12:08:02.686 [JavaFX Application Thread] DEBUG PrimaryStageWindow   - MainLoadingScene -> GameScene
12:08:02.778 [FXGL Background Thread 2 ] INFO  UpdaterService       - Your current version:  17+dev-SNAPSHOT
12:08:02.778 [FXGL Background Thread 2 ] INFO  UpdaterService       - Latest stable version: 17.1
12:08:05.460 [FXGL Background Thread 3 ] DEBUG Engine               - Logging environment variables
12:08:05.460 [FXGL Background Thread 3 ] DEBUG Engine               - achievements: []
12:08:05.460 [FXGL Background Thread 3 ] DEBUG Engine               - actualHeight: 720.0
12:08:05.461 [FXGL Background Thread 3 ] DEBUG Engine               - actualHeightProperty: ReadOnlyDoubleProperty [value: 720.0]
12:08:05.461 [FXGL Background Thread 3 ] DEBUG Engine               - actualWidth: 1280.0
12:08:05.461 [FXGL Background Thread 3 ] DEBUG Engine               - actualWidthProperty: ReadOnlyDoubleProperty [value: 1280.0]
12:08:05.461 [FXGL Background Thread 3 ] DEBUG Engine               - appIcon: fxgl_icon.png
12:08:05.461 [FXGL Background Thread 3 ] DEBUG Engine               - applicationMode: DEVELOPER
12:08:05.461 [FXGL Background Thread 3 ] DEBUG Engine               - cSSList: [fxgl_dark.css]
12:08:05.461 [FXGL Background Thread 3 ] DEBUG Engine               - collisionDetectionStrategy: BRUTE_FORCE
12:08:05.461 [FXGL Background Thread 3 ] DEBUG Engine               - configClass: Optional.empty
12:08:05.461 [FXGL Background Thread 3 ] DEBUG Engine               - credits: []
12:08:05.462 [FXGL Background Thread 3 ] DEBUG Engine               - defaultCursor: CursorInfo(imageName=fxgl_default_cursor.png, hotspotX=7.0, hotspotY=6.0)
12:08:05.462 [FXGL Background Thread 3 ] DEBUG Engine               - devBBoxColorProperty: ObjectProperty [value: 0xff0000ff]
12:08:05.462 [FXGL Background Thread 3 ] DEBUG Engine               - devEnableDebugCameraProperty: BooleanProperty [value: false]
12:08:05.462 [FXGL Background Thread 3 ] DEBUG Engine               - devSensorColorProperty: ObjectProperty [value: 0xffff00ff]
12:08:05.462 [FXGL Background Thread 3 ] DEBUG Engine               - devShowBBoxProperty: BooleanProperty [value: false]
12:08:05.462 [FXGL Background Thread 3 ] DEBUG Engine               - devShowPositionProperty: BooleanProperty [value: false]
12:08:05.462 [FXGL Background Thread 3 ] DEBUG Engine               - enabledMenuItems: []
12:08:05.463 [FXGL Background Thread 3 ] DEBUG Engine               - engineServices: [class com.almasb.fxgl.app.services.FXGLAssetLoaderService, class com.almasb.fxgl.app.FXGLApplication$GameApplicationService, class com.almasb.fxgl.app.services.FXGLDialogService, class com.almasb.fxgl.app.services.IOTaskExecutorService, class com.almasb.fxgl.io.FileSystemService, class com.almasb.fxgl.localization.LocalizationService, class com.almasb.fxgl.app.services.SystemBundleService, class com.almasb.fxgl.profile.SaveLoadService, class com.almasb.fxgl.ui.FXGLUIFactoryServiceProvider, class com.almasb.fxgl.ui.FXGLDialogFactoryServiceProvider, class com.almasb.fxgl.audio.AudioPlayer, class com.almasb.fxgl.notification.impl.NotificationServiceProvider, class com.almasb.fxgl.achievement.AchievementService, class com.almasb.fxgl.cutscene.CutsceneService, class com.almasb.fxgl.minigames.MiniGameService, class com.almasb.fxgl.net.NetService, class com.almasb.fxgl.app.services.UpdaterService, class com.almasb.fxgl.dev.DevService]
12:08:05.463 [FXGL Background Thread 3 ] DEBUG Engine               - fontGame: Abel-Regular.ttf
12:08:05.463 [FXGL Background Thread 3 ] DEBUG Engine               - fontMono: TerminalLandMono-Regular.otf
12:08:05.463 [FXGL Background Thread 3 ] DEBUG Engine               - fontText: Courier-Prime.ttf
12:08:05.463 [FXGL Background Thread 3 ] DEBUG Engine               - fontUI: VarelaRound-Regular.ttf
12:08:05.463 [FXGL Background Thread 3 ] DEBUG Engine               - fullScreen: BooleanProperty [value: false]
12:08:05.463 [FXGL Background Thread 3 ] DEBUG Engine               - gameDifficulty: MEDIUM
12:08:05.463 [FXGL Background Thread 3 ] DEBUG Engine               - gameDifficultyProperty: ObjectProperty [value: MEDIUM]
12:08:05.463 [FXGL Background Thread 3 ] DEBUG Engine               - globalMusicVolume: 0.5
12:08:05.463 [FXGL Background Thread 3 ] DEBUG Engine               - globalMusicVolumeProperty: DoubleProperty [value: 0.25]
12:08:05.463 [FXGL Background Thread 3 ] DEBUG Engine               - globalSoundVolume: 0.5
12:08:05.464 [FXGL Background Thread 3 ] DEBUG Engine               - globalSoundVolumeProperty: DoubleProperty [value: 0.5]
12:08:05.464 [FXGL Background Thread 3 ] DEBUG Engine               - height: 720
12:08:05.464 [FXGL Background Thread 3 ] DEBUG Engine               - is3D: false
12:08:05.464 [FXGL Background Thread 3 ] DEBUG Engine               - isAndroid: false
12:08:05.464 [FXGL Background Thread 3 ] DEBUG Engine               - isBrowser: false
12:08:05.464 [FXGL Background Thread 3 ] DEBUG Engine               - isClickFeedbackEnabled: false
12:08:05.464 [FXGL Background Thread 3 ] DEBUG Engine               - isCloseConfirmation: false
12:08:05.464 [FXGL Background Thread 3 ] DEBUG Engine               - isDesktop: true
12:08:05.464 [FXGL Background Thread 3 ] DEBUG Engine               - isDeveloperMenuEnabled: false
12:08:05.464 [FXGL Background Thread 3 ] DEBUG Engine               - isEmbedded: false
12:08:05.464 [FXGL Background Thread 3 ] DEBUG Engine               - isEntityPreloadEnabled: true
12:08:05.465 [FXGL Background Thread 3 ] DEBUG Engine               - isExperimentalTiledLargeMap: false
12:08:05.465 [FXGL Background Thread 3 ] DEBUG Engine               - isFileSystemWriteAllowed: true
12:08:05.465 [FXGL Background Thread 3 ] DEBUG Engine               - isFullScreenAllowed: false
12:08:05.465 [FXGL Background Thread 3 ] DEBUG Engine               - isFullScreenFromStart: false
12:08:05.465 [FXGL Background Thread 3 ] DEBUG Engine               - isGameMenuEnabled: true
12:08:05.465 [FXGL Background Thread 3 ] DEBUG Engine               - isIOS: false
12:08:05.465 [FXGL Background Thread 3 ] DEBUG Engine               - isIntroEnabled: false
12:08:05.465 [FXGL Background Thread 3 ] DEBUG Engine               - isLinux: false
12:08:05.465 [FXGL Background Thread 3 ] DEBUG Engine               - isMac: false
12:08:05.465 [FXGL Background Thread 3 ] DEBUG Engine               - isMainMenuEnabled: false
12:08:05.465 [FXGL Background Thread 3 ] DEBUG Engine               - isManualResizeEnabled: false
12:08:05.465 [FXGL Background Thread 3 ] DEBUG Engine               - isMobile: false
12:08:05.466 [FXGL Background Thread 3 ] DEBUG Engine               - isNative: false
12:08:05.466 [FXGL Background Thread 3 ] DEBUG Engine               - isPauseMusicWhenMinimized: true
12:08:05.466 [FXGL Background Thread 3 ] DEBUG Engine               - isPreserveResizeRatio: false
12:08:05.466 [FXGL Background Thread 3 ] DEBUG Engine               - isProfilingEnabled: false
12:08:05.466 [FXGL Background Thread 3 ] DEBUG Engine               - isScaleAffectedOnResize: true
12:08:05.466 [FXGL Background Thread 3 ] DEBUG Engine               - isSingleStep: false
12:08:05.466 [FXGL Background Thread 3 ] DEBUG Engine               - isUserProfileEnabled: false
12:08:05.466 [FXGL Background Thread 3 ] DEBUG Engine               - isWindows: true
12:08:05.466 [FXGL Background Thread 3 ] DEBUG Engine               - language: ObjectProperty [value: ENGLISH]
12:08:05.466 [FXGL Background Thread 3 ] DEBUG Engine               - menuKey: ESCAPE
12:08:05.466 [FXGL Background Thread 3 ] DEBUG Engine               - mouseSensitivity: 0.2
12:08:05.466 [FXGL Background Thread 3 ] DEBUG Engine               - notificationViewClass: class com.almasb.fxgl.notification.view.XboxNotificationView
12:08:05.466 [FXGL Background Thread 3 ] DEBUG Engine               - pixelsPerMeter: 50.0
12:08:05.466 [FXGL Background Thread 3 ] DEBUG Engine               - platform: WINDOWS
12:08:05.467 [FXGL Background Thread 3 ] DEBUG Engine               - prefHeightProperty: ReadOnlyDoubleProperty [value: 720.0]
12:08:05.467 [FXGL Background Thread 3 ] DEBUG Engine               - prefWidthProperty: ReadOnlyDoubleProperty [value: 1280.0]
12:08:05.467 [FXGL Background Thread 3 ] DEBUG Engine               - profileDir: profiles/
12:08:05.467 [FXGL Background Thread 3 ] DEBUG Engine               - profileName: StringProperty [value: DEFAULT]
12:08:05.467 [FXGL Background Thread 3 ] DEBUG Engine               - randomSeed: -1
12:08:05.467 [FXGL Background Thread 3 ] DEBUG Engine               - runtimeInfo: RuntimeInfo(platform=WINDOWS, version=17+dev-SNAPSHOT, build=05.04.2022 19.26)
12:08:05.467 [FXGL Background Thread 3 ] DEBUG Engine               - saveFileExt: sav
12:08:05.467 [FXGL Background Thread 3 ] DEBUG Engine               - scaledHeightProp$fxgl: DoubleProperty [bound, value: 720.0]
12:08:05.467 [FXGL Background Thread 3 ] DEBUG Engine               - scaledWidthProp$fxgl: DoubleProperty [bound, value: 1280.0]
12:08:05.467 [FXGL Background Thread 3 ] DEBUG Engine               - sceneFactory: com.almasb.fxglgames.platformer.PlatformerApp$1@39ea55eb
12:08:05.468 [FXGL Background Thread 3 ] DEBUG Engine               - secondsIn24h: 60
12:08:05.468 [FXGL Background Thread 3 ] DEBUG Engine               - soundMenuBack: menu/back.wav
12:08:05.468 [FXGL Background Thread 3 ] DEBUG Engine               - soundMenuPress: menu/press.wav
12:08:05.468 [FXGL Background Thread 3 ] DEBUG Engine               - soundMenuSelect: menu/select.wav
12:08:05.468 [FXGL Background Thread 3 ] DEBUG Engine               - soundNotification: core/notification.wav
12:08:05.468 [FXGL Background Thread 3 ] DEBUG Engine               - stageStyle: DECORATED
12:08:05.468 [FXGL Background Thread 3 ] DEBUG Engine               - supportedLanguages: [ENGLISH, FRENCH, GERMAN, HUNGARIAN, RUSSIAN]
12:08:05.468 [FXGL Background Thread 3 ] DEBUG Engine               - ticksPerSecond: -1
12:08:05.468 [FXGL Background Thread 3 ] DEBUG Engine               - title: Untitled
12:08:05.468 [FXGL Background Thread 3 ] DEBUG Engine               - urlGithub: https://github.com/AlmasB/FXGL
12:08:05.468 [FXGL Background Thread 3 ] DEBUG Engine               - urlLeaderboard: http://fxgl-top.herokuapp.com/
12:08:05.468 [FXGL Background Thread 3 ] DEBUG Engine               - urlPOM: https://raw.githubusercontent.com/AlmasB/FXGL/release/README.md
12:08:05.468 [FXGL Background Thread 3 ] DEBUG Engine               - userAppClass: class com.almasb.fxglgames.platformer.PlatformerApp
12:08:05.468 [FXGL Background Thread 3 ] DEBUG Engine               - version: 0.0
12:08:05.468 [FXGL Background Thread 3 ] DEBUG Engine               - versionCheckDays: 7
12:08:05.468 [FXGL Background Thread 3 ] DEBUG Engine               - width: 1280
12:08:05.468 [FXGL Background Thread 3 ] DEBUG Engine               - Logging services
12:08:05.468 [FXGL Background Thread 3 ] DEBUG Engine               - class com.almasb.fxgl.app.services.FXGLAssetLoaderService
12:08:05.469 [FXGL Background Thread 3 ] DEBUG Engine               - class com.almasb.fxgl.app.FXGLApplication$GameApplicationService
12:08:05.469 [FXGL Background Thread 3 ] DEBUG Engine               - class com.almasb.fxgl.app.services.FXGLDialogService
12:08:05.469 [FXGL Background Thread 3 ] DEBUG Engine               - class com.almasb.fxgl.app.services.IOTaskExecutorService
12:08:05.469 [FXGL Background Thread 3 ] DEBUG Engine               - class com.almasb.fxgl.io.FileSystemService
12:08:05.469 [FXGL Background Thread 3 ] DEBUG Engine               - class com.almasb.fxgl.localization.LocalizationService
12:08:05.469 [FXGL Background Thread 3 ] DEBUG Engine               - class com.almasb.fxgl.app.services.SystemBundleService
12:08:05.469 [FXGL Background Thread 3 ] DEBUG Engine               - class com.almasb.fxgl.profile.SaveLoadService
12:08:05.469 [FXGL Background Thread 3 ] DEBUG Engine               - class com.almasb.fxgl.ui.FXGLUIFactoryServiceProvider
12:08:05.469 [FXGL Background Thread 3 ] DEBUG Engine               - class com.almasb.fxgl.ui.FXGLDialogFactoryServiceProvider
12:08:05.469 [FXGL Background Thread 3 ] DEBUG Engine               - class com.almasb.fxgl.audio.AudioPlayer
12:08:05.469 [FXGL Background Thread 3 ] DEBUG Engine               - class com.almasb.fxgl.notification.impl.NotificationServiceProvider
12:08:05.469 [FXGL Background Thread 3 ] DEBUG Engine               - class com.almasb.fxgl.achievement.AchievementService
12:08:05.469 [FXGL Background Thread 3 ] DEBUG Engine               - class com.almasb.fxgl.cutscene.CutsceneService
12:08:05.469 [FXGL Background Thread 3 ] DEBUG Engine               - class com.almasb.fxgl.minigames.MiniGameService
12:08:05.469 [FXGL Background Thread 3 ] DEBUG Engine               - class com.almasb.fxgl.net.NetService
12:08:05.469 [FXGL Background Thread 3 ] DEBUG Engine               - class com.almasb.fxgl.app.services.UpdaterService
12:08:05.469 [FXGL Background Thread 3 ] DEBUG Engine               - class com.almasb.fxgl.dev.DevService
12:08:05.904 [JavaFX Application Thread] DEBUG FXGLApplication      - Exiting FXGL
12:08:05.905 [JavaFX Application Thread] DEBUG LoopRunner           - Stopping loop
12:08:05.905 [JavaFX Application Thread] DEBUG SystemBundleService  - Saving FXGL system data
12:08:05.907 [JavaFX Application Thread] DEBUG FileSystemAccess     - Writing to: C:\Users\jcnva\IdeaProjects\AlmasBGame\system\fxgl.bundle
12:08:05.909 [JavaFX Application Thread] DEBUG Async                - Shutting down background threads
12:08:05.909 [JavaFX Application Thread] DEBUG PrimaryStageWindow   - Closing main window
12:08:05.919 [JavaFX Application Thread] DEBUG Logger               - Closing Logger
