15:30:11.271 [main                     ] DEBUG Logger               - Configured Logger
15:30:11.324 [main                     ] DEBUG GameApplication      - Logging settings
Title: Test
Version: 1.0
Width: 500
Height: 500
Fullscreen: false
Intro: false
Profiling: false
Single step:false
App Mode: DEVELOPER
Menu Key: ESCAPE
Stage Style: DECORATED
Scene Factory: class com.almasb.fxgl.app.scene.SceneFactory

15:30:11.816 [JavaFX Application Thread] DEBUG FXGLApplication      - Initializing FXGL
15:30:11.827 [JavaFX Application Thread] INFO  Engine               - FXGL-17.1 (24.03.2022 17.34) on WINDOWS (J:17.0.2 FX:18)
15:30:11.827 [JavaFX Application Thread] DEBUG Engine               - JRE Vendor Name: Oracle Corporation
15:30:11.828 [JavaFX Application Thread] DEBUG Engine               - Running on OS: Windows 10 version 10.0
15:30:11.828 [JavaFX Application Thread] DEBUG Engine               - Architecture: amd64
15:30:11.828 [JavaFX Application Thread] INFO  Engine               - Source code and latest versions at: https://github.com/AlmasB/FXGL
15:30:11.828 [JavaFX Application Thread] INFO  Engine               -       Ask questions and discuss at: https://github.com/AlmasB/FXGL/discussions
15:30:11.829 [JavaFX Application Thread] INFO  Engine               -              Join the FXGL chat at: https://gitter.im/AlmasB/FXGL
15:30:12.009 [JavaFX Application Thread] DEBUG PrimaryStageWindow   - Creating a JavaFX scene
15:30:12.092 [JavaFX Application Thread] DEBUG PrimaryStageWindow   - Target settings size: 500.0 x 500.0
15:30:12.092 [JavaFX Application Thread] DEBUG PrimaryStageWindow   - Scaled scene size:    500.0 x 500.0
15:30:12.092 [JavaFX Application Thread] DEBUG PrimaryStageWindow   - Scaled ratio: (1.0, 1.0)
15:30:12.094 [JavaFX Application Thread] DEBUG PrimaryStageWindow   - Set initial scene to FXGLStartupScene
15:30:12.105 [JavaFX Application Thread] DEBUG PrimaryStageWindow   - Opening main window
15:30:12.210 [JavaFX Application Thread] DEBUG PrimaryStageWindow   - Window border size: (16.0, 39.0)
15:30:12.210 [JavaFX Application Thread] DEBUG PrimaryStageWindow   - Scaled size: 500.0 x 500.0
15:30:12.211 [JavaFX Application Thread] DEBUG PrimaryStageWindow   - Scaled ratio: (1.0, 1.0)
15:30:12.211 [JavaFX Application Thread] DEBUG PrimaryStageWindow   - Scene size: 500.0 x 500.0
15:30:12.212 [JavaFX Application Thread] DEBUG PrimaryStageWindow   - Stage size: 516.0 x 539.0
15:30:12.224 [FXGL Background Thread 1 ] DEBUG Engine               - Initializing environment variables
15:30:12.280 [FXGL Background Thread 1 ] DEBUG FXGLAssetLoaderServi - User app class for loading assets: class Game
15:30:12.281 [FXGL Background Thread 1 ] DEBUG GameApplicationServi - Applying CSS: fxgl_dark.css
15:30:12.282 [FXGL Background Thread 1 ] DEBUG FXGLAssetLoaderServi - Loading from file system: jar:file:/C:/Users/danie/.m2/repository/com/github/almasb/fxgl/17.1/fxgl-17.1.jar!/fxglassets/ui/css/fxgl_dark.css
15:30:12.350 [FXGL Background Thread 1 ] DEBUG GameApplicationServi - Initializing application scenes
15:30:12.396 [FXGL Background Thread 1 ] DEBUG GameWorld            - Game world initialized
15:30:12.471 [FXGL Background Thread 1 ] DEBUG PhysicsWorld         - Physics world initialized: appHeight=500, physics.ppm=50,0
15:30:12.472 [FXGL Background Thread 1 ] DEBUG PhysicsWorld         - Using strategy: BRUTE_FORCE
15:30:12.480 [FXGL Background Thread 1 ] DEBUG GameScene            - Game scene initialized: 500x500
15:30:12.502 [FXGL Background Thread 1 ] WARN  FXGL.DefaultMenu     - FXGLDefaultMenu is not designed for resolutions < 800x600
15:30:12.502 [FXGL Background Thread 1 ] DEBUG FXGL.DefaultMenu     - createMenuBodyGameMenu()
15:30:12.526 [FXGL Background Thread 1 ] DEBUG FXGL.DefaultMenu     - createOptionsMenu()
15:30:12.541 [FXGL Background Thread 1 ] DEBUG FXGLAssetLoaderServi - Loading from file system: jar:file:/C:/Users/danie/.m2/repository/com/github/almasb/fxgl/17.1/fxgl-17.1.jar!/fxglassets/textures/particles/smoke.png
15:30:12.687 [FXGL Background Thread 1 ] DEBUG FXGLAssetLoaderServi - Loading from file system: jar:file:/C:/Users/danie/.m2/repository/com/github/almasb/fxgl/17.1/fxgl-17.1.jar!/fxglassets/textures/particles/trace_horizontal.png
15:30:12.726 [FXGL Background Thread 1 ] DEBUG GameApplicationServi - Application scenes initialized
15:30:12.744 [FXGL Background Thread 1 ] DEBUG SystemBundleService  - Loading FXGL system data
15:30:12.749 [FXGL Background Thread 1 ] DEBUG FileSystemAccess     - Reading from: C:\Users\danie\Documents\GIT\SE_challangeweek\system\fxgl.bundle
15:30:12.757 [FXGL Background Thread 1 ] DEBUG SystemBundleService  - Bundle FXGL: {}
15:30:12.757 [FXGL Background Thread 1 ] DEBUG UpdaterService       - Checking for updates
15:30:12.763 [FXGL Background Thread 4 ] DEBUG FXGLApplication      - Loading fonts
15:30:12.763 [FXGL Background Thread 4 ] DEBUG FXGLAssetLoaderServi - Loading from file system: jar:file:/C:/Users/danie/.m2/repository/com/github/almasb/fxgl/17.1/fxgl-17.1.jar!/fxglassets/ui/fonts/VarelaRound-Regular.ttf
15:30:12.764 [FXGL Background Thread 1 ] DEBUG FXGLApplication      - Loading default localization
15:30:12.765 [FXGL Background Thread 1 ] DEBUG FXGLAssetLoaderServi - Loading from file system: jar:file:/C:/Users/danie/.m2/repository/com/github/almasb/fxgl/17.1/fxgl-17.1.jar!/fxglassets/languages/english.lang
15:30:12.792 [FXGL Background Thread 1 ] INFO  FXGLApplication      - FXGL initialization took: 0,567 sec
15:30:12.807 [JavaFX Application Thread] DEBUG Input                - Registered new binding: action0 - W
15:30:12.808 [JavaFX Application Thread] DEBUG Input                - Registered new binding: action1 - A
15:30:12.808 [JavaFX Application Thread] DEBUG Input                - Registered new binding: action2 - D
15:30:12.809 [JavaFX Application Thread] DEBUG Input                - Registered new binding: action3 - I
15:30:12.809 [JavaFX Application Thread] DEBUG Input                - Registered new binding: action4 - J
15:30:12.810 [JavaFX Application Thread] DEBUG Input                - Registered new binding: action5 - L
15:30:12.810 [JavaFX Application Thread] DEBUG FXGLAssetLoaderServi - Loading from file system: jar:file:/C:/Users/danie/.m2/repository/com/github/almasb/fxgl/17.1/fxgl-17.1.jar!/fxglassets/textures/fxgl_icon.png
15:30:12.841 [JavaFX Application Thread] DEBUG FXGLAssetLoaderServi - Loading from file system: jar:file:/C:/Users/danie/.m2/repository/com/github/almasb/fxgl/17.1/fxgl-17.1.jar!/fxglassets/textures/fxgl_default_cursor.png
15:30:12.845 [JavaFX Application Thread] DEBUG Input                - Registered new binding: Screenshot - CTRL+8
15:30:12.846 [JavaFX Application Thread] DEBUG Input                - Registered new binding: System info dump - CTRL+9
15:30:12.846 [JavaFX Application Thread] DEBUG Input                - Registered new binding: Restart - CTRL+R
15:30:12.847 [JavaFX Application Thread] DEBUG Input                - Registered new binding: Toggle Debug Camera - CTRL+7
15:30:12.850 [JavaFX Application Thread] DEBUG LoopRunner           - Starting loop
15:30:12.851 [JavaFX Application Thread] DEBUG LoopRunner           - Initializing JavaFX AnimationTimerLoop
15:30:12.853 [FXGL Background Thread 4 ] DEBUG FXGLAssetLoaderServi - Loading from file system: jar:file:/C:/Users/danie/.m2/repository/com/github/almasb/fxgl/17.1/fxgl-17.1.jar!/fxglassets/ui/fonts/Abel-Regular.ttf
15:30:12.853 [JavaFX Application Thread] DEBUG GameApplicationServi - Starting new game
15:30:12.854 [JavaFX Application Thread] DEBUG Input                - Clearing active input actions
15:30:12.864 [FXGL Background Thread 4 ] DEBUG FXGLAssetLoaderServi - Loading from file system: jar:file:/C:/Users/danie/.m2/repository/com/github/almasb/fxgl/17.1/fxgl-17.1.jar!/fxglassets/ui/fonts/TerminalLandMono-Regular.otf
15:30:12.871 [JavaFX Application Thread] DEBUG GameApplicationServi - Removing overlay from FXGLStartupScene and adding to FXGLLoadingScene
15:30:12.872 [JavaFX Application Thread] DEBUG PrimaryStageWindow   - FXGLStartupScene -> FXGLLoadingScene
15:30:12.872 [JavaFX Application Thread] DEBUG GameApplicationServi - Clearing previous game
15:30:12.873 [JavaFX Application Thread] DEBUG GameScene            - Clearing game scene
15:30:12.873 [JavaFX Application Thread] DEBUG GameWorld            - Clearing game world
15:30:12.873 [JavaFX Application Thread] DEBUG PhysicsWorld         - Clearing physics world
15:30:12.875 [FXGL Background Thread 4 ] DEBUG FXGLAssetLoaderServi - Loading from file system: jar:file:/C:/Users/danie/.m2/repository/com/github/almasb/fxgl/17.1/fxgl-17.1.jar!/fxglassets/ui/fonts/Courier-Prime.ttf
15:30:12.876 [FXGL Background Thread 1 ] DEBUG FXGLApplication      - Initializing game
15:30:12.880 [FXGL Background Thread 1 ] WARN  FXGLAssetLoaderServi - Asset "/assets/textures/goomba.png" was not found!
15:30:12.880 [FXGL Background Thread 1 ] WARN  FXGLAssetLoaderServi - Failed to load IMAGE
15:30:13.004 [JavaFX Application Thread] DEBUG FXGLApplication      - Registering font factories with UI factory
15:30:13.027 [FXGL Background Thread 1 ] WARN  FXGLAssetLoaderServi - Asset "/assets/textures/goomba.png" was not found!
15:30:13.028 [FXGL Background Thread 1 ] WARN  FXGLAssetLoaderServi - Failed to load IMAGE
15:30:13.030 [FXGL Background Thread 1 ] INFO  FXGLApplication      - Game initialization took: 0,154 sec
15:30:13.049 [JavaFX Application Thread] DEBUG Input                - Clearing active input actions
15:30:13.059 [JavaFX Application Thread] DEBUG GameApplicationServi - Removing overlay from FXGLLoadingScene and adding to GameScene
15:30:13.060 [JavaFX Application Thread] DEBUG PrimaryStageWindow   - FXGLLoadingScene -> GameScene
15:30:14.576 [JavaFX Application Thread] DEBUG LoopRunner           - Stopping loop
15:30:14.580 [JavaFX Application Thread] FATAL FXGLApplication      - Uncaught Exception:
java.lang.NullPointerException: Cannot invoke "com.almasb.fxgl.physics.PhysicsComponent.setVelocityY(double)" because "this.physics" is null
	at Game.lambda$initInput$0(Game.java:53)
	at com.almasb.fxgl.dsl.FXGL$Companion$onKey$1.onAction(FXGL.kt:500)
	at com.almasb.fxgl.input.UserAction.action$fxgl_core(UserAction.kt:38)
	at com.almasb.fxgl.input.Input.update(Input.kt:271)
	at com.almasb.fxgl.scene.Scene.update(Scene.kt:103)
	at com.almasb.fxgl.app.MainWindow$update$1.invoke(MainWindow.kt:115)
	at com.almasb.fxgl.app.MainWindow$update$1.invoke(MainWindow.kt:115)
	at com.almasb.fxgl.core.fsm.StateMachine.runOnActiveStates(StateMachine.kt:69)
	at com.almasb.fxgl.app.MainWindow.update(MainWindow.kt:115)
	at com.almasb.fxgl.app.FXGLApplication$GameApplicationService.onUpdate(FXGLApplication.kt:426)
	at com.almasb.fxgl.app.Engine.loop(Engine.kt:134)
	at com.almasb.fxgl.app.Engine.access$loop(Engine.kt:24)
	at com.almasb.fxgl.app.Engine$loop$1.invoke(Engine.kt:28)
	at com.almasb.fxgl.app.Engine$loop$1.invoke(Engine.kt:28)
	at com.almasb.fxgl.app.LoopRunner.frame(LoopRunner.kt:103)
	at com.almasb.fxgl.app.LoopRunner.access$frame(LoopRunner.kt:23)
	at com.almasb.fxgl.app.LoopRunner$impl$2$1.onTick(LoopRunner.kt:57)
	at com.almasb.fxgl.app.AnimationTimerLoop$timer$1.handle(LoopRunner.kt:137)
	at javafx.animation.AnimationTimer$AnimationTimerReceiver.lambda$handle$0(AnimationTimer.java:58)
	at java.base/java.security.AccessController.doPrivileged(AccessController.java:399)
	at javafx.animation.AnimationTimer$AnimationTimerReceiver.handle(AnimationTimer.java:57)
	at com.sun.scenario.animation.AbstractPrimaryTimer.timePulseImpl(AbstractPrimaryTimer.java:356)
	at com.sun.scenario.animation.AbstractPrimaryTimer$MainLoop.run(AbstractPrimaryTimer.java:266)
	at com.sun.javafx.tk.quantum.QuantumToolkit.pulse(QuantumToolkit.java:571)
	at com.sun.javafx.tk.quantum.QuantumToolkit.pulse(QuantumToolkit.java:555)
	at com.sun.javafx.tk.quantum.QuantumToolkit.pulseFromQueue(QuantumToolkit.java:548)
	at com.sun.javafx.tk.quantum.QuantumToolkit.lambda$runToolkit$11(QuantumToolkit.java:352)
	at com.sun.glass.ui.InvokeLaterDispatcher$Future.run(InvokeLaterDispatcher.java:96)
	at com.sun.glass.ui.win.WinApplication._runLoop(Native Method)
	at com.sun.glass.ui.win.WinApplication.lambda$runLoop$3(WinApplication.java:184)
	at java.base/java.lang.Thread.run(Thread.java:833)

15:30:14.581 [JavaFX Application Thread] FATAL FXGLApplication      - Application will now exit
15:30:14.631 [JavaFX Application Thread] DEBUG PrimaryStageWindow   - Push state: ErrorSubScene
15:30:14.631 [JavaFX Application Thread] DEBUG Input                - Clearing active input actions
15:30:14.652 [JavaFX Application Thread] DEBUG GameApplicationServi - Removing overlay from GameScene and adding to ErrorSubScene
15:30:14.653 [JavaFX Application Thread] DEBUG PrimaryStageWindow   - GameScene -> ErrorSubScene
15:30:15.761 [FXGL Background Thread 3 ] DEBUG Engine               - Logging environment variables
15:30:15.763 [FXGL Background Thread 3 ] DEBUG Engine               - achievements: []
15:30:15.764 [FXGL Background Thread 3 ] DEBUG Engine               - actualHeight: 500.0
15:30:15.764 [FXGL Background Thread 3 ] DEBUG Engine               - actualHeightProperty: ReadOnlyDoubleProperty [value: 500.0]
15:30:15.764 [FXGL Background Thread 3 ] DEBUG Engine               - actualWidth: 500.0
15:30:15.765 [FXGL Background Thread 3 ] DEBUG Engine               - actualWidthProperty: ReadOnlyDoubleProperty [value: 500.0]
15:30:15.765 [FXGL Background Thread 3 ] DEBUG Engine               - appIcon: fxgl_icon.png
15:30:15.765 [FXGL Background Thread 3 ] DEBUG Engine               - applicationMode: DEVELOPER
15:30:15.766 [FXGL Background Thread 3 ] DEBUG Engine               - cSSList: [fxgl_dark.css]
15:30:15.766 [FXGL Background Thread 3 ] DEBUG Engine               - collisionDetectionStrategy: BRUTE_FORCE
15:30:15.766 [FXGL Background Thread 3 ] DEBUG Engine               - configClass: Optional.empty
15:30:15.766 [FXGL Background Thread 3 ] DEBUG Engine               - credits: []
15:30:15.768 [FXGL Background Thread 3 ] DEBUG Engine               - defaultCursor: CursorInfo(imageName=fxgl_default_cursor.png, hotspotX=7.0, hotspotY=6.0)
15:30:15.768 [FXGL Background Thread 3 ] DEBUG Engine               - devBBoxColorProperty: ObjectProperty [value: 0xff0000ff]
15:30:15.769 [FXGL Background Thread 3 ] DEBUG Engine               - devEnableDebugCameraProperty: BooleanProperty [value: false]
15:30:15.770 [FXGL Background Thread 3 ] DEBUG Engine               - devSensorColorProperty: ObjectProperty [value: 0xffff00ff]
15:30:15.770 [FXGL Background Thread 3 ] DEBUG Engine               - devShowBBoxProperty: BooleanProperty [value: false]
15:30:15.770 [FXGL Background Thread 3 ] DEBUG Engine               - devShowPositionProperty: BooleanProperty [value: false]
15:30:15.771 [FXGL Background Thread 3 ] DEBUG Engine               - enabledMenuItems: []
15:30:15.772 [FXGL Background Thread 3 ] DEBUG Engine               - engineServices: [class com.almasb.fxgl.app.services.FXGLAssetLoaderService, class com.almasb.fxgl.app.FXGLApplication$GameApplicationService, class com.almasb.fxgl.app.services.FXGLDialogService, class com.almasb.fxgl.app.services.IOTaskExecutorService, class com.almasb.fxgl.io.FileSystemService, class com.almasb.fxgl.localization.LocalizationService, class com.almasb.fxgl.app.services.SystemBundleService, class com.almasb.fxgl.profile.SaveLoadService, class com.almasb.fxgl.ui.FXGLUIFactoryServiceProvider, class com.almasb.fxgl.ui.FXGLDialogFactoryServiceProvider, class com.almasb.fxgl.audio.AudioPlayer, class com.almasb.fxgl.notification.impl.NotificationServiceProvider, class com.almasb.fxgl.achievement.AchievementService, class com.almasb.fxgl.cutscene.CutsceneService, class com.almasb.fxgl.minigames.MiniGameService, class com.almasb.fxgl.net.NetService, class com.almasb.fxgl.app.services.UpdaterService, class com.almasb.fxgl.dev.DevService]
15:30:15.772 [FXGL Background Thread 3 ] DEBUG Engine               - fontGame: Abel-Regular.ttf
15:30:15.772 [FXGL Background Thread 3 ] DEBUG Engine               - fontMono: TerminalLandMono-Regular.otf
15:30:15.773 [FXGL Background Thread 3 ] DEBUG Engine               - fontText: Courier-Prime.ttf
15:30:15.773 [FXGL Background Thread 3 ] DEBUG Engine               - fontUI: VarelaRound-Regular.ttf
15:30:15.773 [FXGL Background Thread 3 ] DEBUG Engine               - fullScreen: BooleanProperty [value: false]
15:30:15.773 [FXGL Background Thread 3 ] DEBUG Engine               - gameDifficulty: MEDIUM
15:30:15.774 [FXGL Background Thread 3 ] DEBUG Engine               - gameDifficultyProperty: ObjectProperty [value: MEDIUM]
15:30:15.774 [FXGL Background Thread 3 ] DEBUG Engine               - globalMusicVolume: 0.5
15:30:15.775 [FXGL Background Thread 3 ] DEBUG Engine               - globalMusicVolumeProperty: DoubleProperty [value: 0.5]
15:30:15.775 [FXGL Background Thread 3 ] DEBUG Engine               - globalSoundVolume: 0.5
15:30:15.775 [FXGL Background Thread 3 ] DEBUG Engine               - globalSoundVolumeProperty: DoubleProperty [value: 0.5]
15:30:15.776 [FXGL Background Thread 3 ] DEBUG Engine               - height: 500
15:30:15.776 [FXGL Background Thread 3 ] DEBUG Engine               - is3D: false
15:30:15.776 [FXGL Background Thread 3 ] DEBUG Engine               - isAndroid: false
15:30:15.780 [FXGL Background Thread 3 ] DEBUG Engine               - isBrowser: false
15:30:15.780 [FXGL Background Thread 3 ] DEBUG Engine               - isClickFeedbackEnabled: false
15:30:15.780 [FXGL Background Thread 3 ] DEBUG Engine               - isCloseConfirmation: false
15:30:15.781 [FXGL Background Thread 3 ] DEBUG Engine               - isDesktop: true
15:30:15.781 [FXGL Background Thread 3 ] DEBUG Engine               - isDeveloperMenuEnabled: false
15:30:15.781 [FXGL Background Thread 3 ] DEBUG Engine               - isEmbedded: false
15:30:15.782 [FXGL Background Thread 3 ] DEBUG Engine               - isEntityPreloadEnabled: true
15:30:15.782 [FXGL Background Thread 3 ] DEBUG Engine               - isExperimentalTiledLargeMap: false
15:30:15.783 [FXGL Background Thread 3 ] DEBUG Engine               - isFileSystemWriteAllowed: true
15:30:15.783 [FXGL Background Thread 3 ] DEBUG Engine               - isFullScreenAllowed: false
15:30:15.783 [FXGL Background Thread 3 ] DEBUG Engine               - isFullScreenFromStart: false
15:30:15.783 [FXGL Background Thread 3 ] DEBUG Engine               - isGameMenuEnabled: true
15:30:15.784 [FXGL Background Thread 3 ] DEBUG Engine               - isIOS: false
15:30:15.784 [FXGL Background Thread 3 ] DEBUG Engine               - isIntroEnabled: false
15:30:15.784 [FXGL Background Thread 3 ] DEBUG Engine               - isLinux: false
15:30:15.784 [FXGL Background Thread 3 ] DEBUG Engine               - isMac: false
15:30:15.784 [FXGL Background Thread 3 ] DEBUG Engine               - isMainMenuEnabled: false
15:30:15.785 [FXGL Background Thread 3 ] DEBUG Engine               - isManualResizeEnabled: false
15:30:15.785 [FXGL Background Thread 3 ] DEBUG Engine               - isMobile: false
15:30:15.785 [FXGL Background Thread 3 ] DEBUG Engine               - isNative: false
15:30:15.785 [FXGL Background Thread 3 ] DEBUG Engine               - isPauseMusicWhenMinimized: true
15:30:15.786 [FXGL Background Thread 3 ] DEBUG Engine               - isPreserveResizeRatio: false
15:30:15.786 [FXGL Background Thread 3 ] DEBUG Engine               - isProfilingEnabled: false
15:30:15.786 [FXGL Background Thread 3 ] DEBUG Engine               - isScaleAffectedOnResize: true
15:30:15.786 [FXGL Background Thread 3 ] DEBUG Engine               - isSingleStep: false
15:30:15.787 [FXGL Background Thread 3 ] DEBUG Engine               - isUserProfileEnabled: false
15:30:15.787 [FXGL Background Thread 3 ] DEBUG Engine               - isWindows: true
15:30:15.787 [FXGL Background Thread 3 ] DEBUG Engine               - language: ObjectProperty [value: ENGLISH]
15:30:15.788 [FXGL Background Thread 3 ] DEBUG Engine               - menuKey: ESCAPE
15:30:15.788 [FXGL Background Thread 3 ] DEBUG Engine               - mouseSensitivity: 0.2
15:30:15.788 [FXGL Background Thread 3 ] DEBUG Engine               - notificationViewClass: class com.almasb.fxgl.notification.view.XboxNotificationView
15:30:15.788 [FXGL Background Thread 3 ] DEBUG Engine               - pixelsPerMeter: 50.0
15:30:15.789 [FXGL Background Thread 3 ] DEBUG Engine               - platform: WINDOWS
15:30:15.789 [FXGL Background Thread 3 ] DEBUG Engine               - prefHeightProperty: ReadOnlyDoubleProperty [value: 500.0]
15:30:15.789 [FXGL Background Thread 3 ] DEBUG Engine               - prefWidthProperty: ReadOnlyDoubleProperty [value: 500.0]
15:30:15.790 [FXGL Background Thread 3 ] DEBUG Engine               - profileDir: profiles/
15:30:15.790 [FXGL Background Thread 3 ] DEBUG Engine               - profileName: StringProperty [value: DEFAULT]
15:30:15.790 [FXGL Background Thread 3 ] DEBUG Engine               - randomSeed: -1
15:30:15.791 [FXGL Background Thread 3 ] DEBUG Engine               - runtimeInfo: RuntimeInfo(platform=WINDOWS, version=17.1, build=24.03.2022 17.34)
15:30:15.792 [FXGL Background Thread 3 ] DEBUG Engine               - saveFileExt: sav
15:30:15.792 [FXGL Background Thread 3 ] DEBUG Engine               - scaledHeightProp$fxgl: DoubleProperty [bound, value: 500.0]
15:30:15.792 [FXGL Background Thread 3 ] DEBUG Engine               - scaledWidthProp$fxgl: DoubleProperty [bound, value: 500.0]
15:30:15.793 [FXGL Background Thread 3 ] DEBUG Engine               - sceneFactory: com.almasb.fxgl.app.scene.SceneFactory@329142dd
15:30:15.793 [FXGL Background Thread 3 ] DEBUG Engine               - secondsIn24h: 60
15:30:15.793 [FXGL Background Thread 3 ] DEBUG Engine               - soundMenuBack: menu/back.wav
15:30:15.793 [FXGL Background Thread 3 ] DEBUG Engine               - soundMenuPress: menu/press.wav
15:30:15.794 [FXGL Background Thread 3 ] DEBUG Engine               - soundMenuSelect: menu/select.wav
15:30:15.794 [FXGL Background Thread 3 ] DEBUG Engine               - soundNotification: core/notification.wav
15:30:15.794 [FXGL Background Thread 3 ] DEBUG Engine               - stageStyle: DECORATED
15:30:15.794 [FXGL Background Thread 3 ] DEBUG Engine               - supportedLanguages: [ENGLISH, FRENCH, GERMAN, HUNGARIAN, RUSSIAN]
15:30:15.794 [FXGL Background Thread 3 ] DEBUG Engine               - ticksPerSecond: -1
15:30:15.794 [FXGL Background Thread 3 ] DEBUG Engine               - title: Test
15:30:15.794 [FXGL Background Thread 3 ] DEBUG Engine               - urlGithub: https://github.com/AlmasB/FXGL
15:30:15.795 [FXGL Background Thread 3 ] DEBUG Engine               - urlLeaderboard: http://fxgl-top.herokuapp.com/
15:30:15.795 [FXGL Background Thread 3 ] DEBUG Engine               - urlPOM: https://raw.githubusercontent.com/AlmasB/FXGL/release/README.md
15:30:15.795 [FXGL Background Thread 3 ] DEBUG Engine               - userAppClass: class Game
15:30:15.795 [FXGL Background Thread 3 ] DEBUG Engine               - version: 1.0
15:30:15.795 [FXGL Background Thread 3 ] DEBUG Engine               - versionCheckDays: 7
15:30:15.795 [FXGL Background Thread 3 ] DEBUG Engine               - width: 500
15:30:15.796 [FXGL Background Thread 3 ] DEBUG Engine               - Logging services
15:30:15.796 [FXGL Background Thread 3 ] DEBUG Engine               - class com.almasb.fxgl.app.services.FXGLAssetLoaderService
15:30:15.796 [FXGL Background Thread 3 ] DEBUG Engine               - class com.almasb.fxgl.app.FXGLApplication$GameApplicationService
15:30:15.796 [FXGL Background Thread 3 ] DEBUG Engine               - class com.almasb.fxgl.app.services.FXGLDialogService
15:30:15.796 [FXGL Background Thread 3 ] DEBUG Engine               - class com.almasb.fxgl.app.services.IOTaskExecutorService
15:30:15.796 [FXGL Background Thread 3 ] DEBUG Engine               - class com.almasb.fxgl.io.FileSystemService
15:30:15.796 [FXGL Background Thread 3 ] DEBUG Engine               - class com.almasb.fxgl.localization.LocalizationService
15:30:15.796 [FXGL Background Thread 3 ] DEBUG Engine               - class com.almasb.fxgl.app.services.SystemBundleService
15:30:15.796 [FXGL Background Thread 3 ] DEBUG Engine               - class com.almasb.fxgl.profile.SaveLoadService
15:30:15.796 [FXGL Background Thread 3 ] DEBUG Engine               - class com.almasb.fxgl.ui.FXGLUIFactoryServiceProvider
15:30:15.797 [FXGL Background Thread 3 ] DEBUG Engine               - class com.almasb.fxgl.ui.FXGLDialogFactoryServiceProvider
15:30:15.797 [FXGL Background Thread 3 ] DEBUG Engine               - class com.almasb.fxgl.audio.AudioPlayer
15:30:15.797 [FXGL Background Thread 3 ] DEBUG Engine               - class com.almasb.fxgl.notification.impl.NotificationServiceProvider
15:30:15.797 [FXGL Background Thread 3 ] DEBUG Engine               - class com.almasb.fxgl.achievement.AchievementService
15:30:15.797 [FXGL Background Thread 3 ] DEBUG Engine               - class com.almasb.fxgl.cutscene.CutsceneService
15:30:15.797 [FXGL Background Thread 3 ] DEBUG Engine               - class com.almasb.fxgl.minigames.MiniGameService
15:30:15.797 [FXGL Background Thread 3 ] DEBUG Engine               - class com.almasb.fxgl.net.NetService
15:30:15.797 [FXGL Background Thread 3 ] DEBUG Engine               - class com.almasb.fxgl.app.services.UpdaterService
15:30:15.797 [FXGL Background Thread 3 ] DEBUG Engine               - class com.almasb.fxgl.dev.DevService
15:30:18.081 [JavaFX Application Thread] DEBUG FXGLApplication      - Exiting FXGL
15:30:18.082 [JavaFX Application Thread] DEBUG Async                - Shutting down background threads
15:30:18.082 [JavaFX Application Thread] DEBUG PrimaryStageWindow   - Closing main window
15:30:18.123 [JavaFX Application Thread] DEBUG Logger               - Closing Logger
