12:33:24.271 [main                     ] DEBUG Logger               - Configured Logger
12:33:24.295 [main                     ] DEBUG GameApplication      - Logging settings
Title: Untitled
Version: 0.0
Width: 1280
Height: 720
Fullscreen: false
Intro: false
Profiling: false
Single step:false
App Mode: DEVELOPER
Menu Key: ESCAPE
Stage Style: DECORATED
Scene Factory: class com.almasb.fxglgames.platformer.PlatformerApp$1

12:33:24.555 [JavaFX Application Thread] DEBUG FXGLApplication      - Initializing FXGL
12:33:24.559 [JavaFX Application Thread] INFO  Engine               - FXGL-17+dev-SNAPSHOT (05.04.2022 19.26) on WINDOWS (J:17.0.1 FX:18)
12:33:24.559 [JavaFX Application Thread] DEBUG Engine               - JRE Vendor Name: Oracle Corporation
12:33:24.559 [JavaFX Application Thread] DEBUG Engine               - Running on OS: Windows 10 version 10.0
12:33:24.559 [JavaFX Application Thread] DEBUG Engine               - Architecture: amd64
12:33:24.559 [JavaFX Application Thread] INFO  Engine               - Source code and latest versions at: https://github.com/AlmasB/FXGL
12:33:24.560 [JavaFX Application Thread] INFO  Engine               -       Ask questions and discuss at: https://github.com/AlmasB/FXGL/discussions
12:33:24.560 [JavaFX Application Thread] INFO  Engine               -              Join the FXGL chat at: https://gitter.im/AlmasB/FXGL
12:33:24.617 [JavaFX Application Thread] DEBUG PrimaryStageWindow   - Creating a JavaFX scene
12:33:24.648 [JavaFX Application Thread] DEBUG PrimaryStageWindow   - Target settings size: 1280.0 x 720.0
12:33:24.648 [JavaFX Application Thread] DEBUG PrimaryStageWindow   - Scaled scene size:    1280.0 x 720.0
12:33:24.649 [JavaFX Application Thread] DEBUG PrimaryStageWindow   - Scaled ratio: (1.0, 1.0)
12:33:24.649 [JavaFX Application Thread] DEBUG PrimaryStageWindow   - Set initial scene to FXGLStartupScene
12:33:24.654 [JavaFX Application Thread] DEBUG PrimaryStageWindow   - Opening main window
12:33:24.717 [JavaFX Application Thread] DEBUG PrimaryStageWindow   - Window border size: (14.4000244140625, 37.5999755859375)
12:33:24.717 [JavaFX Application Thread] DEBUG PrimaryStageWindow   - Scaled size: 1280.0 x 720.0
12:33:24.717 [JavaFX Application Thread] DEBUG PrimaryStageWindow   - Scaled ratio: (1.0, 1.0)
12:33:24.717 [JavaFX Application Thread] DEBUG PrimaryStageWindow   - Scene size: 1280.0 x 720.0
12:33:24.718 [JavaFX Application Thread] DEBUG PrimaryStageWindow   - Stage size: 1294.4000244140625 x 757.5999755859375
12:33:24.723 [FXGL Background Thread 1 ] DEBUG Engine               - Initializing environment variables
12:33:24.751 [FXGL Background Thread 1 ] DEBUG FXGLAssetLoaderServi - User app class for loading assets: class com.almasb.fxglgames.platformer.PlatformerApp
12:33:24.751 [FXGL Background Thread 1 ] DEBUG GameApplicationServi - Applying CSS: fxgl_dark.css
12:33:24.752 [FXGL Background Thread 1 ] DEBUG FXGLAssetLoaderServi - Loading from file system: jar:file:///C:/Users/jcnva/.m2/repository/com/github/almasb/fxgl/17+dev-SNAPSHOT/fxgl-17+dev-20220405.192649-40.jar!/fxglassets/ui/css/fxgl_dark.css
12:33:24.785 [FXGL Background Thread 1 ] DEBUG GameApplicationServi - Initializing application scenes
12:33:24.820 [FXGL Background Thread 1 ] DEBUG FXGLAssetLoaderServi - Loading from file system: file:/C:/Users/jcnva/IdeaProjects/AlmasBGame/target/classes/assets/textures/player.png
12:33:24.837 [FXGL Background Thread 1 ] DEBUG GameWorld            - Game world initialized
12:33:24.879 [FXGL Background Thread 1 ] DEBUG PhysicsWorld         - Physics world initialized: appHeight=720, physics.ppm=50,0
12:33:24.879 [FXGL Background Thread 1 ] DEBUG PhysicsWorld         - Using strategy: BRUTE_FORCE
12:33:24.882 [FXGL Background Thread 1 ] DEBUG GameScene            - Game scene initialized: 1280x720
12:33:24.888 [FXGL Background Thread 1 ] DEBUG FXGL.DefaultMenu     - createMenuBodyGameMenu()
12:33:24.900 [FXGL Background Thread 1 ] DEBUG FXGL.DefaultMenu     - createOptionsMenu()
12:33:24.910 [FXGL Background Thread 1 ] DEBUG FXGLAssetLoaderServi - Loading from file system: jar:file:///C:/Users/jcnva/.m2/repository/com/github/almasb/fxgl/17+dev-SNAPSHOT/fxgl-17+dev-20220405.192649-40.jar!/fxglassets/textures/particles/smoke.png
12:33:24.964 [FXGL Background Thread 1 ] DEBUG FXGLAssetLoaderServi - Loading from file system: jar:file:///C:/Users/jcnva/.m2/repository/com/github/almasb/fxgl/17+dev-SNAPSHOT/fxgl-17+dev-20220405.192649-40.jar!/fxglassets/textures/particles/trace_horizontal.png
12:33:24.987 [FXGL Background Thread 1 ] DEBUG GameApplicationServi - Application scenes initialized
12:33:24.997 [FXGL Background Thread 1 ] DEBUG SystemBundleService  - Loading FXGL system data
12:33:25.000 [FXGL Background Thread 1 ] DEBUG FileSystemAccess     - Reading from: C:\Users\jcnva\IdeaProjects\AlmasBGame\system\fxgl.bundle
12:33:25.005 [FXGL Background Thread 1 ] DEBUG SystemBundleService  - Bundle FXGL: {}
12:33:25.005 [FXGL Background Thread 1 ] DEBUG UpdaterService       - Checking for updates
12:33:25.008 [FXGL Background Thread 4 ] DEBUG FXGLApplication      - Loading fonts
12:33:25.008 [FXGL Background Thread 1 ] DEBUG FXGLApplication      - Loading default localization
12:33:25.009 [FXGL Background Thread 4 ] DEBUG FXGLAssetLoaderServi - Loading from file system: jar:file:///C:/Users/jcnva/.m2/repository/com/github/almasb/fxgl/17+dev-SNAPSHOT/fxgl-17+dev-20220405.192649-40.jar!/fxglassets/ui/fonts/VarelaRound-Regular.ttf
12:33:25.009 [FXGL Background Thread 1 ] DEBUG FXGLAssetLoaderServi - Loading from file system: jar:file:///C:/Users/jcnva/.m2/repository/com/github/almasb/fxgl/17+dev-SNAPSHOT/fxgl-17+dev-20220405.192649-40.jar!/fxglassets/languages/english.lang
12:33:25.031 [FXGL Background Thread 1 ] INFO  FXGLApplication      - FXGL initialization took: 0,308 sec
12:33:25.038 [JavaFX Application Thread] DEBUG Input                - Registered new binding: Left - A
12:33:25.039 [JavaFX Application Thread] DEBUG Input                - Registered new binding: Right - D
12:33:25.039 [JavaFX Application Thread] DEBUG Input                - Registered new binding: Jump - W
12:33:25.039 [JavaFX Application Thread] DEBUG Input                - Registered new binding: Use - E
12:33:25.040 [JavaFX Application Thread] WARN  FXGLAssetLoaderServi - Asset "/assets/music/BGM_dash_runner.wav" was not found!
12:33:25.040 [JavaFX Application Thread] WARN  FXGLAssetLoaderServi - Failed to load MUSIC
12:33:25.042 [JavaFX Application Thread] DEBUG AudioPlayer          - Playing music com.almasb.fxgl.audio.Music@46526f45
12:33:25.043 [JavaFX Application Thread] DEBUG FXGLAssetLoaderServi - Loading from file system: jar:file:///C:/Users/jcnva/.m2/repository/com/github/almasb/fxgl/17+dev-SNAPSHOT/fxgl-17+dev-20220405.192649-40.jar!/fxglassets/textures/fxgl_icon.png
12:33:25.050 [FXGL Background Thread 4 ] DEBUG FXGLAssetLoaderServi - Loading from file system: jar:file:///C:/Users/jcnva/.m2/repository/com/github/almasb/fxgl/17+dev-SNAPSHOT/fxgl-17+dev-20220405.192649-40.jar!/fxglassets/ui/fonts/Abel-Regular.ttf
12:33:25.054 [FXGL Background Thread 4 ] DEBUG FXGLAssetLoaderServi - Loading from file system: jar:file:///C:/Users/jcnva/.m2/repository/com/github/almasb/fxgl/17+dev-SNAPSHOT/fxgl-17+dev-20220405.192649-40.jar!/fxglassets/ui/fonts/TerminalLandMono-Regular.otf
12:33:25.057 [FXGL Background Thread 4 ] DEBUG FXGLAssetLoaderServi - Loading from file system: jar:file:///C:/Users/jcnva/.m2/repository/com/github/almasb/fxgl/17+dev-SNAPSHOT/fxgl-17+dev-20220405.192649-40.jar!/fxglassets/ui/fonts/Courier-Prime.ttf
12:33:25.059 [JavaFX Application Thread] DEBUG FXGLAssetLoaderServi - Loading from file system: jar:file:///C:/Users/jcnva/.m2/repository/com/github/almasb/fxgl/17+dev-SNAPSHOT/fxgl-17+dev-20220405.192649-40.jar!/fxglassets/textures/fxgl_default_cursor.png
12:33:25.063 [JavaFX Application Thread] DEBUG Input                - Registered new binding: Screenshot - CTRL+8
12:33:25.064 [JavaFX Application Thread] DEBUG Input                - Registered new binding: System info dump - CTRL+9
12:33:25.065 [JavaFX Application Thread] DEBUG Input                - Registered new binding: Restart - CTRL+R
12:33:25.067 [JavaFX Application Thread] DEBUG Input                - Registered new binding: Toggle Debug Camera - CTRL+7
12:33:25.071 [JavaFX Application Thread] DEBUG LoopRunner           - Starting loop
12:33:25.071 [JavaFX Application Thread] DEBUG LoopRunner           - Initializing JavaFX AnimationTimerLoop
12:33:25.075 [JavaFX Application Thread] DEBUG GameApplicationServi - Starting new game
12:33:25.075 [JavaFX Application Thread] DEBUG Input                - Clearing active input actions
12:33:25.084 [JavaFX Application Thread] DEBUG GameApplicationServi - Removing overlay from FXGLStartupScene and adding to MainLoadingScene
12:33:25.085 [JavaFX Application Thread] DEBUG PrimaryStageWindow   - FXGLStartupScene -> MainLoadingScene
12:33:25.085 [JavaFX Application Thread] DEBUG GameApplicationServi - Clearing previous game
12:33:25.085 [JavaFX Application Thread] DEBUG GameScene            - Clearing game scene
12:33:25.085 [JavaFX Application Thread] DEBUG GameWorld            - Clearing game world
12:33:25.085 [JavaFX Application Thread] DEBUG PhysicsWorld         - Clearing physics world
12:33:25.087 [FXGL Background Thread 4 ] DEBUG FXGLApplication      - Initializing game
12:33:25.087 [JavaFX Application Thread] DEBUG FXGLApplication      - Registering font factories with UI factory
12:33:25.153 [FXGL Background Thread 4 ] WARN  TMXLevelLoader       - TiledMap generated from 1.2.3. Supported version: 1.4.2. Some features may not be parsed fully.
12:33:25.160 [FXGL Background Thread 4 ] DEBUG TMXLevelLoader       - Parsed TiledMap: file:/C:/Users/jcnva/IdeaProjects/AlmasBGame/target/classes/assets/levels/tmx/level1.tmx
12:33:25.161 [FXGL Background Thread 4 ] DEBUG TMXLevelLoader       - Creating tile layer entities
12:33:25.162 [FXGL Background Thread 4 ] DEBUG TilesetLoader        - Loading view for layer Tile Layer 1
12:33:25.163 [FXGL Background Thread 4 ] DEBUG TilesetLoader        - Created buffer with size 1050.0x700.0
12:33:25.177 [FXGL Background Thread 4 ] DEBUG TMXLevelLoader       - Creating object layer entities
12:33:25.193 [FXGL Background Thread 4 ] DEBUG GameWorld            - Clearing removable entities
12:33:25.195 [FXGL Background Thread 4 ] DEBUG GameWorld            - Setting level: com.almasb.fxgl.entity.level.Level@e296b65
12:33:25.220 [FXGL Background Thread 4 ] DEBUG FXGLAssetLoaderServi - Loading from file system: file:/C:/Users/jcnva/IdeaProjects/AlmasBGame/target/classes/assets/textures/background/forest.png
12:33:25.234 [FXGL Background Thread 4 ] INFO  FXGLApplication      - Game initialization took: 0,147 sec
12:33:25.235 [JavaFX Application Thread] DEBUG Input                - Clearing active input actions
12:33:25.238 [JavaFX Application Thread] DEBUG GameApplicationServi - Removing overlay from MainLoadingScene and adding to GameScene
12:33:25.239 [JavaFX Application Thread] DEBUG PrimaryStageWindow   - MainLoadingScene -> GameScene
12:33:25.332 [FXGL Background Thread 2 ] INFO  UpdaterService       - Your current version:  17+dev-SNAPSHOT
12:33:25.332 [FXGL Background Thread 2 ] INFO  UpdaterService       - Latest stable version: 17.1
12:33:28.008 [FXGL Background Thread 3 ] DEBUG Engine               - Logging environment variables
12:33:28.008 [FXGL Background Thread 3 ] DEBUG Engine               - achievements: []
12:33:28.009 [FXGL Background Thread 3 ] DEBUG Engine               - actualHeight: 720.0
12:33:28.009 [FXGL Background Thread 3 ] DEBUG Engine               - actualHeightProperty: ReadOnlyDoubleProperty [value: 720.0]
12:33:28.009 [FXGL Background Thread 3 ] DEBUG Engine               - actualWidth: 1280.0
12:33:28.009 [FXGL Background Thread 3 ] DEBUG Engine               - actualWidthProperty: ReadOnlyDoubleProperty [value: 1280.0]
12:33:28.009 [FXGL Background Thread 3 ] DEBUG Engine               - appIcon: fxgl_icon.png
12:33:28.009 [FXGL Background Thread 3 ] DEBUG Engine               - applicationMode: DEVELOPER
12:33:28.009 [FXGL Background Thread 3 ] DEBUG Engine               - cSSList: [fxgl_dark.css]
12:33:28.010 [FXGL Background Thread 3 ] DEBUG Engine               - collisionDetectionStrategy: BRUTE_FORCE
12:33:28.010 [FXGL Background Thread 3 ] DEBUG Engine               - configClass: Optional.empty
12:33:28.010 [FXGL Background Thread 3 ] DEBUG Engine               - credits: []
12:33:28.010 [FXGL Background Thread 3 ] DEBUG Engine               - defaultCursor: CursorInfo(imageName=fxgl_default_cursor.png, hotspotX=7.0, hotspotY=6.0)
12:33:28.010 [FXGL Background Thread 3 ] DEBUG Engine               - devBBoxColorProperty: ObjectProperty [value: 0xff0000ff]
12:33:28.010 [FXGL Background Thread 3 ] DEBUG Engine               - devEnableDebugCameraProperty: BooleanProperty [value: false]
12:33:28.010 [FXGL Background Thread 3 ] DEBUG Engine               - devSensorColorProperty: ObjectProperty [value: 0xffff00ff]
12:33:28.011 [FXGL Background Thread 3 ] DEBUG Engine               - devShowBBoxProperty: BooleanProperty [value: false]
12:33:28.011 [FXGL Background Thread 3 ] DEBUG Engine               - devShowPositionProperty: BooleanProperty [value: false]
12:33:28.011 [FXGL Background Thread 3 ] DEBUG Engine               - enabledMenuItems: []
12:33:28.011 [FXGL Background Thread 3 ] DEBUG Engine               - engineServices: [class com.almasb.fxgl.app.services.FXGLAssetLoaderService, class com.almasb.fxgl.app.FXGLApplication$GameApplicationService, class com.almasb.fxgl.app.services.FXGLDialogService, class com.almasb.fxgl.app.services.IOTaskExecutorService, class com.almasb.fxgl.io.FileSystemService, class com.almasb.fxgl.localization.LocalizationService, class com.almasb.fxgl.app.services.SystemBundleService, class com.almasb.fxgl.profile.SaveLoadService, class com.almasb.fxgl.ui.FXGLUIFactoryServiceProvider, class com.almasb.fxgl.ui.FXGLDialogFactoryServiceProvider, class com.almasb.fxgl.audio.AudioPlayer, class com.almasb.fxgl.notification.impl.NotificationServiceProvider, class com.almasb.fxgl.achievement.AchievementService, class com.almasb.fxgl.cutscene.CutsceneService, class com.almasb.fxgl.minigames.MiniGameService, class com.almasb.fxgl.net.NetService, class com.almasb.fxgl.app.services.UpdaterService, class com.almasb.fxgl.dev.DevService]
12:33:28.011 [FXGL Background Thread 3 ] DEBUG Engine               - fontGame: Abel-Regular.ttf
12:33:28.011 [FXGL Background Thread 3 ] DEBUG Engine               - fontMono: TerminalLandMono-Regular.otf
12:33:28.011 [FXGL Background Thread 3 ] DEBUG Engine               - fontText: Courier-Prime.ttf
12:33:28.011 [FXGL Background Thread 3 ] DEBUG Engine               - fontUI: VarelaRound-Regular.ttf
12:33:28.011 [FXGL Background Thread 3 ] DEBUG Engine               - fullScreen: BooleanProperty [value: false]
12:33:28.011 [FXGL Background Thread 3 ] DEBUG Engine               - gameDifficulty: MEDIUM
12:33:28.011 [FXGL Background Thread 3 ] DEBUG Engine               - gameDifficultyProperty: ObjectProperty [value: MEDIUM]
12:33:28.011 [FXGL Background Thread 3 ] DEBUG Engine               - globalMusicVolume: 0.5
12:33:28.012 [FXGL Background Thread 3 ] DEBUG Engine               - globalMusicVolumeProperty: DoubleProperty [value: 0.25]
12:33:28.012 [FXGL Background Thread 3 ] DEBUG Engine               - globalSoundVolume: 0.5
12:33:28.012 [FXGL Background Thread 3 ] DEBUG Engine               - globalSoundVolumeProperty: DoubleProperty [value: 0.5]
12:33:28.012 [FXGL Background Thread 3 ] DEBUG Engine               - height: 720
12:33:28.012 [FXGL Background Thread 3 ] DEBUG Engine               - is3D: false
12:33:28.012 [FXGL Background Thread 3 ] DEBUG Engine               - isAndroid: false
12:33:28.012 [FXGL Background Thread 3 ] DEBUG Engine               - isBrowser: false
12:33:28.012 [FXGL Background Thread 3 ] DEBUG Engine               - isClickFeedbackEnabled: false
12:33:28.012 [FXGL Background Thread 3 ] DEBUG Engine               - isCloseConfirmation: false
12:33:28.012 [FXGL Background Thread 3 ] DEBUG Engine               - isDesktop: true
12:33:28.012 [FXGL Background Thread 3 ] DEBUG Engine               - isDeveloperMenuEnabled: false
12:33:28.012 [FXGL Background Thread 3 ] DEBUG Engine               - isEmbedded: false
12:33:28.013 [FXGL Background Thread 3 ] DEBUG Engine               - isEntityPreloadEnabled: true
12:33:28.013 [FXGL Background Thread 3 ] DEBUG Engine               - isExperimentalTiledLargeMap: false
12:33:28.013 [FXGL Background Thread 3 ] DEBUG Engine               - isFileSystemWriteAllowed: true
12:33:28.013 [FXGL Background Thread 3 ] DEBUG Engine               - isFullScreenAllowed: false
12:33:28.013 [FXGL Background Thread 3 ] DEBUG Engine               - isFullScreenFromStart: false
12:33:28.013 [FXGL Background Thread 3 ] DEBUG Engine               - isGameMenuEnabled: true
12:33:28.013 [FXGL Background Thread 3 ] DEBUG Engine               - isIOS: false
12:33:28.013 [FXGL Background Thread 3 ] DEBUG Engine               - isIntroEnabled: false
12:33:28.013 [FXGL Background Thread 3 ] DEBUG Engine               - isLinux: false
12:33:28.013 [FXGL Background Thread 3 ] DEBUG Engine               - isMac: false
12:33:28.013 [FXGL Background Thread 3 ] DEBUG Engine               - isMainMenuEnabled: false
12:33:28.013 [FXGL Background Thread 3 ] DEBUG Engine               - isManualResizeEnabled: false
12:33:28.013 [FXGL Background Thread 3 ] DEBUG Engine               - isMobile: false
12:33:28.014 [FXGL Background Thread 3 ] DEBUG Engine               - isNative: false
12:33:28.014 [FXGL Background Thread 3 ] DEBUG Engine               - isPauseMusicWhenMinimized: true
12:33:28.014 [FXGL Background Thread 3 ] DEBUG Engine               - isPreserveResizeRatio: false
12:33:28.014 [FXGL Background Thread 3 ] DEBUG Engine               - isProfilingEnabled: false
12:33:28.014 [FXGL Background Thread 3 ] DEBUG Engine               - isScaleAffectedOnResize: true
12:33:28.014 [FXGL Background Thread 3 ] DEBUG Engine               - isSingleStep: false
12:33:28.014 [FXGL Background Thread 3 ] DEBUG Engine               - isUserProfileEnabled: false
12:33:28.014 [FXGL Background Thread 3 ] DEBUG Engine               - isWindows: true
12:33:28.014 [FXGL Background Thread 3 ] DEBUG Engine               - language: ObjectProperty [value: ENGLISH]
12:33:28.014 [FXGL Background Thread 3 ] DEBUG Engine               - menuKey: ESCAPE
12:33:28.014 [FXGL Background Thread 3 ] DEBUG Engine               - mouseSensitivity: 0.2
12:33:28.015 [FXGL Background Thread 3 ] DEBUG Engine               - notificationViewClass: class com.almasb.fxgl.notification.view.XboxNotificationView
12:33:28.015 [FXGL Background Thread 3 ] DEBUG Engine               - pixelsPerMeter: 50.0
12:33:28.015 [FXGL Background Thread 3 ] DEBUG Engine               - platform: WINDOWS
12:33:28.015 [FXGL Background Thread 3 ] DEBUG Engine               - prefHeightProperty: ReadOnlyDoubleProperty [value: 720.0]
12:33:28.015 [FXGL Background Thread 3 ] DEBUG Engine               - prefWidthProperty: ReadOnlyDoubleProperty [value: 1280.0]
12:33:28.015 [FXGL Background Thread 3 ] DEBUG Engine               - profileDir: profiles/
12:33:28.015 [FXGL Background Thread 3 ] DEBUG Engine               - profileName: StringProperty [value: DEFAULT]
12:33:28.015 [FXGL Background Thread 3 ] DEBUG Engine               - randomSeed: -1
12:33:28.016 [FXGL Background Thread 3 ] DEBUG Engine               - runtimeInfo: RuntimeInfo(platform=WINDOWS, version=17+dev-SNAPSHOT, build=05.04.2022 19.26)
12:33:28.016 [FXGL Background Thread 3 ] DEBUG Engine               - saveFileExt: sav
12:33:28.016 [FXGL Background Thread 3 ] DEBUG Engine               - scaledHeightProp$fxgl: DoubleProperty [bound, value: 720.0]
12:33:28.016 [FXGL Background Thread 3 ] DEBUG Engine               - scaledWidthProp$fxgl: DoubleProperty [bound, value: 1280.0]
12:33:28.016 [FXGL Background Thread 3 ] DEBUG Engine               - sceneFactory: com.almasb.fxglgames.platformer.PlatformerApp$1@7b0bd939
12:33:28.016 [FXGL Background Thread 3 ] DEBUG Engine               - secondsIn24h: 60
12:33:28.016 [FXGL Background Thread 3 ] DEBUG Engine               - soundMenuBack: menu/back.wav
12:33:28.016 [FXGL Background Thread 3 ] DEBUG Engine               - soundMenuPress: menu/press.wav
12:33:28.016 [FXGL Background Thread 3 ] DEBUG Engine               - soundMenuSelect: menu/select.wav
12:33:28.016 [FXGL Background Thread 3 ] DEBUG Engine               - soundNotification: core/notification.wav
12:33:28.016 [FXGL Background Thread 3 ] DEBUG Engine               - stageStyle: DECORATED
12:33:28.016 [FXGL Background Thread 3 ] DEBUG Engine               - supportedLanguages: [ENGLISH, FRENCH, GERMAN, HUNGARIAN, RUSSIAN]
12:33:28.016 [FXGL Background Thread 3 ] DEBUG Engine               - ticksPerSecond: -1
12:33:28.016 [FXGL Background Thread 3 ] DEBUG Engine               - title: Untitled
12:33:28.016 [FXGL Background Thread 3 ] DEBUG Engine               - urlGithub: https://github.com/AlmasB/FXGL
12:33:28.017 [FXGL Background Thread 3 ] DEBUG Engine               - urlLeaderboard: http://fxgl-top.herokuapp.com/
12:33:28.017 [FXGL Background Thread 3 ] DEBUG Engine               - urlPOM: https://raw.githubusercontent.com/AlmasB/FXGL/release/README.md
12:33:28.017 [FXGL Background Thread 3 ] DEBUG Engine               - userAppClass: class com.almasb.fxglgames.platformer.PlatformerApp
12:33:28.017 [FXGL Background Thread 3 ] DEBUG Engine               - version: 0.0
12:33:28.017 [FXGL Background Thread 3 ] DEBUG Engine               - versionCheckDays: 7
12:33:28.017 [FXGL Background Thread 3 ] DEBUG Engine               - width: 1280
12:33:28.017 [FXGL Background Thread 3 ] DEBUG Engine               - Logging services
12:33:28.017 [FXGL Background Thread 3 ] DEBUG Engine               - class com.almasb.fxgl.app.services.FXGLAssetLoaderService
12:33:28.017 [FXGL Background Thread 3 ] DEBUG Engine               - class com.almasb.fxgl.app.FXGLApplication$GameApplicationService
12:33:28.017 [FXGL Background Thread 3 ] DEBUG Engine               - class com.almasb.fxgl.app.services.FXGLDialogService
12:33:28.017 [FXGL Background Thread 3 ] DEBUG Engine               - class com.almasb.fxgl.app.services.IOTaskExecutorService
12:33:28.017 [FXGL Background Thread 3 ] DEBUG Engine               - class com.almasb.fxgl.io.FileSystemService
12:33:28.017 [FXGL Background Thread 3 ] DEBUG Engine               - class com.almasb.fxgl.localization.LocalizationService
12:33:28.017 [FXGL Background Thread 3 ] DEBUG Engine               - class com.almasb.fxgl.app.services.SystemBundleService
12:33:28.017 [FXGL Background Thread 3 ] DEBUG Engine               - class com.almasb.fxgl.profile.SaveLoadService
12:33:28.017 [FXGL Background Thread 3 ] DEBUG Engine               - class com.almasb.fxgl.ui.FXGLUIFactoryServiceProvider
12:33:28.017 [FXGL Background Thread 3 ] DEBUG Engine               - class com.almasb.fxgl.ui.FXGLDialogFactoryServiceProvider
12:33:28.018 [FXGL Background Thread 3 ] DEBUG Engine               - class com.almasb.fxgl.audio.AudioPlayer
12:33:28.018 [FXGL Background Thread 3 ] DEBUG Engine               - class com.almasb.fxgl.notification.impl.NotificationServiceProvider
12:33:28.018 [FXGL Background Thread 3 ] DEBUG Engine               - class com.almasb.fxgl.achievement.AchievementService
12:33:28.018 [FXGL Background Thread 3 ] DEBUG Engine               - class com.almasb.fxgl.cutscene.CutsceneService
12:33:28.018 [FXGL Background Thread 3 ] DEBUG Engine               - class com.almasb.fxgl.minigames.MiniGameService
12:33:28.018 [FXGL Background Thread 3 ] DEBUG Engine               - class com.almasb.fxgl.net.NetService
12:33:28.018 [FXGL Background Thread 3 ] DEBUG Engine               - class com.almasb.fxgl.app.services.UpdaterService
12:33:28.018 [FXGL Background Thread 3 ] DEBUG Engine               - class com.almasb.fxgl.dev.DevService
12:33:30.993 [JavaFX Application Thread] DEBUG FXGLApplication      - Exiting FXGL
12:33:30.994 [JavaFX Application Thread] DEBUG LoopRunner           - Stopping loop
12:33:30.994 [JavaFX Application Thread] DEBUG SystemBundleService  - Saving FXGL system data
12:33:30.996 [JavaFX Application Thread] DEBUG FileSystemAccess     - Writing to: C:\Users\jcnva\IdeaProjects\AlmasBGame\system\fxgl.bundle
12:33:30.998 [JavaFX Application Thread] DEBUG Async                - Shutting down background threads
12:33:30.998 [JavaFX Application Thread] DEBUG PrimaryStageWindow   - Closing main window
12:33:31.008 [JavaFX Application Thread] DEBUG Logger               - Closing Logger
