12:51:00.973 [main                     ] DEBUG Logger               - Configured Logger
12:51:00.997 [main                     ] DEBUG GameApplication      - Logging settings
Title: Untitled
Version: 0.0
Width: 1280
Height: 720
Fullscreen: false
Intro: false
Profiling: false
Single step:false
App Mode: DEVELOPER
Menu Key: ESCAPE
Stage Style: DECORATED
Scene Factory: class com.almasb.fxglgames.platformer.PlatformerApp$1

12:51:01.303 [JavaFX Application Thread] DEBUG FXGLApplication      - Initializing FXGL
12:51:01.308 [JavaFX Application Thread] INFO  Engine               - FXGL-17+dev-SNAPSHOT (05.04.2022 19.26) on WINDOWS (J:17.0.1 FX:18)
12:51:01.309 [JavaFX Application Thread] DEBUG Engine               - JRE Vendor Name: Oracle Corporation
12:51:01.309 [JavaFX Application Thread] DEBUG Engine               - Running on OS: Windows 10 version 10.0
12:51:01.309 [JavaFX Application Thread] DEBUG Engine               - Architecture: amd64
12:51:01.309 [JavaFX Application Thread] INFO  Engine               - Source code and latest versions at: https://github.com/AlmasB/FXGL
12:51:01.309 [JavaFX Application Thread] INFO  Engine               -       Ask questions and discuss at: https://github.com/AlmasB/FXGL/discussions
12:51:01.310 [JavaFX Application Thread] INFO  Engine               -              Join the FXGL chat at: https://gitter.im/AlmasB/FXGL
12:51:01.387 [JavaFX Application Thread] DEBUG PrimaryStageWindow   - Creating a JavaFX scene
12:51:01.427 [JavaFX Application Thread] DEBUG PrimaryStageWindow   - Target settings size: 1280.0 x 720.0
12:51:01.427 [JavaFX Application Thread] DEBUG PrimaryStageWindow   - Scaled scene size:    1280.0 x 720.0
12:51:01.427 [JavaFX Application Thread] DEBUG PrimaryStageWindow   - Scaled ratio: (1.0, 1.0)
12:51:01.428 [JavaFX Application Thread] DEBUG PrimaryStageWindow   - Set initial scene to FXGLStartupScene
12:51:01.436 [JavaFX Application Thread] DEBUG PrimaryStageWindow   - Opening main window
12:51:01.512 [JavaFX Application Thread] DEBUG PrimaryStageWindow   - Window border size: (14.4000244140625, 37.5999755859375)
12:51:01.512 [JavaFX Application Thread] DEBUG PrimaryStageWindow   - Scaled size: 1280.0 x 720.0
12:51:01.513 [JavaFX Application Thread] DEBUG PrimaryStageWindow   - Scaled ratio: (1.0, 1.0)
12:51:01.513 [JavaFX Application Thread] DEBUG PrimaryStageWindow   - Scene size: 1280.0 x 720.0
12:51:01.513 [JavaFX Application Thread] DEBUG PrimaryStageWindow   - Stage size: 1294.4000244140625 x 757.5999755859375
12:51:01.520 [FXGL Background Thread 1 ] DEBUG Engine               - Initializing environment variables
12:51:01.548 [FXGL Background Thread 1 ] DEBUG FXGLAssetLoaderServi - User app class for loading assets: class com.almasb.fxglgames.platformer.PlatformerApp
12:51:01.548 [FXGL Background Thread 1 ] DEBUG GameApplicationServi - Applying CSS: fxgl_dark.css
12:51:01.549 [FXGL Background Thread 1 ] DEBUG FXGLAssetLoaderServi - Loading from file system: jar:file:///C:/Users/jcnva/.m2/repository/com/github/almasb/fxgl/17+dev-SNAPSHOT/fxgl-17+dev-20220405.192649-40.jar!/fxglassets/ui/css/fxgl_dark.css
12:51:01.588 [FXGL Background Thread 1 ] DEBUG GameApplicationServi - Initializing application scenes
12:51:01.622 [FXGL Background Thread 1 ] DEBUG FXGLAssetLoaderServi - Loading from file system: file:/C:/Users/jcnva/IdeaProjects/AlmasBGame/target/classes/assets/textures/player.png
12:51:01.639 [FXGL Background Thread 1 ] DEBUG GameWorld            - Game world initialized
12:51:01.684 [FXGL Background Thread 1 ] DEBUG PhysicsWorld         - Physics world initialized: appHeight=720, physics.ppm=50,0
12:51:01.685 [FXGL Background Thread 1 ] DEBUG PhysicsWorld         - Using strategy: BRUTE_FORCE
12:51:01.688 [FXGL Background Thread 1 ] DEBUG GameScene            - Game scene initialized: 1280x720
12:51:01.695 [FXGL Background Thread 1 ] DEBUG FXGL.DefaultMenu     - createMenuBodyGameMenu()
12:51:01.707 [FXGL Background Thread 1 ] DEBUG FXGL.DefaultMenu     - createOptionsMenu()
12:51:01.718 [FXGL Background Thread 1 ] DEBUG FXGLAssetLoaderServi - Loading from file system: jar:file:///C:/Users/jcnva/.m2/repository/com/github/almasb/fxgl/17+dev-SNAPSHOT/fxgl-17+dev-20220405.192649-40.jar!/fxglassets/textures/particles/smoke.png
12:51:01.779 [FXGL Background Thread 1 ] DEBUG FXGLAssetLoaderServi - Loading from file system: jar:file:///C:/Users/jcnva/.m2/repository/com/github/almasb/fxgl/17+dev-SNAPSHOT/fxgl-17+dev-20220405.192649-40.jar!/fxglassets/textures/particles/trace_horizontal.png
12:51:01.804 [FXGL Background Thread 1 ] DEBUG GameApplicationServi - Application scenes initialized
12:51:01.814 [FXGL Background Thread 1 ] DEBUG SystemBundleService  - Loading FXGL system data
12:51:01.818 [FXGL Background Thread 1 ] DEBUG FileSystemAccess     - Reading from: C:\Users\jcnva\IdeaProjects\AlmasBGame\system\fxgl.bundle
12:51:01.824 [FXGL Background Thread 1 ] DEBUG SystemBundleService  - Bundle FXGL: {}
12:51:01.824 [FXGL Background Thread 1 ] DEBUG UpdaterService       - Checking for updates
12:51:01.826 [FXGL Background Thread 4 ] DEBUG FXGLApplication      - Loading fonts
12:51:01.827 [FXGL Background Thread 1 ] DEBUG FXGLApplication      - Loading default localization
12:51:01.827 [FXGL Background Thread 4 ] DEBUG FXGLAssetLoaderServi - Loading from file system: jar:file:///C:/Users/jcnva/.m2/repository/com/github/almasb/fxgl/17+dev-SNAPSHOT/fxgl-17+dev-20220405.192649-40.jar!/fxglassets/ui/fonts/VarelaRound-Regular.ttf
12:51:01.827 [FXGL Background Thread 1 ] DEBUG FXGLAssetLoaderServi - Loading from file system: jar:file:///C:/Users/jcnva/.m2/repository/com/github/almasb/fxgl/17+dev-SNAPSHOT/fxgl-17+dev-20220405.192649-40.jar!/fxglassets/languages/english.lang
12:51:01.840 [FXGL Background Thread 1 ] INFO  FXGLApplication      - FXGL initialization took: 0,321 sec
12:51:01.849 [JavaFX Application Thread] DEBUG Input                - Registered new binding: Left - A
12:51:01.850 [JavaFX Application Thread] DEBUG Input                - Registered new binding: Right - D
12:51:01.850 [JavaFX Application Thread] DEBUG Input                - Registered new binding: Jump - W
12:51:01.850 [JavaFX Application Thread] DEBUG Input                - Registered new binding: Use - E
12:51:01.850 [JavaFX Application Thread] WARN  FXGLAssetLoaderServi - Asset "/assets/music/BGM_dash_runner.wav" was not found!
12:51:01.850 [JavaFX Application Thread] WARN  FXGLAssetLoaderServi - Failed to load MUSIC
12:51:01.854 [JavaFX Application Thread] DEBUG AudioPlayer          - Playing music com.almasb.fxgl.audio.Music@46526f45
12:51:01.854 [JavaFX Application Thread] DEBUG FXGLAssetLoaderServi - Loading from file system: jar:file:///C:/Users/jcnva/.m2/repository/com/github/almasb/fxgl/17+dev-SNAPSHOT/fxgl-17+dev-20220405.192649-40.jar!/fxglassets/textures/fxgl_icon.png
12:51:01.874 [FXGL Background Thread 4 ] DEBUG FXGLAssetLoaderServi - Loading from file system: jar:file:///C:/Users/jcnva/.m2/repository/com/github/almasb/fxgl/17+dev-SNAPSHOT/fxgl-17+dev-20220405.192649-40.jar!/fxglassets/ui/fonts/Abel-Regular.ttf
12:51:01.877 [JavaFX Application Thread] DEBUG FXGLAssetLoaderServi - Loading from file system: jar:file:///C:/Users/jcnva/.m2/repository/com/github/almasb/fxgl/17+dev-SNAPSHOT/fxgl-17+dev-20220405.192649-40.jar!/fxglassets/textures/fxgl_default_cursor.png
12:51:01.877 [FXGL Background Thread 4 ] DEBUG FXGLAssetLoaderServi - Loading from file system: jar:file:///C:/Users/jcnva/.m2/repository/com/github/almasb/fxgl/17+dev-SNAPSHOT/fxgl-17+dev-20220405.192649-40.jar!/fxglassets/ui/fonts/TerminalLandMono-Regular.otf
12:51:01.879 [JavaFX Application Thread] DEBUG Input                - Registered new binding: Screenshot - CTRL+8
12:51:01.880 [JavaFX Application Thread] DEBUG Input                - Registered new binding: System info dump - CTRL+9
12:51:01.880 [JavaFX Application Thread] DEBUG Input                - Registered new binding: Restart - CTRL+R
12:51:01.881 [JavaFX Application Thread] DEBUG Input                - Registered new binding: Toggle Debug Camera - CTRL+7
12:51:01.881 [FXGL Background Thread 4 ] DEBUG FXGLAssetLoaderServi - Loading from file system: jar:file:///C:/Users/jcnva/.m2/repository/com/github/almasb/fxgl/17+dev-SNAPSHOT/fxgl-17+dev-20220405.192649-40.jar!/fxglassets/ui/fonts/Courier-Prime.ttf
12:51:01.883 [JavaFX Application Thread] DEBUG LoopRunner           - Starting loop
12:51:01.883 [JavaFX Application Thread] DEBUG LoopRunner           - Initializing JavaFX AnimationTimerLoop
12:51:01.885 [JavaFX Application Thread] DEBUG GameApplicationServi - Starting new game
12:51:01.885 [JavaFX Application Thread] DEBUG Input                - Clearing active input actions
12:51:01.895 [JavaFX Application Thread] DEBUG GameApplicationServi - Removing overlay from FXGLStartupScene and adding to MainLoadingScene
12:51:01.896 [JavaFX Application Thread] DEBUG PrimaryStageWindow   - FXGLStartupScene -> MainLoadingScene
12:51:01.896 [JavaFX Application Thread] DEBUG GameApplicationServi - Clearing previous game
12:51:01.896 [JavaFX Application Thread] DEBUG GameScene            - Clearing game scene
12:51:01.896 [JavaFX Application Thread] DEBUG GameWorld            - Clearing game world
12:51:01.896 [JavaFX Application Thread] DEBUG PhysicsWorld         - Clearing physics world
12:51:01.899 [FXGL Background Thread 4 ] DEBUG FXGLApplication      - Initializing game
12:51:01.901 [JavaFX Application Thread] DEBUG FXGLApplication      - Registering font factories with UI factory
12:51:01.954 [FXGL Background Thread 4 ] WARN  TMXLevelLoader       - TiledMap generated from 1.2.3. Supported version: 1.4.2. Some features may not be parsed fully.
12:51:01.958 [FXGL Background Thread 4 ] DEBUG TMXLevelLoader       - Parsed TiledMap: file:/C:/Users/jcnva/IdeaProjects/AlmasBGame/target/classes/assets/levels/tmx/level1.tmx
12:51:01.959 [FXGL Background Thread 4 ] DEBUG TMXLevelLoader       - Creating tile layer entities
12:51:01.960 [FXGL Background Thread 4 ] DEBUG TilesetLoader        - Loading view for layer Tile Layer 1
12:51:01.967 [FXGL Background Thread 4 ] DEBUG TilesetLoader        - Created buffer with size 1050.0x700.0
12:51:01.980 [FXGL Background Thread 4 ] DEBUG TMXLevelLoader       - Creating object layer entities
12:51:01.994 [FXGL Background Thread 4 ] DEBUG GameWorld            - Clearing removable entities
12:51:01.995 [FXGL Background Thread 4 ] DEBUG GameWorld            - Setting level: com.almasb.fxgl.entity.level.Level@4aef8aa5
12:51:02.020 [FXGL Background Thread 4 ] DEBUG FXGLAssetLoaderServi - Loading from file system: file:/C:/Users/jcnva/IdeaProjects/AlmasBGame/target/classes/assets/textures/background/forest.png
12:51:02.034 [FXGL Background Thread 4 ] INFO  FXGLApplication      - Game initialization took: 0,135 sec
12:51:02.034 [JavaFX Application Thread] DEBUG Input                - Clearing active input actions
12:51:02.038 [JavaFX Application Thread] DEBUG GameApplicationServi - Removing overlay from MainLoadingScene and adding to GameScene
12:51:02.038 [JavaFX Application Thread] DEBUG PrimaryStageWindow   - MainLoadingScene -> GameScene
12:51:02.124 [FXGL Background Thread 2 ] INFO  UpdaterService       - Your current version:  17+dev-SNAPSHOT
12:51:02.124 [FXGL Background Thread 2 ] INFO  UpdaterService       - Latest stable version: 17.1
12:51:04.827 [FXGL Background Thread 3 ] DEBUG Engine               - Logging environment variables
12:51:04.828 [FXGL Background Thread 3 ] DEBUG Engine               - achievements: []
12:51:04.828 [FXGL Background Thread 3 ] DEBUG Engine               - actualHeight: 720.0
12:51:04.828 [FXGL Background Thread 3 ] DEBUG Engine               - actualHeightProperty: ReadOnlyDoubleProperty [value: 720.0]
12:51:04.828 [FXGL Background Thread 3 ] DEBUG Engine               - actualWidth: 1280.0
12:51:04.828 [FXGL Background Thread 3 ] DEBUG Engine               - actualWidthProperty: ReadOnlyDoubleProperty [value: 1280.0]
12:51:04.828 [FXGL Background Thread 3 ] DEBUG Engine               - appIcon: fxgl_icon.png
12:51:04.828 [FXGL Background Thread 3 ] DEBUG Engine               - applicationMode: DEVELOPER
12:51:04.828 [FXGL Background Thread 3 ] DEBUG Engine               - cSSList: [fxgl_dark.css]
12:51:04.828 [FXGL Background Thread 3 ] DEBUG Engine               - collisionDetectionStrategy: BRUTE_FORCE
12:51:04.829 [FXGL Background Thread 3 ] DEBUG Engine               - configClass: Optional.empty
12:51:04.829 [FXGL Background Thread 3 ] DEBUG Engine               - credits: []
12:51:04.829 [FXGL Background Thread 3 ] DEBUG Engine               - defaultCursor: CursorInfo(imageName=fxgl_default_cursor.png, hotspotX=7.0, hotspotY=6.0)
12:51:04.829 [FXGL Background Thread 3 ] DEBUG Engine               - devBBoxColorProperty: ObjectProperty [value: 0xff0000ff]
12:51:04.829 [FXGL Background Thread 3 ] DEBUG Engine               - devEnableDebugCameraProperty: BooleanProperty [value: false]
12:51:04.829 [FXGL Background Thread 3 ] DEBUG Engine               - devSensorColorProperty: ObjectProperty [value: 0xffff00ff]
12:51:04.830 [FXGL Background Thread 3 ] DEBUG Engine               - devShowBBoxProperty: BooleanProperty [value: false]
12:51:04.830 [FXGL Background Thread 3 ] DEBUG Engine               - devShowPositionProperty: BooleanProperty [value: false]
12:51:04.830 [FXGL Background Thread 3 ] DEBUG Engine               - enabledMenuItems: []
12:51:04.830 [FXGL Background Thread 3 ] DEBUG Engine               - engineServices: [class com.almasb.fxgl.app.services.FXGLAssetLoaderService, class com.almasb.fxgl.app.FXGLApplication$GameApplicationService, class com.almasb.fxgl.app.services.FXGLDialogService, class com.almasb.fxgl.app.services.IOTaskExecutorService, class com.almasb.fxgl.io.FileSystemService, class com.almasb.fxgl.localization.LocalizationService, class com.almasb.fxgl.app.services.SystemBundleService, class com.almasb.fxgl.profile.SaveLoadService, class com.almasb.fxgl.ui.FXGLUIFactoryServiceProvider, class com.almasb.fxgl.ui.FXGLDialogFactoryServiceProvider, class com.almasb.fxgl.audio.AudioPlayer, class com.almasb.fxgl.notification.impl.NotificationServiceProvider, class com.almasb.fxgl.achievement.AchievementService, class com.almasb.fxgl.cutscene.CutsceneService, class com.almasb.fxgl.minigames.MiniGameService, class com.almasb.fxgl.net.NetService, class com.almasb.fxgl.app.services.UpdaterService, class com.almasb.fxgl.dev.DevService]
12:51:04.830 [FXGL Background Thread 3 ] DEBUG Engine               - fontGame: Abel-Regular.ttf
12:51:04.830 [FXGL Background Thread 3 ] DEBUG Engine               - fontMono: TerminalLandMono-Regular.otf
12:51:04.830 [FXGL Background Thread 3 ] DEBUG Engine               - fontText: Courier-Prime.ttf
12:51:04.830 [FXGL Background Thread 3 ] DEBUG Engine               - fontUI: VarelaRound-Regular.ttf
12:51:04.830 [FXGL Background Thread 3 ] DEBUG Engine               - fullScreen: BooleanProperty [value: false]
12:51:04.830 [FXGL Background Thread 3 ] DEBUG Engine               - gameDifficulty: MEDIUM
12:51:04.830 [FXGL Background Thread 3 ] DEBUG Engine               - gameDifficultyProperty: ObjectProperty [value: MEDIUM]
12:51:04.830 [FXGL Background Thread 3 ] DEBUG Engine               - globalMusicVolume: 0.5
12:51:04.830 [FXGL Background Thread 3 ] DEBUG Engine               - globalMusicVolumeProperty: DoubleProperty [value: 0.25]
12:51:04.830 [FXGL Background Thread 3 ] DEBUG Engine               - globalSoundVolume: 0.5
12:51:04.831 [FXGL Background Thread 3 ] DEBUG Engine               - globalSoundVolumeProperty: DoubleProperty [value: 0.5]
12:51:04.831 [FXGL Background Thread 3 ] DEBUG Engine               - height: 720
12:51:04.831 [FXGL Background Thread 3 ] DEBUG Engine               - is3D: false
12:51:04.831 [FXGL Background Thread 3 ] DEBUG Engine               - isAndroid: false
12:51:04.831 [FXGL Background Thread 3 ] DEBUG Engine               - isBrowser: false
12:51:04.831 [FXGL Background Thread 3 ] DEBUG Engine               - isClickFeedbackEnabled: false
12:51:04.831 [FXGL Background Thread 3 ] DEBUG Engine               - isCloseConfirmation: false
12:51:04.831 [FXGL Background Thread 3 ] DEBUG Engine               - isDesktop: true
12:51:04.831 [FXGL Background Thread 3 ] DEBUG Engine               - isDeveloperMenuEnabled: false
12:51:04.831 [FXGL Background Thread 3 ] DEBUG Engine               - isEmbedded: false
12:51:04.832 [FXGL Background Thread 3 ] DEBUG Engine               - isEntityPreloadEnabled: true
12:51:04.832 [FXGL Background Thread 3 ] DEBUG Engine               - isExperimentalTiledLargeMap: false
12:51:04.832 [FXGL Background Thread 3 ] DEBUG Engine               - isFileSystemWriteAllowed: true
12:51:04.832 [FXGL Background Thread 3 ] DEBUG Engine               - isFullScreenAllowed: false
12:51:04.832 [FXGL Background Thread 3 ] DEBUG Engine               - isFullScreenFromStart: false
12:51:04.832 [FXGL Background Thread 3 ] DEBUG Engine               - isGameMenuEnabled: true
12:51:04.832 [FXGL Background Thread 3 ] DEBUG Engine               - isIOS: false
12:51:04.832 [FXGL Background Thread 3 ] DEBUG Engine               - isIntroEnabled: false
12:51:04.832 [FXGL Background Thread 3 ] DEBUG Engine               - isLinux: false
12:51:04.832 [FXGL Background Thread 3 ] DEBUG Engine               - isMac: false
12:51:04.832 [FXGL Background Thread 3 ] DEBUG Engine               - isMainMenuEnabled: false
12:51:04.832 [FXGL Background Thread 3 ] DEBUG Engine               - isManualResizeEnabled: false
12:51:04.832 [FXGL Background Thread 3 ] DEBUG Engine               - isMobile: false
12:51:04.832 [FXGL Background Thread 3 ] DEBUG Engine               - isNative: false
12:51:04.832 [FXGL Background Thread 3 ] DEBUG Engine               - isPauseMusicWhenMinimized: true
12:51:04.832 [FXGL Background Thread 3 ] DEBUG Engine               - isPreserveResizeRatio: false
12:51:04.833 [FXGL Background Thread 3 ] DEBUG Engine               - isProfilingEnabled: false
12:51:04.833 [FXGL Background Thread 3 ] DEBUG Engine               - isScaleAffectedOnResize: true
12:51:04.833 [FXGL Background Thread 3 ] DEBUG Engine               - isSingleStep: false
12:51:04.833 [FXGL Background Thread 3 ] DEBUG Engine               - isUserProfileEnabled: false
12:51:04.833 [FXGL Background Thread 3 ] DEBUG Engine               - isWindows: true
12:51:04.833 [FXGL Background Thread 3 ] DEBUG Engine               - language: ObjectProperty [value: ENGLISH]
12:51:04.833 [FXGL Background Thread 3 ] DEBUG Engine               - menuKey: ESCAPE
12:51:04.833 [FXGL Background Thread 3 ] DEBUG Engine               - mouseSensitivity: 0.2
12:51:04.833 [FXGL Background Thread 3 ] DEBUG Engine               - notificationViewClass: class com.almasb.fxgl.notification.view.XboxNotificationView
12:51:04.833 [FXGL Background Thread 3 ] DEBUG Engine               - pixelsPerMeter: 50.0
12:51:04.833 [FXGL Background Thread 3 ] DEBUG Engine               - platform: WINDOWS
12:51:04.834 [FXGL Background Thread 3 ] DEBUG Engine               - prefHeightProperty: ReadOnlyDoubleProperty [value: 720.0]
12:51:04.834 [FXGL Background Thread 3 ] DEBUG Engine               - prefWidthProperty: ReadOnlyDoubleProperty [value: 1280.0]
12:51:04.834 [FXGL Background Thread 3 ] DEBUG Engine               - profileDir: profiles/
12:51:04.834 [FXGL Background Thread 3 ] DEBUG Engine               - profileName: StringProperty [value: DEFAULT]
12:51:04.834 [FXGL Background Thread 3 ] DEBUG Engine               - randomSeed: -1
12:51:04.834 [FXGL Background Thread 3 ] DEBUG Engine               - runtimeInfo: RuntimeInfo(platform=WINDOWS, version=17+dev-SNAPSHOT, build=05.04.2022 19.26)
12:51:04.834 [FXGL Background Thread 3 ] DEBUG Engine               - saveFileExt: sav
12:51:04.834 [FXGL Background Thread 3 ] DEBUG Engine               - scaledHeightProp$fxgl: DoubleProperty [bound, value: 720.0]
12:51:04.835 [FXGL Background Thread 3 ] DEBUG Engine               - scaledWidthProp$fxgl: DoubleProperty [bound, value: 1280.0]
12:51:04.835 [FXGL Background Thread 3 ] DEBUG Engine               - sceneFactory: com.almasb.fxglgames.platformer.PlatformerApp$1@6a889312
12:51:04.835 [FXGL Background Thread 3 ] DEBUG Engine               - secondsIn24h: 60
12:51:04.835 [FXGL Background Thread 3 ] DEBUG Engine               - soundMenuBack: menu/back.wav
12:51:04.835 [FXGL Background Thread 3 ] DEBUG Engine               - soundMenuPress: menu/press.wav
12:51:04.835 [FXGL Background Thread 3 ] DEBUG Engine               - soundMenuSelect: menu/select.wav
12:51:04.835 [FXGL Background Thread 3 ] DEBUG Engine               - soundNotification: core/notification.wav
12:51:04.835 [FXGL Background Thread 3 ] DEBUG Engine               - stageStyle: DECORATED
12:51:04.835 [FXGL Background Thread 3 ] DEBUG Engine               - supportedLanguages: [ENGLISH, FRENCH, GERMAN, HUNGARIAN, RUSSIAN]
12:51:04.835 [FXGL Background Thread 3 ] DEBUG Engine               - ticksPerSecond: -1
12:51:04.835 [FXGL Background Thread 3 ] DEBUG Engine               - title: Untitled
12:51:04.835 [FXGL Background Thread 3 ] DEBUG Engine               - urlGithub: https://github.com/AlmasB/FXGL
12:51:04.835 [FXGL Background Thread 3 ] DEBUG Engine               - urlLeaderboard: http://fxgl-top.herokuapp.com/
12:51:04.835 [FXGL Background Thread 3 ] DEBUG Engine               - urlPOM: https://raw.githubusercontent.com/AlmasB/FXGL/release/README.md
12:51:04.835 [FXGL Background Thread 3 ] DEBUG Engine               - userAppClass: class com.almasb.fxglgames.platformer.PlatformerApp
12:51:04.835 [FXGL Background Thread 3 ] DEBUG Engine               - version: 0.0
12:51:04.836 [FXGL Background Thread 3 ] DEBUG Engine               - versionCheckDays: 7
12:51:04.836 [FXGL Background Thread 3 ] DEBUG Engine               - width: 1280
12:51:04.836 [FXGL Background Thread 3 ] DEBUG Engine               - Logging services
12:51:04.836 [FXGL Background Thread 3 ] DEBUG Engine               - class com.almasb.fxgl.app.services.FXGLAssetLoaderService
12:51:04.836 [FXGL Background Thread 3 ] DEBUG Engine               - class com.almasb.fxgl.app.FXGLApplication$GameApplicationService
12:51:04.836 [FXGL Background Thread 3 ] DEBUG Engine               - class com.almasb.fxgl.app.services.FXGLDialogService
12:51:04.836 [FXGL Background Thread 3 ] DEBUG Engine               - class com.almasb.fxgl.app.services.IOTaskExecutorService
12:51:04.836 [FXGL Background Thread 3 ] DEBUG Engine               - class com.almasb.fxgl.io.FileSystemService
12:51:04.836 [FXGL Background Thread 3 ] DEBUG Engine               - class com.almasb.fxgl.localization.LocalizationService
12:51:04.836 [FXGL Background Thread 3 ] DEBUG Engine               - class com.almasb.fxgl.app.services.SystemBundleService
12:51:04.836 [FXGL Background Thread 3 ] DEBUG Engine               - class com.almasb.fxgl.profile.SaveLoadService
12:51:04.836 [FXGL Background Thread 3 ] DEBUG Engine               - class com.almasb.fxgl.ui.FXGLUIFactoryServiceProvider
12:51:04.836 [FXGL Background Thread 3 ] DEBUG Engine               - class com.almasb.fxgl.ui.FXGLDialogFactoryServiceProvider
12:51:04.836 [FXGL Background Thread 3 ] DEBUG Engine               - class com.almasb.fxgl.audio.AudioPlayer
12:51:04.836 [FXGL Background Thread 3 ] DEBUG Engine               - class com.almasb.fxgl.notification.impl.NotificationServiceProvider
12:51:04.837 [FXGL Background Thread 3 ] DEBUG Engine               - class com.almasb.fxgl.achievement.AchievementService
12:51:04.837 [FXGL Background Thread 3 ] DEBUG Engine               - class com.almasb.fxgl.cutscene.CutsceneService
12:51:04.837 [FXGL Background Thread 3 ] DEBUG Engine               - class com.almasb.fxgl.minigames.MiniGameService
12:51:04.837 [FXGL Background Thread 3 ] DEBUG Engine               - class com.almasb.fxgl.net.NetService
12:51:04.837 [FXGL Background Thread 3 ] DEBUG Engine               - class com.almasb.fxgl.app.services.UpdaterService
12:51:04.837 [FXGL Background Thread 3 ] DEBUG Engine               - class com.almasb.fxgl.dev.DevService
12:51:05.443 [JavaFX Application Thread] DEBUG FXGLApplication      - Exiting FXGL
12:51:05.443 [JavaFX Application Thread] DEBUG LoopRunner           - Stopping loop
12:51:05.443 [JavaFX Application Thread] DEBUG SystemBundleService  - Saving FXGL system data
12:51:05.445 [JavaFX Application Thread] DEBUG FileSystemAccess     - Writing to: C:\Users\jcnva\IdeaProjects\AlmasBGame\system\fxgl.bundle
12:51:05.447 [JavaFX Application Thread] DEBUG Async                - Shutting down background threads
12:51:05.447 [JavaFX Application Thread] DEBUG PrimaryStageWindow   - Closing main window
12:51:05.460 [JavaFX Application Thread] DEBUG Logger               - Closing Logger
