12:17:47.344 [main                     ] DEBUG Logger               - Configured Logger
12:17:47.367 [main                     ] DEBUG GameApplication      - Logging settings
Title: Untitled
Version: 0.0
Width: 1280
Height: 720
Fullscreen: false
Intro: false
Profiling: false
Single step:false
App Mode: DEVELOPER
Menu Key: ESCAPE
Stage Style: DECORATED
Scene Factory: class com.almasb.fxglgames.platformer.PlatformerApp$1

12:17:47.637 [JavaFX Application Thread] DEBUG FXGLApplication      - Initializing FXGL
12:17:47.641 [JavaFX Application Thread] INFO  Engine               - FXGL-17+dev-SNAPSHOT (05.04.2022 19.26) on WINDOWS (J:17.0.1 FX:18)
12:17:47.642 [JavaFX Application Thread] DEBUG Engine               - JRE Vendor Name: Oracle Corporation
12:17:47.642 [JavaFX Application Thread] DEBUG Engine               - Running on OS: Windows 10 version 10.0
12:17:47.642 [JavaFX Application Thread] DEBUG Engine               - Architecture: amd64
12:17:47.642 [JavaFX Application Thread] INFO  Engine               - Source code and latest versions at: https://github.com/AlmasB/FXGL
12:17:47.642 [JavaFX Application Thread] INFO  Engine               -       Ask questions and discuss at: https://github.com/AlmasB/FXGL/discussions
12:17:47.643 [JavaFX Application Thread] INFO  Engine               -              Join the FXGL chat at: https://gitter.im/AlmasB/FXGL
12:17:47.704 [JavaFX Application Thread] DEBUG PrimaryStageWindow   - Creating a JavaFX scene
12:17:47.735 [JavaFX Application Thread] DEBUG PrimaryStageWindow   - Target settings size: 1280.0 x 720.0
12:17:47.735 [JavaFX Application Thread] DEBUG PrimaryStageWindow   - Scaled scene size:    1280.0 x 720.0
12:17:47.735 [JavaFX Application Thread] DEBUG PrimaryStageWindow   - Scaled ratio: (1.0, 1.0)
12:17:47.736 [JavaFX Application Thread] DEBUG PrimaryStageWindow   - Set initial scene to FXGLStartupScene
12:17:47.741 [JavaFX Application Thread] DEBUG PrimaryStageWindow   - Opening main window
12:17:47.803 [JavaFX Application Thread] DEBUG PrimaryStageWindow   - Window border size: (14.4000244140625, 37.5999755859375)
12:17:47.804 [JavaFX Application Thread] DEBUG PrimaryStageWindow   - Scaled size: 1280.0 x 720.0
12:17:47.804 [JavaFX Application Thread] DEBUG PrimaryStageWindow   - Scaled ratio: (1.0, 1.0)
12:17:47.804 [JavaFX Application Thread] DEBUG PrimaryStageWindow   - Scene size: 1280.0 x 720.0
12:17:47.804 [JavaFX Application Thread] DEBUG PrimaryStageWindow   - Stage size: 1294.4000244140625 x 757.5999755859375
12:17:47.810 [FXGL Background Thread 1 ] DEBUG Engine               - Initializing environment variables
12:17:47.833 [FXGL Background Thread 1 ] DEBUG FXGLAssetLoaderServi - User app class for loading assets: class com.almasb.fxglgames.platformer.PlatformerApp
12:17:47.834 [FXGL Background Thread 1 ] DEBUG GameApplicationServi - Applying CSS: fxgl_dark.css
12:17:47.835 [FXGL Background Thread 1 ] DEBUG FXGLAssetLoaderServi - Loading from file system: jar:file:///C:/Users/jcnva/.m2/repository/com/github/almasb/fxgl/17+dev-SNAPSHOT/fxgl-17+dev-20220405.192649-40.jar!/fxglassets/ui/css/fxgl_dark.css
12:17:47.868 [FXGL Background Thread 1 ] DEBUG GameApplicationServi - Initializing application scenes
12:17:47.902 [FXGL Background Thread 1 ] DEBUG FXGLAssetLoaderServi - Loading from file system: file:/C:/Users/jcnva/IdeaProjects/AlmasBGame/target/classes/assets/textures/player.png
12:17:47.916 [FXGL Background Thread 1 ] DEBUG GameWorld            - Game world initialized
12:17:47.958 [FXGL Background Thread 1 ] DEBUG PhysicsWorld         - Physics world initialized: appHeight=720, physics.ppm=50,0
12:17:47.958 [FXGL Background Thread 1 ] DEBUG PhysicsWorld         - Using strategy: BRUTE_FORCE
12:17:47.961 [FXGL Background Thread 1 ] DEBUG GameScene            - Game scene initialized: 1280x720
12:17:47.968 [FXGL Background Thread 1 ] DEBUG FXGL.DefaultMenu     - createMenuBodyGameMenu()
12:17:47.981 [FXGL Background Thread 1 ] DEBUG FXGL.DefaultMenu     - createOptionsMenu()
12:17:47.991 [FXGL Background Thread 1 ] DEBUG FXGLAssetLoaderServi - Loading from file system: jar:file:///C:/Users/jcnva/.m2/repository/com/github/almasb/fxgl/17+dev-SNAPSHOT/fxgl-17+dev-20220405.192649-40.jar!/fxglassets/textures/particles/smoke.png
12:17:48.044 [FXGL Background Thread 1 ] DEBUG FXGLAssetLoaderServi - Loading from file system: jar:file:///C:/Users/jcnva/.m2/repository/com/github/almasb/fxgl/17+dev-SNAPSHOT/fxgl-17+dev-20220405.192649-40.jar!/fxglassets/textures/particles/trace_horizontal.png
12:17:48.066 [FXGL Background Thread 1 ] DEBUG GameApplicationServi - Application scenes initialized
12:17:48.075 [FXGL Background Thread 1 ] DEBUG SystemBundleService  - Loading FXGL system data
12:17:48.078 [FXGL Background Thread 1 ] DEBUG FileSystemAccess     - Reading from: C:\Users\jcnva\IdeaProjects\AlmasBGame\system\fxgl.bundle
12:17:48.082 [FXGL Background Thread 1 ] DEBUG SystemBundleService  - Bundle FXGL: {}
12:17:48.083 [FXGL Background Thread 1 ] DEBUG UpdaterService       - Checking for updates
12:17:48.085 [FXGL Background Thread 4 ] DEBUG FXGLApplication      - Loading fonts
12:17:48.086 [FXGL Background Thread 1 ] DEBUG FXGLApplication      - Loading default localization
12:17:48.086 [FXGL Background Thread 4 ] DEBUG FXGLAssetLoaderServi - Loading from file system: jar:file:///C:/Users/jcnva/.m2/repository/com/github/almasb/fxgl/17+dev-SNAPSHOT/fxgl-17+dev-20220405.192649-40.jar!/fxglassets/ui/fonts/VarelaRound-Regular.ttf
12:17:48.086 [FXGL Background Thread 1 ] DEBUG FXGLAssetLoaderServi - Loading from file system: jar:file:///C:/Users/jcnva/.m2/repository/com/github/almasb/fxgl/17+dev-SNAPSHOT/fxgl-17+dev-20220405.192649-40.jar!/fxglassets/languages/english.lang
12:17:48.101 [FXGL Background Thread 1 ] INFO  FXGLApplication      - FXGL initialization took: 0,291 sec
12:17:48.112 [JavaFX Application Thread] DEBUG Input                - Registered new binding: Left - A
12:17:48.112 [JavaFX Application Thread] DEBUG Input                - Registered new binding: Right - D
12:17:48.113 [JavaFX Application Thread] DEBUG Input                - Registered new binding: Jump - W
12:17:48.113 [JavaFX Application Thread] DEBUG Input                - Registered new binding: Use - E
12:17:48.113 [JavaFX Application Thread] WARN  FXGLAssetLoaderServi - Asset "/assets/music/BGM_dash_runner.wav" was not found!
12:17:48.113 [JavaFX Application Thread] WARN  FXGLAssetLoaderServi - Failed to load MUSIC
12:17:48.117 [JavaFX Application Thread] DEBUG AudioPlayer          - Playing music com.almasb.fxgl.audio.Music@142a1915
12:17:48.117 [JavaFX Application Thread] DEBUG FXGLAssetLoaderServi - Loading from file system: jar:file:///C:/Users/jcnva/.m2/repository/com/github/almasb/fxgl/17+dev-SNAPSHOT/fxgl-17+dev-20220405.192649-40.jar!/fxglassets/textures/fxgl_icon.png
12:17:48.130 [FXGL Background Thread 4 ] DEBUG FXGLAssetLoaderServi - Loading from file system: jar:file:///C:/Users/jcnva/.m2/repository/com/github/almasb/fxgl/17+dev-SNAPSHOT/fxgl-17+dev-20220405.192649-40.jar!/fxglassets/ui/fonts/Abel-Regular.ttf
12:17:48.133 [FXGL Background Thread 4 ] DEBUG FXGLAssetLoaderServi - Loading from file system: jar:file:///C:/Users/jcnva/.m2/repository/com/github/almasb/fxgl/17+dev-SNAPSHOT/fxgl-17+dev-20220405.192649-40.jar!/fxglassets/ui/fonts/TerminalLandMono-Regular.otf
12:17:48.136 [JavaFX Application Thread] DEBUG FXGLAssetLoaderServi - Loading from file system: jar:file:///C:/Users/jcnva/.m2/repository/com/github/almasb/fxgl/17+dev-SNAPSHOT/fxgl-17+dev-20220405.192649-40.jar!/fxglassets/textures/fxgl_default_cursor.png
12:17:48.138 [FXGL Background Thread 4 ] DEBUG FXGLAssetLoaderServi - Loading from file system: jar:file:///C:/Users/jcnva/.m2/repository/com/github/almasb/fxgl/17+dev-SNAPSHOT/fxgl-17+dev-20220405.192649-40.jar!/fxglassets/ui/fonts/Courier-Prime.ttf
12:17:48.138 [JavaFX Application Thread] DEBUG Input                - Registered new binding: Screenshot - CTRL+8
12:17:48.138 [JavaFX Application Thread] DEBUG Input                - Registered new binding: System info dump - CTRL+9
12:17:48.139 [JavaFX Application Thread] DEBUG Input                - Registered new binding: Restart - CTRL+R
12:17:48.140 [JavaFX Application Thread] DEBUG Input                - Registered new binding: Toggle Debug Camera - CTRL+7
12:17:48.143 [JavaFX Application Thread] DEBUG LoopRunner           - Starting loop
12:17:48.143 [JavaFX Application Thread] DEBUG LoopRunner           - Initializing JavaFX AnimationTimerLoop
12:17:48.147 [JavaFX Application Thread] DEBUG GameApplicationServi - Starting new game
12:17:48.148 [JavaFX Application Thread] DEBUG Input                - Clearing active input actions
12:17:48.159 [JavaFX Application Thread] DEBUG GameApplicationServi - Removing overlay from FXGLStartupScene and adding to MainLoadingScene
12:17:48.159 [JavaFX Application Thread] DEBUG PrimaryStageWindow   - FXGLStartupScene -> MainLoadingScene
12:17:48.159 [JavaFX Application Thread] DEBUG GameApplicationServi - Clearing previous game
12:17:48.159 [JavaFX Application Thread] DEBUG GameScene            - Clearing game scene
12:17:48.159 [JavaFX Application Thread] DEBUG GameWorld            - Clearing game world
12:17:48.159 [JavaFX Application Thread] DEBUG PhysicsWorld         - Clearing physics world
12:17:48.162 [JavaFX Application Thread] DEBUG FXGLApplication      - Registering font factories with UI factory
12:17:48.162 [FXGL Background Thread 4 ] DEBUG FXGLApplication      - Initializing game
12:17:48.227 [FXGL Background Thread 4 ] WARN  TMXLevelLoader       - TiledMap generated from 1.2.3. Supported version: 1.4.2. Some features may not be parsed fully.
12:17:48.239 [FXGL Background Thread 4 ] DEBUG TMXLevelLoader       - Parsed TiledMap: file:/C:/Users/jcnva/IdeaProjects/AlmasBGame/target/classes/assets/levels/tmx/level1.tmx
12:17:48.240 [FXGL Background Thread 4 ] DEBUG TMXLevelLoader       - Creating tile layer entities
12:17:48.241 [FXGL Background Thread 4 ] DEBUG TilesetLoader        - Loading view for layer Tile Layer 1
12:17:48.242 [FXGL Background Thread 4 ] DEBUG TilesetLoader        - Created buffer with size 1050.0x700.0
12:17:48.255 [FXGL Background Thread 4 ] DEBUG TMXLevelLoader       - Creating object layer entities
12:17:48.272 [FXGL Background Thread 4 ] DEBUG GameWorld            - Clearing removable entities
12:17:48.273 [FXGL Background Thread 4 ] DEBUG GameWorld            - Setting level: com.almasb.fxgl.entity.level.Level@28c72f03
12:17:48.294 [FXGL Background Thread 4 ] DEBUG FXGLAssetLoaderServi - Loading from file system: file:/C:/Users/jcnva/IdeaProjects/AlmasBGame/target/classes/assets/textures/background/forest.png
12:17:48.309 [FXGL Background Thread 4 ] INFO  FXGLApplication      - Game initialization took: 0,147 sec
12:17:48.310 [JavaFX Application Thread] DEBUG Input                - Clearing active input actions
12:17:48.314 [JavaFX Application Thread] DEBUG GameApplicationServi - Removing overlay from MainLoadingScene and adding to GameScene
12:17:48.314 [JavaFX Application Thread] DEBUG PrimaryStageWindow   - MainLoadingScene -> GameScene
12:17:48.411 [FXGL Background Thread 2 ] INFO  UpdaterService       - Your current version:  17+dev-SNAPSHOT
12:17:48.411 [FXGL Background Thread 2 ] INFO  UpdaterService       - Latest stable version: 17.1
12:17:50.897 [JavaFX Application Thread] DEBUG FXGLApplication      - Exiting FXGL
12:17:50.897 [JavaFX Application Thread] DEBUG LoopRunner           - Stopping loop
12:17:50.898 [JavaFX Application Thread] DEBUG SystemBundleService  - Saving FXGL system data
12:17:50.899 [JavaFX Application Thread] DEBUG FileSystemAccess     - Writing to: C:\Users\jcnva\IdeaProjects\AlmasBGame\system\fxgl.bundle
12:17:50.901 [JavaFX Application Thread] DEBUG Async                - Shutting down background threads
12:17:50.901 [JavaFX Application Thread] DEBUG PrimaryStageWindow   - Closing main window
12:17:50.915 [JavaFX Application Thread] DEBUG Logger               - Closing Logger
